2024-11-12 13:08:45,643 [INFO] Activator:176 - 


2024-11-12 13:08:45,651 [INFO] Activator:177 - !SESSION log4j initialized
2024-11-12 13:08:54,689 [INFO] LogOutputStream:77 - [STDOUT_REDIRECT] 
2024-11-12 13:08:55,235 [ERROR] ConfigurationRetriever:142 - IOException on connection: sw-center.st.com
2024-11-12 13:08:55,236 [ERROR] ConfigurationRetriever:142 - IOException on connection: sw-center.st.com
2024-11-12 13:08:55,237 [ERROR] ConfigurationRetriever:142 - IOException on connection: sw-center.st.com
2024-11-12 13:08:55,239 [ERROR] ConfigurationRetriever:142 - IOException on connection: sw-center.st.com
2024-11-12 13:08:55,241 [ERROR] ConfigurationRetriever:142 - IOException on connection: sw-center.st.com
2024-11-12 13:08:55,242 [ERROR] ConfigurationRetriever:142 - IOException on connection: sw-center.st.com
2024-11-12 13:08:57,303 [INFO] ApplicationProperties:184 - Using Application install path: C:\ST\STM32CubeIDE_1.16.1\STM32CubeIDE\plugins\com.st.stm32cube.common.mx_6.12.1.202409122256
2024-11-12 13:08:57,328 [INFO] DbMcusXml:78 - Set database path to: C:\ST\STM32CubeIDE_1.16.1\STM32CubeIDE\plugins\com.st.stm32cube.common.mx_6.12.1.202409122256\\db\/mcu/
2024-11-12 13:08:57,328 [INFO] ApiDb:274 - Set plugin database path to: C:\ST\STM32CubeIDE_1.16.1\STM32CubeIDE\plugins\com.st.stm32cube.common.mx_6.12.1.202409122256\\db\/plugins/boardmanager/
2024-11-12 13:08:57,329 [WARN] ApiDb:259 - Overriding images path with different value:  => C:\ST\STM32CubeIDE_1.16.1\STM32CubeIDE\plugins\com.st.stm32cube.common.mx_6.12.1.202409122256\\db\/plugins/mcufinder/images/
2024-11-12 13:08:57,341 [INFO] ApiDb:250 - Set database path to: C:\Users\tankc\.stmcufinder\plugins\mcufinder//mcu/
2024-11-12 13:08:57,342 [INFO] DbMcusAds:125 - Set database path to: C:\Users\tankc\.stmcufinder\plugins\mcufinder//mcu/
2024-11-12 13:08:57,347 [INFO] CrossReferenceDbSqlite:203 - Set database path to: C:\Users\tankc\.stmcufinder\plugins\mcufinder//mcu/cs/
2024-11-12 13:08:57,566 [INFO] RulesReader:64 - Compatibility file has been processed (297 Rules)
2024-11-12 13:08:57,663 [INFO] DbMcusXml:78 - Set database path to: C:\ST\STM32CubeIDE_1.16.1\STM32CubeIDE\plugins\com.st.stm32cube.common.mx_6.12.1.202409122256\\db\/mcu/
2024-11-12 13:08:57,663 [INFO] ApiDb:274 - Set plugin database path to: C:\ST\STM32CubeIDE_1.16.1\STM32CubeIDE\plugins\com.st.stm32cube.common.mx_6.12.1.202409122256\\db\/plugins/boardmanager/
2024-11-12 13:08:57,663 [INFO] ApiDb:261 - Set plugin images path to: C:\ST\STM32CubeIDE_1.16.1\STM32CubeIDE\plugins\com.st.stm32cube.common.mx_6.12.1.202409122256\\db\/plugins/mcufinder/images/
2024-11-12 13:08:57,664 [WARN] DbFile:41 - Overriding database path with different value: C:\Users\tankc\.stmcufinder\plugins\mcufinder/ => C:\Users\tankc\.stmcufinder\plugins\mcufinder
2024-11-12 13:08:57,664 [INFO] ApiDb:250 - Set database path to: C:\Users\tankc\.stmcufinder\plugins\mcufinder//mcu/
2024-11-12 13:08:57,664 [WARN] DbFile:41 - Overriding database path with different value: C:\Users\tankc\.stmcufinder\plugins\mcufinder/ => C:\Users\tankc\.stmcufinder\plugins\mcufinder
2024-11-12 13:08:57,664 [INFO] DbMcusAds:125 - Set database path to: C:\Users\tankc\.stmcufinder\plugins\mcufinder//mcu/
2024-11-12 13:08:57,664 [WARN] DbFile:41 - Overriding database path with different value: C:\Users\tankc\.stmcufinder\plugins\mcufinder/ => C:\Users\tankc\.stmcufinder\plugins\mcufinder
2024-11-12 13:08:57,664 [WARN] DbFile:41 - Overriding database path with different value: C:\Users\tankc\.stmcufinder\plugins\mcufinder/ => C:\Users\tankc\.stmcufinder\plugins\mcufinder
2024-11-12 13:08:57,664 [INFO] CrossReferenceDbSqlite:203 - Set database path to: C:\Users\tankc\.stmcufinder\plugins\mcufinder//mcu/cs/
2024-11-12 13:08:57,788 [INFO] MainPanel:268 - HeapMemory: 268435456
2024-11-12 13:08:57,932 [INFO] DbMcusXml:78 - Set database path to: C:\ST\STM32CubeIDE_1.16.1\STM32CubeIDE\plugins\com.st.stm32cube.common.mx_6.12.1.202409122256\\db\/mcu/
2024-11-12 13:08:57,933 [INFO] ApiDb:274 - Set plugin database path to: C:\ST\STM32CubeIDE_1.16.1\STM32CubeIDE\plugins\com.st.stm32cube.common.mx_6.12.1.202409122256\\db\/plugins/boardmanager/
2024-11-12 13:08:57,933 [INFO] ApiDb:261 - Set plugin images path to: C:\ST\STM32CubeIDE_1.16.1\STM32CubeIDE\plugins\com.st.stm32cube.common.mx_6.12.1.202409122256\\db\/plugins/mcufinder/images/
2024-11-12 13:08:57,933 [WARN] DbFile:41 - Overriding database path with different value: C:\Users\tankc\.stmcufinder\plugins\mcufinder/ => C:\Users\tankc\.stmcufinder\plugins\mcufinder
2024-11-12 13:08:57,934 [INFO] ApiDb:250 - Set database path to: C:\Users\tankc\.stmcufinder\plugins\mcufinder//mcu/
2024-11-12 13:08:57,934 [WARN] DbFile:41 - Overriding database path with different value: C:\Users\tankc\.stmcufinder\plugins\mcufinder/ => C:\Users\tankc\.stmcufinder\plugins\mcufinder
2024-11-12 13:08:57,934 [INFO] DbMcusAds:125 - Set database path to: C:\Users\tankc\.stmcufinder\plugins\mcufinder//mcu/
2024-11-12 13:08:57,934 [WARN] DbFile:41 - Overriding database path with different value: C:\Users\tankc\.stmcufinder\plugins\mcufinder/ => C:\Users\tankc\.stmcufinder\plugins\mcufinder
2024-11-12 13:08:57,934 [WARN] DbFile:41 - Overriding database path with different value: C:\Users\tankc\.stmcufinder\plugins\mcufinder/ => C:\Users\tankc\.stmcufinder\plugins\mcufinder
2024-11-12 13:08:57,934 [INFO] CrossReferenceDbSqlite:203 - Set database path to: C:\Users\tankc\.stmcufinder\plugins\mcufinder//mcu/cs/
2024-11-12 13:08:57,968 [INFO] ApplicationProperties:184 - Using Application install path: C:\ST\STM32CubeIDE_1.16.1\STM32CubeIDE\plugins\com.st.stm32cube.common.mx_6.12.1.202409122256
2024-11-12 13:08:57,971 [INFO] PluginManage:196 - Search for loadable plugins [exclusion list=, ]
2024-11-12 13:08:57,972 [INFO] PluginManage:310 - Check plugin analytics
2024-11-12 13:08:58,320 [INFO] AnalyticsPlugin:253 - Accepted Software Licenses: STM32CubeMX.6.12.1
2024-11-12 13:08:58,321 [INFO] AnalyticsPlugin:255 - Accepted CMSIS Pack Licenses: 
2024-11-12 13:08:58,321 [INFO] AnalyticsPlugin:257 - Accepted Firmware Licenses: FW.F4.1.28.0,FW.C0.1.2.0
2024-11-12 13:08:58,325 [INFO] PluginManage:359 - Loaded plugin analytics (category:tool,tabindex:-1)
2024-11-12 13:08:58,325 [INFO] PluginManage:310 - Check plugin cadmodel
2024-11-12 13:08:58,331 [INFO] CADModel:105 - Init CAD model plugin
2024-11-12 13:08:58,331 [INFO] PluginManage:359 - Loaded plugin cadmodel (category:power,tabindex:5)
2024-11-12 13:08:58,332 [INFO] PluginManage:310 - Check plugin clock
2024-11-12 13:08:58,343 [INFO] PluginManage:359 - Loaded plugin clock (category:base,tabindex:2)
2024-11-12 13:08:58,345 [INFO] PluginManage:310 - Check plugin ddr
2024-11-12 13:08:58,349 [INFO] PluginManage:359 - Loaded plugin ddr (category:tool,tabindex:6)
2024-11-12 13:08:58,350 [INFO] PluginManage:310 - Check plugin filemanager
2024-11-12 13:08:58,359 [ERROR] ConfigurationRetriever:142 - IOException on connection: sw-center.st.com
2024-11-12 13:08:58,361 [ERROR] ConfigurationRetriever:142 - IOException on connection: sw-center.st.com
2024-11-12 13:08:58,362 [ERROR] ConfigurationRetriever:142 - IOException on connection: sw-center.st.com
2024-11-12 13:08:58,585 [INFO] PluginManage:359 - Loaded plugin filemanager (category:base,tabindex:10)
2024-11-12 13:08:58,585 [INFO] PluginManage:310 - Check plugin ipmanager
2024-11-12 13:08:58,596 [INFO] PluginManage:359 - Loaded plugin ipmanager (category:base,tabindex:5)
2024-11-12 13:08:58,596 [INFO] PluginManage:310 - Check plugin lpbam
2024-11-12 13:08:58,615 [INFO] PluginManage:359 - Loaded plugin lpbam (category:base,tabindex:0)
2024-11-12 13:08:58,616 [INFO] PluginManage:310 - Check plugin memorymap
2024-11-12 13:08:58,637 [INFO] PluginManage:359 - Loaded plugin memorymap (category:base,tabindex:4)
2024-11-12 13:08:58,637 [INFO] PluginManage:310 - Check plugin pinoutandconfiguration
2024-11-12 13:08:58,651 [INFO] PluginManage:359 - Loaded plugin pinoutandconfiguration (category:base,tabindex:1)
2024-11-12 13:08:58,651 [INFO] PluginManage:310 - Check plugin pinoutconfig
2024-11-12 13:08:58,805 [WARN] SupportedApi:132 - Cannot load RTOS API schema: s4s-elt-must-match.1: The content of 'definitions' must match (annotation?, (simpleType | complexType)?, (unique | key | keyref)*)). A problem was found starting at: attribute.
2024-11-12 13:08:59,019 [INFO] PluginManage:359 - Loaded plugin pinoutconfig (category:base,tabindex:0)
2024-11-12 13:08:59,019 [INFO] PluginManage:310 - Check plugin power
2024-11-12 13:08:59,035 [INFO] PluginManage:359 - Loaded plugin power (category:power,tabindex:4)
2024-11-12 13:08:59,035 [INFO] PluginManage:310 - Check plugin projectmanager
2024-11-12 13:08:59,066 [INFO] PluginManage:359 - Loaded plugin projectmanager (category:projectmanager,tabindex:4)
2024-11-12 13:08:59,066 [INFO] PluginManage:310 - Check plugin rif
2024-11-12 13:08:59,074 [INFO] PluginManage:359 - Loaded plugin rif (category:base,tabindex:3)
2024-11-12 13:08:59,074 [INFO] PluginManage:310 - Check plugin thirdparty
2024-11-12 13:08:59,303 [INFO] PluginManage:359 - Loaded plugin thirdparty (category:base,tabindex:-1)
2024-11-12 13:08:59,303 [INFO] PluginManage:310 - Check plugin tools
2024-11-12 13:08:59,306 [INFO] PluginManage:359 - Loaded plugin tools (category:base,tabindex:7)
2024-11-12 13:08:59,306 [INFO] PluginManage:310 - Check plugin tutovideos
2024-11-12 13:08:59,314 [WARN] IntegrityCheckThread:84 - waiting for thirdparty lock release [integrity check]
2024-11-12 13:08:59,314 [INFO] IntegrityCheckThread:86 - entering critical section [integrity check]
2024-11-12 13:08:59,315 [INFO] ThirdPartyUpdaterWithRetryManager:70 - Updater plugin not ready yet. [1/15]
2024-11-12 13:08:59,642 [INFO] PluginManage:359 - Loaded plugin tutovideos (category:base,tabindex:-1)
2024-11-12 13:08:59,642 [INFO] PluginManage:310 - Check plugin updater
2024-11-12 13:08:59,686 [INFO] PluginManage:359 - Loaded plugin updater (category:base,tabindex:12)
2024-11-12 13:08:59,687 [INFO] PluginManage:310 - Check plugin userauth
2024-11-12 13:08:59,696 [INFO] UserAuth:113 - Init User Auth plugin
2024-11-12 13:08:59,696 [INFO] PluginManage:359 - Loaded plugin userauth (category:base,tabindex:14)
2024-11-12 13:08:59,698 [INFO] PluginManage:283 - PluginManage : Loaded plugins [18]
2024-11-12 13:09:00,052 [INFO] PinOutPanel:1561 - setPackage(No Configuration,No Configuration)
2024-11-12 13:09:00,188 [INFO] CADModel:165 - CPN selected for project level
2024-11-12 13:09:00,189 [INFO] CADModel:114 - Register for checkConnection events
2024-11-12 13:09:00,213 [INFO] IPUIPlugin:80 - create IPUIPlugin
2024-11-12 13:09:00,214 [INFO] PluginManager:220 - loadIPPluginJar : add adc
2024-11-12 13:09:00,219 [INFO] IPUIPlugin:80 - create IPUIPlugin
2024-11-12 13:09:00,219 [INFO] PluginManager:220 - loadIPPluginJar : add aes
2024-11-12 13:09:00,226 [INFO] IPUIPlugin:80 - create IPUIPlugin
2024-11-12 13:09:00,226 [INFO] PluginManager:220 - loadIPPluginJar : add can
2024-11-12 13:09:00,228 [INFO] IPUIPlugin:80 - create IPUIPlugin
2024-11-12 13:09:00,228 [INFO] PluginManager:220 - loadIPPluginJar : add comp
2024-11-12 13:09:00,231 [INFO] IPUIPlugin:80 - create IPUIPlugin
2024-11-12 13:09:00,232 [INFO] PluginManager:220 - loadIPPluginJar : add cryp
2024-11-12 13:09:00,235 [INFO] IPUIPlugin:80 - create IPUIPlugin
2024-11-12 13:09:00,236 [INFO] PluginManager:220 - loadIPPluginJar : add ddr_ctrl_phy
2024-11-12 13:09:00,239 [INFO] IPUIPlugin:80 - create IPUIPlugin
2024-11-12 13:09:00,239 [INFO] PluginManager:220 - loadIPPluginJar : add dfsdm
2024-11-12 13:09:00,265 [INFO] IPUIPlugin:80 - create IPUIPlugin
2024-11-12 13:09:00,284 [INFO] PluginManager:220 - loadIPPluginJar : add dma
2024-11-12 13:09:00,290 [INFO] IPUIPlugin:80 - create IPUIPlugin
2024-11-12 13:09:00,290 [INFO] PluginManager:220 - loadIPPluginJar : add dma3
2024-11-12 13:09:00,294 [INFO] IPUIPlugin:80 - create IPUIPlugin
2024-11-12 13:09:00,294 [INFO] PluginManager:220 - loadIPPluginJar : add extmemmanager
2024-11-12 13:09:00,297 [INFO] IPUIPlugin:80 - create IPUIPlugin
2024-11-12 13:09:00,297 [INFO] PluginManager:220 - loadIPPluginJar : add fatfs
2024-11-12 13:09:00,303 [INFO] IPUIPlugin:80 - create IPUIPlugin
2024-11-12 13:09:00,303 [INFO] PluginManager:220 - loadIPPluginJar : add fmc
2024-11-12 13:09:00,318 [INFO] IPUIPlugin:80 - create IPUIPlugin
2024-11-12 13:09:00,318 [INFO] PluginManager:220 - loadIPPluginJar : add freertos
2024-11-12 13:09:00,321 [INFO] IPUIPlugin:80 - create IPUIPlugin
2024-11-12 13:09:00,321 [INFO] PluginManager:220 - loadIPPluginJar : add genericplugin
2024-11-12 13:09:00,324 [INFO] IPUIPlugin:80 - create IPUIPlugin
2024-11-12 13:09:00,324 [INFO] PluginManager:220 - loadIPPluginJar : add gfxmmu
2024-11-12 13:09:00,330 [INFO] IPUIPlugin:80 - create IPUIPlugin
2024-11-12 13:09:00,331 [INFO] PluginManager:220 - loadIPPluginJar : add gic
2024-11-12 13:09:00,339 [INFO] IPUIPlugin:80 - create IPUIPlugin
2024-11-12 13:09:00,339 [INFO] PluginManager:220 - loadIPPluginJar : add gpio
2024-11-12 13:09:00,344 [INFO] IPUIPlugin:80 - create IPUIPlugin
2024-11-12 13:09:00,345 [INFO] PluginManager:220 - loadIPPluginJar : add gtzc
2024-11-12 13:09:00,348 [INFO] IPUIPlugin:80 - create IPUIPlugin
2024-11-12 13:09:00,348 [INFO] PluginManager:220 - loadIPPluginJar : add hash
2024-11-12 13:09:00,353 [INFO] IPUIPlugin:80 - create IPUIPlugin
2024-11-12 13:09:00,353 [INFO] PluginManager:220 - loadIPPluginJar : add i2c
2024-11-12 13:09:00,358 [INFO] IPUIPlugin:80 - create IPUIPlugin
2024-11-12 13:09:00,358 [INFO] PluginManager:220 - loadIPPluginJar : add i2s
2024-11-12 13:09:00,363 [INFO] IPUIPlugin:80 - create IPUIPlugin
2024-11-12 13:09:00,363 [INFO] PluginManager:220 - loadIPPluginJar : add i3c
2024-11-12 13:09:00,368 [INFO] IPUIPlugin:80 - create IPUIPlugin
2024-11-12 13:09:00,370 [INFO] PluginManager:220 - loadIPPluginJar : add ipddr
2024-11-12 13:09:00,381 [INFO] IPUIPlugin:80 - create IPUIPlugin
2024-11-12 13:09:00,381 [INFO] PluginManager:220 - loadIPPluginJar : add linkedlist
2024-11-12 13:09:00,384 [INFO] IPUIPlugin:80 - create IPUIPlugin
2024-11-12 13:09:00,384 [INFO] PluginManager:220 - loadIPPluginJar : add lorawan
2024-11-12 13:09:00,387 [INFO] IPUIPlugin:80 - create IPUIPlugin
2024-11-12 13:09:00,388 [INFO] PluginManager:220 - loadIPPluginJar : add ltdc
2024-11-12 13:09:00,396 [INFO] IPUIPlugin:80 - create IPUIPlugin
2024-11-12 13:09:00,396 [INFO] PluginManager:220 - loadIPPluginJar : add mdma
2024-11-12 13:09:00,401 [INFO] IPUIPlugin:80 - create IPUIPlugin
2024-11-12 13:09:00,401 [INFO] PluginManager:220 - loadIPPluginJar : add nvic
2024-11-12 13:09:00,405 [INFO] IPUIPlugin:80 - create IPUIPlugin
2024-11-12 13:09:00,405 [INFO] PluginManager:220 - loadIPPluginJar : add opamp
2024-11-12 13:09:00,409 [INFO] IPUIPlugin:80 - create IPUIPlugin
2024-11-12 13:09:00,409 [INFO] PluginManager:220 - loadIPPluginJar : add openamp
2024-11-12 13:09:00,413 [INFO] IPUIPlugin:80 - create IPUIPlugin
2024-11-12 13:09:00,413 [INFO] PluginManager:220 - loadIPPluginJar : add pdm2pcm
2024-11-12 13:09:00,422 [INFO] IPUIPlugin:80 - create IPUIPlugin
2024-11-12 13:09:00,425 [INFO] PluginManager:220 - loadIPPluginJar : add plateformsettings
2024-11-12 13:09:00,430 [INFO] IPUIPlugin:80 - create IPUIPlugin
2024-11-12 13:09:00,430 [INFO] PluginManager:220 - loadIPPluginJar : add quadspi
2024-11-12 13:09:00,432 [INFO] IPUIPlugin:80 - create IPUIPlugin
2024-11-12 13:09:00,433 [INFO] PluginManager:220 - loadIPPluginJar : add radio
2024-11-12 13:09:00,438 [INFO] IPUIPlugin:80 - create IPUIPlugin
2024-11-12 13:09:00,438 [INFO] PluginManager:220 - loadIPPluginJar : add resmgrutility
2024-11-12 13:09:00,442 [INFO] IPUIPlugin:80 - create IPUIPlugin
2024-11-12 13:09:00,442 [INFO] PluginManager:220 - loadIPPluginJar : add sai
2024-11-12 13:09:00,449 [INFO] IPUIPlugin:80 - create IPUIPlugin
2024-11-12 13:09:00,450 [INFO] PluginManager:220 - loadIPPluginJar : add spi
2024-11-12 13:09:00,457 [INFO] IPUIPlugin:80 - create IPUIPlugin
2024-11-12 13:09:00,457 [INFO] PluginManager:220 - loadIPPluginJar : add stm32_wpan
2024-11-12 13:09:00,463 [INFO] IPUIPlugin:80 - create IPUIPlugin
2024-11-12 13:09:00,463 [INFO] PluginManager:220 - loadIPPluginJar : add tim
2024-11-12 13:09:00,467 [INFO] IPUIPlugin:80 - create IPUIPlugin
2024-11-12 13:09:00,468 [INFO] PluginManager:220 - loadIPPluginJar : add touchsensing
2024-11-12 13:09:00,470 [INFO] IPUIPlugin:80 - create IPUIPlugin
2024-11-12 13:09:00,470 [INFO] PluginManager:220 - loadIPPluginJar : add tracer_emb
2024-11-12 13:09:00,473 [INFO] IPUIPlugin:80 - create IPUIPlugin
2024-11-12 13:09:00,473 [INFO] PluginManager:220 - loadIPPluginJar : add ts
2024-11-12 13:09:00,475 [INFO] IPUIPlugin:80 - create IPUIPlugin
2024-11-12 13:09:00,475 [INFO] PluginManager:220 - loadIPPluginJar : add tsc
2024-11-12 13:09:00,477 [INFO] IPUIPlugin:80 - create IPUIPlugin
2024-11-12 13:09:00,477 [INFO] PluginManager:220 - loadIPPluginJar : add ucpd
2024-11-12 13:09:00,481 [INFO] IPUIPlugin:80 - create IPUIPlugin
2024-11-12 13:09:00,481 [INFO] PluginManager:220 - loadIPPluginJar : add usart
2024-11-12 13:09:00,484 [INFO] IPUIPlugin:80 - create IPUIPlugin
2024-11-12 13:09:00,484 [INFO] PluginManager:220 - loadIPPluginJar : add usbx
2024-11-12 13:09:00,664 [INFO] CADModel:165 - CPN selected for project level
2024-11-12 13:09:00,664 [INFO] CADModel:114 - Register for checkConnection events
2024-11-12 13:09:00,665 [FATAL] Updater:334 - Updater called before beeing initialized
2024-11-12 13:09:00,665 [ERROR] CADModel:125 - Updater not yet initialized, retry later 
2024-11-12 13:09:00,887 [INFO] CADModel:165 - CPN selected for project level
2024-11-12 13:09:00,887 [INFO] CADModel:114 - Register for checkConnection events
2024-11-12 13:09:00,887 [FATAL] Updater:334 - Updater called before beeing initialized
2024-11-12 13:09:00,887 [ERROR] CADModel:125 - Updater not yet initialized, retry later 
2024-11-12 13:09:00,892 [FATAL] Updater:334 - Updater called before beeing initialized
2024-11-12 13:09:01,114 [FATAL] Updater:334 - Updater called before beeing initialized
2024-11-12 13:09:01,121 [INFO] DbMcusAds:53 - JSON generation date=Fri Sep 20 10:04:38 BRT 2024 (1726837478367)
2024-11-12 13:09:01,123 [FATAL] Updater:334 - Updater called before beeing initialized
2024-11-12 13:09:01,182 [WARN] DetailPanel:346 - Failed to get advertising image, set to default
2024-11-12 13:09:01,360 [FATAL] Updater:334 - Updater called before beeing initialized
2024-11-12 13:09:01,364 [FATAL] Updater:334 - Updater called before beeing initialized
2024-11-12 13:09:01,364 [FATAL] Updater:334 - Updater called before beeing initialized
2024-11-12 13:09:01,364 [WARN] DetailPanel:346 - Failed to get advertising image, set to default
2024-11-12 13:09:01,366 [FATAL] Updater:334 - Updater called before beeing initialized
2024-11-12 13:09:01,485 [ERROR] Updater:1164 - MainUpdater not yet initialized. External WinMGr cannot be set.
2024-11-12 13:09:01,488 [INFO] Updater:1100 - Updater Version found : 6.12.1
2024-11-12 13:09:01,518 [INFO] ApplicationProperties:184 - Using Application install path: C:\ST\STM32CubeIDE_1.16.1\STM32CubeIDE\plugins\com.st.stm32cube.common.mx_6.12.1.202409122256
2024-11-12 13:09:01,892 [INFO] MainUpdater:2873 - connection check result : 22
2024-11-12 13:09:01,893 [INFO] MainUpdater:290 - Updater Check For Update Now.
2024-11-12 13:09:01,893 [INFO] MicroXplorer:498 - Change Database Version : DB.6.0.121
2024-11-12 13:09:01,904 [INFO] McuFinderGlobals:63 - Set McuFinder mode to 2 (CubeIDE integrated)
2024-11-12 13:09:01,905 [INFO] UserAuth:417 - Internet connection configuration mode: 2
2024-11-12 13:09:01,915 [INFO] UserAuth:417 - Internet connection configuration mode: 2
2024-11-12 13:09:02,571 [INFO] CheckServerUpdateThread:120 - End of CheckServer Thread
2024-11-12 13:09:02,758 [WARN] PackLoader:240 - Cannot read IP mode file for STMicroelectronics.FP-SNS-MOTENVWB1.1.4.0
2024-11-12 13:09:02,785 [WARN] PackLoader:240 - Cannot read IP mode file for STMicroelectronics.X-CUBE-SMBUS.2.1.0
2024-11-12 13:09:02,818 [WARN] PackLoader:240 - Cannot read IP mode file for STMicroelectronics.X-CUBE-WB05N.1.1.0
2024-11-12 13:09:02,939 [WARN] PackLoader:240 - Cannot read IP mode file for STMicroelectronics.X-CUBE-AZRTOS-F7.1.1.0
2024-11-12 13:09:03,174 [WARN] PackLoader:240 - Cannot read IP mode file for STMicroelectronics.X-CUBE-MEMS1.11.0.0
2024-11-12 13:09:03,535 [WARN] PackLoader:240 - Cannot read IP mode file for STMicroelectronics.FP-SNS-FLIGHT1.5.0.2
2024-11-12 13:09:03,545 [WARN] PackLoader:240 - Cannot read IP mode file for STMicroelectronics.X-CUBE-DISPLAY.3.0.0
2024-11-12 13:09:03,559 [WARN] PackLoader:240 - Cannot read IP mode file for STMicroelectronics.X-CUBE-BLE1.7.0.0
2024-11-12 13:09:03,588 [WARN] PackLoader:240 - Cannot read IP mode file for STMicroelectronics.X-CUBE-NFC10.1.0.0
2024-11-12 13:09:03,599 [WARN] PackLoader:240 - Cannot read IP mode file for emotas.I-CUBE-CANOPEN.1.3.0
2024-11-12 13:09:03,622 [WARN] PackLoader:240 - Cannot read IP mode file for STMicroelectronics.X-CUBE-BLEMGR.3.1.0
2024-11-12 13:09:03,634 [WARN] PackLoader:240 - Cannot read IP mode file for STMicroelectronics.FP-SNS-SMARTAG2.1.2.0
2024-11-12 13:09:03,729 [INFO] LogOutputStream:77 - [STDOUT_REDIRECT] 1 : Invalid condition id : UX_CORESTACK_Condition cause : null
2024-11-12 13:09:03,730 [INFO] LogOutputStream:77 - [STDOUT_REDIRECT] 1 : Invalid condition id : UX_CORESTACK_Condition cause : null
2024-11-12 13:09:03,733 [INFO] LogOutputStream:77 - [STDOUT_REDIRECT] 1 : Invalid condition id : UX_CORESTACK_Condition cause : null
2024-11-12 13:09:03,737 [INFO] LogOutputStream:77 - [STDOUT_REDIRECT] 1 : Invalid condition id : UX_CORESTACK_Condition cause : null
2024-11-12 13:09:03,739 [INFO] LogOutputStream:77 - [STDOUT_REDIRECT] 1 : Invalid condition id : UX_CORESTACK_Condition cause : null
2024-11-12 13:09:03,778 [WARN] PackLoader:240 - Cannot read IP mode file for STMicroelectronics.X-CUBE-AZRTOS-WL.2.0.0
2024-11-12 13:09:03,799 [WARN] PackLoader:240 - Cannot read IP mode file for STMicroelectronics.FP-SNS-MOTENV1.5.0.0
2024-11-12 13:09:03,807 [WARN] PackLoader:240 - Cannot read IP mode file for wolfSSL.I-CUBE-wolfMQTT.1.19.0
2024-11-12 13:09:03,816 [WARN] PackLoader:240 - Cannot read IP mode file for WES.I-CUBE-Cesium.1.3.0
2024-11-12 13:09:03,822 [WARN] PackLoader:240 - Cannot read IP mode file for STMicroelectronics.X-CUBE-BLE2.3.3.0
2024-11-12 13:09:03,833 [WARN] PackLoader:240 - Cannot read IP mode file for STMicroelectronics.X-CUBE-NFC9.1.0.0
2024-11-12 13:09:03,842 [WARN] PackLoader:240 - Cannot read IP mode file for STMicroelectronics.X-CUBE-TCPP.4.1.0
2024-11-12 13:09:03,869 [WARN] PackLoader:240 - Cannot read IP mode file for STMicroelectronics.X-CUBE-AZRTOS-G0.1.1.0
2024-11-12 13:09:03,881 [WARN] PackLoader:240 - Cannot read IP mode file for STMicroelectronics.X-CUBE-SAFEA1.1.2.2
2024-11-12 13:09:03,889 [WARN] PackLoader:240 - Cannot read IP mode file for STMicroelectronics.X-CUBE-NFC4.3.0.0
2024-11-12 13:09:03,911 [WARN] PackLoader:240 - Cannot read IP mode file for EmbeddedOffice.I-CUBE-FS-RTOS.1.0.1
2024-11-12 13:09:03,911 [ERROR] ConditionMgr:805 - Attr not supported : Dmpu
2024-11-12 13:09:03,911 [ERROR] ConditionMgr:805 - Attr not supported : Dmpu
2024-11-12 13:09:03,911 [ERROR] ConditionMgr:805 - Attr not supported : Dmpu
2024-11-12 13:09:03,911 [ERROR] ConditionMgr:805 - Attr not supported : Dmpu
2024-11-12 13:09:03,911 [ERROR] ConditionMgr:805 - Attr not supported : Dmpu
2024-11-12 13:09:03,912 [ERROR] ConditionMgr:805 - Attr not supported : Dmpu
2024-11-12 13:09:03,912 [ERROR] ConditionMgr:805 - Attr not supported : Dmpu
2024-11-12 13:09:03,914 [ERROR] ConditionMgr:805 - Attr not supported : Dmpu
2024-11-12 13:09:03,915 [ERROR] ConditionMgr:805 - Attr not supported : Dmpu
2024-11-12 13:09:03,915 [ERROR] ConditionMgr:805 - Attr not supported : Dmpu
2024-11-12 13:09:03,915 [ERROR] ConditionMgr:805 - Attr not supported : Dmpu
2024-11-12 13:09:03,915 [ERROR] ConditionMgr:805 - Attr not supported : Dmpu
2024-11-12 13:09:03,916 [ERROR] ConditionMgr:805 - Attr not supported : Dmpu
2024-11-12 13:09:03,916 [ERROR] ConditionMgr:805 - Attr not supported : Dmpu
2024-11-12 13:09:03,916 [ERROR] ConditionMgr:805 - Attr not supported : Dmpu
2024-11-12 13:09:03,916 [ERROR] ConditionMgr:805 - Attr not supported : Dmpu
2024-11-12 13:09:03,917 [ERROR] ConditionMgr:805 - Attr not supported : Dmpu
2024-11-12 13:09:03,917 [ERROR] ConditionMgr:805 - Attr not supported : Dmpu
2024-11-12 13:09:03,917 [ERROR] ConditionMgr:805 - Attr not supported : Dmpu
2024-11-12 13:09:03,917 [ERROR] ConditionMgr:805 - Attr not supported : Dmpu
2024-11-12 13:09:03,917 [ERROR] ConditionMgr:805 - Attr not supported : Dmpu
2024-11-12 13:09:03,917 [ERROR] ConditionMgr:805 - Attr not supported : Dmpu
2024-11-12 13:09:03,917 [ERROR] ConditionMgr:805 - Attr not supported : Dmpu
2024-11-12 13:09:03,917 [ERROR] ConditionMgr:805 - Attr not supported : Dmpu
2024-11-12 13:09:03,917 [ERROR] ConditionMgr:805 - Attr not supported : Dmpu
2024-11-12 13:09:03,918 [ERROR] ConditionMgr:805 - Attr not supported : Dmpu
2024-11-12 13:09:03,918 [ERROR] ConditionMgr:805 - Attr not supported : Dmpu
2024-11-12 13:09:03,918 [ERROR] ConditionMgr:805 - Attr not supported : Dmpu
2024-11-12 13:09:03,919 [ERROR] ConditionMgr:805 - Attr not supported : Dmpu
2024-11-12 13:09:03,929 [ERROR] ConditionMgr:805 - Attr not supported : Dmpu
2024-11-12 13:09:03,944 [ERROR] ConditionMgr:805 - Attr not supported : Dmpu
2024-11-12 13:09:03,944 [ERROR] ConditionMgr:805 - Attr not supported : Dmpu
2024-11-12 13:09:03,944 [ERROR] ConditionMgr:805 - Attr not supported : Dmpu
2024-11-12 13:09:03,944 [ERROR] ConditionMgr:805 - Attr not supported : Dmpu
2024-11-12 13:09:03,944 [ERROR] ConditionMgr:805 - Attr not supported : Dmpu
2024-11-12 13:09:03,945 [ERROR] ConditionMgr:805 - Attr not supported : Dmpu
2024-11-12 13:09:03,945 [ERROR] ConditionMgr:805 - Attr not supported : Dmpu
2024-11-12 13:09:03,945 [ERROR] ConditionMgr:805 - Attr not supported : Dmpu
2024-11-12 13:09:03,945 [ERROR] ConditionMgr:805 - Attr not supported : Dmpu
2024-11-12 13:09:03,945 [ERROR] ConditionMgr:805 - Attr not supported : Dmpu
2024-11-12 13:09:03,945 [ERROR] ConditionMgr:805 - Attr not supported : Dmpu
2024-11-12 13:09:03,945 [ERROR] ConditionMgr:805 - Attr not supported : Dmpu
2024-11-12 13:09:03,945 [ERROR] ConditionMgr:805 - Attr not supported : Dmpu
2024-11-12 13:09:03,945 [ERROR] ConditionMgr:805 - Attr not supported : Dmpu
2024-11-12 13:09:03,945 [ERROR] ConditionMgr:805 - Attr not supported : Dmpu
2024-11-12 13:09:03,945 [ERROR] ConditionMgr:805 - Attr not supported : Dmpu
2024-11-12 13:09:03,945 [ERROR] ConditionMgr:805 - Attr not supported : Dmpu
2024-11-12 13:09:03,945 [ERROR] ConditionMgr:805 - Attr not supported : Dmpu
2024-11-12 13:09:03,945 [ERROR] ConditionMgr:805 - Attr not supported : Dmpu
2024-11-12 13:09:03,945 [ERROR] ConditionMgr:805 - Attr not supported : Dmpu
2024-11-12 13:09:03,946 [ERROR] ConditionMgr:805 - Attr not supported : Dmpu
2024-11-12 13:09:03,946 [ERROR] ConditionMgr:805 - Attr not supported : Dmpu
2024-11-12 13:09:03,946 [ERROR] ConditionMgr:805 - Attr not supported : Dmpu
2024-11-12 13:09:03,946 [ERROR] ConditionMgr:805 - Attr not supported : Dmpu
2024-11-12 13:09:03,946 [ERROR] ConditionMgr:805 - Attr not supported : Dmpu
2024-11-12 13:09:03,946 [ERROR] ConditionMgr:805 - Attr not supported : Dmpu
2024-11-12 13:09:03,946 [ERROR] ConditionMgr:805 - Attr not supported : Dmpu
2024-11-12 13:09:03,946 [ERROR] ConditionMgr:805 - Attr not supported : Dmpu
2024-11-12 13:09:03,946 [ERROR] ConditionMgr:805 - Attr not supported : Dmpu
2024-11-12 13:09:03,946 [ERROR] ConditionMgr:805 - Attr not supported : Dmpu
2024-11-12 13:09:03,946 [ERROR] ConditionMgr:805 - Attr not supported : Dmpu
2024-11-12 13:09:03,946 [ERROR] ConditionMgr:805 - Attr not supported : Dmpu
2024-11-12 13:09:03,946 [ERROR] ConditionMgr:805 - Attr not supported : Dmpu
2024-11-12 13:09:03,946 [ERROR] ConditionMgr:805 - Attr not supported : Dmpu
2024-11-12 13:09:03,955 [WARN] PackLoader:240 - Cannot read IP mode file for RealThread.X-CUBE-RT-Thread_Nano.4.1.1
2024-11-12 13:09:03,963 [WARN] PackLoader:240 - Cannot read IP mode file for STMicroelectronics.FP-ATR-SIGFOX1.3.2.0
2024-11-12 13:09:03,974 [WARN] PackLoader:240 - Cannot read IP mode file for STMicroelectronics.X-CUBE-EEPRMA1.5.1.0
2024-11-12 13:09:03,981 [WARN] PackLoader:240 - Cannot read IP mode file for wolfSSL.I-CUBE-wolfSSL.5.7.4
2024-11-12 13:09:03,989 [WARN] PackLoader:240 - Cannot read IP mode file for ITTIA_DB.I-CUBE-ITTIADB.8.9.0
2024-11-12 13:09:04,125 [WARN] PackLoader:240 - Cannot read IP mode file for SEGGER.I-CUBE-embOS.1.3.1
2024-11-12 13:09:04,198 [WARN] PackLoader:240 - Cannot read IP mode file for STMicroelectronics.X-CUBE-ALGOBUILD.1.4.0
2024-11-12 13:09:04,204 [WARN] PackLoader:240 - Cannot read IP mode file for STMicroelectronics.X-CUBE-AI.9.1.0
2024-11-12 13:09:04,242 [WARN] PackLoader:240 - Cannot read IP mode file for STMicroelectronics.X-CUBE-AZRTOS-F4.1.1.0
2024-11-12 13:09:04,253 [WARN] PackLoader:240 - Cannot read IP mode file for STMicroelectronics.X-CUBE-ISPU.2.1.0
2024-11-12 13:09:04,264 [WARN] PackLoader:240 - Cannot read IP mode file for STMicroelectronics.X-CUBE-FREERTOS.1.2.0
2024-11-12 13:09:04,293 [WARN] PackLoader:240 - Cannot read IP mode file for STMicroelectronics.X-CUBE-AZRTOS-L5.2.0.0
2024-11-12 13:09:04,307 [WARN] PackLoader:240 - Cannot read IP mode file for STMicroelectronics.X-CUBE-NFC6.3.1.0
2024-11-12 13:09:04,317 [WARN] PackLoader:240 - Cannot read IP mode file for STMicroelectronics.X-CUBE-DPower.1.2.0
2024-11-12 13:09:04,332 [WARN] PackLoader:240 - Cannot read IP mode file for STMicroelectronics.X-CUBE-NFC7.1.0.1
2024-11-12 13:09:04,363 [WARN] ConditionMgr:438 - getConditionDescription Invalid condition id : LAN8742 Phy interface Condition cause : null
2024-11-12 13:09:04,364 [WARN] PackLoader:240 - Cannot read IP mode file for STMicroelectronics.X-CUBE-AZRTOS-L4.2.0.0
2024-11-12 13:09:04,365 [WARN] ConditionMgr:1039 - genDependencies : Invalid condition id : LAN8742 Phy interface Condition cause : null
2024-11-12 13:09:04,366 [WARN] ConditionMgr:1039 - genDependencies : Invalid condition id : LAN8742 Phy interface Condition cause : null
2024-11-12 13:09:04,367 [WARN] ConditionMgr:1039 - genDependencies : Invalid condition id : LAN8742 Phy interface Condition cause : null
2024-11-12 13:09:04,378 [WARN] PackLoader:240 - Cannot read IP mode file for STMicroelectronics.X-CUBE-SFXS2LP1.4.0.0
2024-11-12 13:09:04,412 [WARN] PackLoader:240 - Cannot read IP mode file for STMicroelectronics.X-CUBE-AZRTOS-H7.3.3.0
2024-11-12 13:09:04,941 [WARN] PackLoader:240 - Cannot read IP mode file for STMicroelectronics.X-CUBE-IPS.3.0.0
2024-11-12 13:09:04,974 [WARN] ConditionMgr:438 - getConditionDescription Invalid condition id : UX DEVICE CLASS RTOS Condition cause : null
2024-11-12 13:09:04,974 [WARN] ConditionMgr:438 - getConditionDescription Invalid condition id : UX DEVICE CLASS RTOS Condition cause : null
2024-11-12 13:09:04,976 [WARN] PackLoader:240 - Cannot read IP mode file for STMicroelectronics.X-CUBE-AZRTOS-WB.2.0.0
2024-11-12 13:09:04,977 [WARN] ConditionMgr:1039 - genDependencies : Invalid condition id : UX DEVICE CLASS RTOS Condition cause : null
2024-11-12 13:09:04,977 [WARN] ConditionMgr:1039 - genDependencies : Invalid condition id : UX DEVICE CLASS RTOS Condition cause : null
2024-11-12 13:09:04,978 [WARN] ConditionMgr:1039 - genDependencies : Invalid condition id : UX DEVICE CLASS RTOS Condition cause : null
2024-11-12 13:09:04,979 [WARN] ConditionMgr:1039 - genDependencies : Invalid condition id : UX DEVICE CLASS RTOS Condition cause : null
2024-11-12 13:09:04,979 [WARN] ConditionMgr:1039 - genDependencies : Invalid condition id : UX DEVICE CLASS RTOS Condition cause : null
2024-11-12 13:09:04,996 [WARN] PackLoader:240 - Cannot read IP mode file for STMicroelectronics.X-CUBE-GNSS1.7.0.0
2024-11-12 13:09:05,008 [WARN] PackLoader:240 - Cannot read IP mode file for STMicroelectronics.FP-SNS-STBOX1.2.0.0
2024-11-12 13:09:05,026 [WARN] PackLoader:240 - Cannot read IP mode file for STMicroelectronics.X-CUBE-SUBG2.5.0.0
2024-11-12 13:09:05,039 [WARN] PackLoader:240 - Cannot read IP mode file for Cesanta.I-CUBE-Mongoose.7.13.0
2024-11-12 13:09:05,065 [WARN] PackLoader:240 - Cannot read IP mode file for STMicroelectronics.X-CUBE-AZRTOS-G4.2.0.0
2024-11-12 13:09:05,073 [WARN] PackLoader:240 - Cannot read IP mode file for STMicroelectronics.X-CUBE-ALS.1.0.2
2024-11-12 13:09:05,088 [WARN] PackLoader:240 - Cannot read IP mode file for STMicroelectronics.X-CUBE-TOUCHGFX.4.24.1
2024-11-12 13:09:05,094 [WARN] PackLoader:240 - Cannot read IP mode file for wolfSSL.I-CUBE-wolfTPM.3.4.0
2024-11-12 13:09:05,103 [WARN] PackLoader:240 - Cannot read IP mode file for portGmbH.I-Cube-SoM-uGOAL.1.1.0
2024-11-12 13:09:05,126 [WARN] PackLoader:240 - Cannot read IP mode file for STMicroelectronics.X-CUBE-AZRTOS-H7RS.1.0.0
2024-11-12 13:09:05,135 [WARN] PackLoader:240 - Cannot read IP mode file for STMicroelectronics.FP-ATR-ASTRA1.2.0.0
2024-11-12 13:09:05,149 [WARN] PackLoader:240 - Cannot read IP mode file for STMicroelectronics.X-CUBE-TOF1.3.4.2
2024-11-12 13:09:05,195 [WARN] PackLoader:240 - Cannot read IP mode file for Infineon.AIROC-Wi-Fi-Bluetooth-STM32.1.6.1
2024-11-12 13:09:05,203 [WARN] PackLoader:240 - Cannot read IP mode file for wolfSSL.I-CUBE-wolfSSH.1.4.17
2024-11-12 13:09:05,204 [INFO] ThirdParty:978 - Integrity check success = true
2024-11-12 13:09:05,204 [INFO] IntegrityCheckThread:100 - exiting critical section [integrity check]
2024-11-12 13:09:05,204 [INFO] IntegrityCheckThread:103 - End integrity checks thread
2024-11-12 13:09:07,978 [ERROR] ConfigurationRetriever:142 - IOException on connection: sw-center.st.com
2024-11-12 13:09:07,981 [ERROR] ConfigurationRetriever:142 - IOException on connection: sw-center.st.com
2024-11-12 13:09:07,982 [ERROR] ConfigurationRetriever:142 - IOException on connection: sw-center.st.com
