2024-11-14 11:58:31,093 [INFO] Activator:176 - 


2024-11-14 11:58:31,103 [INFO] Activator:177 - !SESSION log4j initialized
2024-11-14 11:58:40,205 [INFO] LogOutputStream:77 - [STDOUT_REDIRECT] 
2024-11-14 11:58:43,954 [INFO] ApplicationProperties:184 - Using Application install path: C:\ST\STM32CubeIDE_1.16.1\STM32CubeIDE\plugins\com.st.stm32cube.common.mx_6.12.1.202409122256
2024-11-14 11:58:43,997 [INFO] DbMcusXml:78 - Set database path to: C:\ST\STM32CubeIDE_1.16.1\STM32CubeIDE\plugins\com.st.stm32cube.common.mx_6.12.1.202409122256\\db\/mcu/
2024-11-14 11:58:43,999 [INFO] ApiDb:274 - Set plugin database path to: C:\ST\STM32CubeIDE_1.16.1\STM32CubeIDE\plugins\com.st.stm32cube.common.mx_6.12.1.202409122256\\db\/plugins/boardmanager/
2024-11-14 11:58:44,017 [WARN] ApiDb:259 - Overriding images path with different value:  => C:\ST\STM32CubeIDE_1.16.1\STM32CubeIDE\plugins\com.st.stm32cube.common.mx_6.12.1.202409122256\\db\/plugins/mcufinder/images/
2024-11-14 11:58:44,029 [INFO] ApiDb:250 - Set database path to: C:\Users\tankc\.stmcufinder\plugins\mcufinder//mcu/
2024-11-14 11:58:44,035 [INFO] DbMcusAds:125 - Set database path to: C:\Users\tankc\.stmcufinder\plugins\mcufinder//mcu/
2024-11-14 11:58:44,039 [INFO] CrossReferenceDbSqlite:203 - Set database path to: C:\Users\tankc\.stmcufinder\plugins\mcufinder//mcu/cs/
2024-11-14 11:58:44,330 [INFO] RulesReader:64 - Compatibility file has been processed (297 Rules)
2024-11-14 11:58:44,612 [INFO] DbMcusXml:78 - Set database path to: C:\ST\STM32CubeIDE_1.16.1\STM32CubeIDE\plugins\com.st.stm32cube.common.mx_6.12.1.202409122256\\db\/mcu/
2024-11-14 11:58:44,612 [INFO] ApiDb:274 - Set plugin database path to: C:\ST\STM32CubeIDE_1.16.1\STM32CubeIDE\plugins\com.st.stm32cube.common.mx_6.12.1.202409122256\\db\/plugins/boardmanager/
2024-11-14 11:58:44,613 [INFO] ApiDb:261 - Set plugin images path to: C:\ST\STM32CubeIDE_1.16.1\STM32CubeIDE\plugins\com.st.stm32cube.common.mx_6.12.1.202409122256\\db\/plugins/mcufinder/images/
2024-11-14 11:58:44,613 [WARN] DbFile:41 - Overriding database path with different value: C:\Users\tankc\.stmcufinder\plugins\mcufinder/ => C:\Users\tankc\.stmcufinder\plugins\mcufinder
2024-11-14 11:58:44,613 [INFO] ApiDb:250 - Set database path to: C:\Users\tankc\.stmcufinder\plugins\mcufinder//mcu/
2024-11-14 11:58:44,613 [WARN] DbFile:41 - Overriding database path with different value: C:\Users\tankc\.stmcufinder\plugins\mcufinder/ => C:\Users\tankc\.stmcufinder\plugins\mcufinder
2024-11-14 11:58:44,614 [INFO] DbMcusAds:125 - Set database path to: C:\Users\tankc\.stmcufinder\plugins\mcufinder//mcu/
2024-11-14 11:58:44,615 [WARN] DbFile:41 - Overriding database path with different value: C:\Users\tankc\.stmcufinder\plugins\mcufinder/ => C:\Users\tankc\.stmcufinder\plugins\mcufinder
2024-11-14 11:58:44,615 [WARN] DbFile:41 - Overriding database path with different value: C:\Users\tankc\.stmcufinder\plugins\mcufinder/ => C:\Users\tankc\.stmcufinder\plugins\mcufinder
2024-11-14 11:58:44,615 [INFO] CrossReferenceDbSqlite:203 - Set database path to: C:\Users\tankc\.stmcufinder\plugins\mcufinder//mcu/cs/
2024-11-14 11:58:44,759 [INFO] MainPanel:268 - HeapMemory: 268435456
2024-11-14 11:58:44,910 [INFO] DbMcusXml:78 - Set database path to: C:\ST\STM32CubeIDE_1.16.1\STM32CubeIDE\plugins\com.st.stm32cube.common.mx_6.12.1.202409122256\\db\/mcu/
2024-11-14 11:58:44,911 [INFO] ApiDb:274 - Set plugin database path to: C:\ST\STM32CubeIDE_1.16.1\STM32CubeIDE\plugins\com.st.stm32cube.common.mx_6.12.1.202409122256\\db\/plugins/boardmanager/
2024-11-14 11:58:44,911 [INFO] ApiDb:261 - Set plugin images path to: C:\ST\STM32CubeIDE_1.16.1\STM32CubeIDE\plugins\com.st.stm32cube.common.mx_6.12.1.202409122256\\db\/plugins/mcufinder/images/
2024-11-14 11:58:44,911 [WARN] DbFile:41 - Overriding database path with different value: C:\Users\tankc\.stmcufinder\plugins\mcufinder/ => C:\Users\tankc\.stmcufinder\plugins\mcufinder
2024-11-14 11:58:44,912 [INFO] ApiDb:250 - Set database path to: C:\Users\tankc\.stmcufinder\plugins\mcufinder//mcu/
2024-11-14 11:58:44,912 [WARN] DbFile:41 - Overriding database path with different value: C:\Users\tankc\.stmcufinder\plugins\mcufinder/ => C:\Users\tankc\.stmcufinder\plugins\mcufinder
2024-11-14 11:58:44,912 [INFO] DbMcusAds:125 - Set database path to: C:\Users\tankc\.stmcufinder\plugins\mcufinder//mcu/
2024-11-14 11:58:44,912 [WARN] DbFile:41 - Overriding database path with different value: C:\Users\tankc\.stmcufinder\plugins\mcufinder/ => C:\Users\tankc\.stmcufinder\plugins\mcufinder
2024-11-14 11:58:44,912 [WARN] DbFile:41 - Overriding database path with different value: C:\Users\tankc\.stmcufinder\plugins\mcufinder/ => C:\Users\tankc\.stmcufinder\plugins\mcufinder
2024-11-14 11:58:44,913 [INFO] CrossReferenceDbSqlite:203 - Set database path to: C:\Users\tankc\.stmcufinder\plugins\mcufinder//mcu/cs/
2024-11-14 11:58:44,948 [INFO] ApplicationProperties:184 - Using Application install path: C:\ST\STM32CubeIDE_1.16.1\STM32CubeIDE\plugins\com.st.stm32cube.common.mx_6.12.1.202409122256
2024-11-14 11:58:44,951 [INFO] PluginManage:196 - Search for loadable plugins [exclusion list=, ]
2024-11-14 11:58:44,954 [INFO] PluginManage:310 - Check plugin analytics
2024-11-14 11:58:45,551 [INFO] AnalyticsPlugin:253 - Accepted Software Licenses: STM32CubeMX.6.12.1
2024-11-14 11:58:45,552 [INFO] AnalyticsPlugin:255 - Accepted CMSIS Pack Licenses: 
2024-11-14 11:58:45,553 [INFO] AnalyticsPlugin:257 - Accepted Firmware Licenses: FW.F4.1.28.0,FW.C0.1.2.0
2024-11-14 11:58:45,558 [INFO] PluginManage:359 - Loaded plugin analytics (category:tool,tabindex:-1)
2024-11-14 11:58:45,559 [INFO] PluginManage:310 - Check plugin cadmodel
2024-11-14 11:58:45,566 [INFO] CADModel:105 - Init CAD model plugin
2024-11-14 11:58:45,566 [INFO] PluginManage:359 - Loaded plugin cadmodel (category:power,tabindex:5)
2024-11-14 11:58:45,567 [INFO] PluginManage:310 - Check plugin clock
2024-11-14 11:58:45,579 [INFO] PluginManage:359 - Loaded plugin clock (category:base,tabindex:2)
2024-11-14 11:58:45,580 [INFO] PluginManage:310 - Check plugin ddr
2024-11-14 11:58:45,583 [INFO] PluginManage:359 - Loaded plugin ddr (category:tool,tabindex:6)
2024-11-14 11:58:45,583 [INFO] PluginManage:310 - Check plugin filemanager
2024-11-14 11:58:45,854 [INFO] PluginManage:359 - Loaded plugin filemanager (category:base,tabindex:10)
2024-11-14 11:58:45,855 [INFO] PluginManage:310 - Check plugin ipmanager
2024-11-14 11:58:45,866 [INFO] PluginManage:359 - Loaded plugin ipmanager (category:base,tabindex:5)
2024-11-14 11:58:45,867 [INFO] PluginManage:310 - Check plugin lpbam
2024-11-14 11:58:45,883 [INFO] PluginManage:359 - Loaded plugin lpbam (category:base,tabindex:0)
2024-11-14 11:58:45,885 [INFO] PluginManage:310 - Check plugin memorymap
2024-11-14 11:58:45,906 [INFO] PluginManage:359 - Loaded plugin memorymap (category:base,tabindex:4)
2024-11-14 11:58:45,907 [INFO] PluginManage:310 - Check plugin pinoutandconfiguration
2024-11-14 11:58:45,926 [INFO] PluginManage:359 - Loaded plugin pinoutandconfiguration (category:base,tabindex:1)
2024-11-14 11:58:45,931 [INFO] PluginManage:310 - Check plugin pinoutconfig
2024-11-14 11:58:46,123 [WARN] SupportedApi:132 - Cannot load RTOS API schema: s4s-elt-must-match.1: The content of 'definitions' must match (annotation?, (simpleType | complexType)?, (unique | key | keyref)*)). A problem was found starting at: attribute.
2024-11-14 11:58:46,393 [INFO] PluginManage:359 - Loaded plugin pinoutconfig (category:base,tabindex:0)
2024-11-14 11:58:46,393 [INFO] PluginManage:310 - Check plugin power
2024-11-14 11:58:46,405 [INFO] PluginManage:359 - Loaded plugin power (category:power,tabindex:4)
2024-11-14 11:58:46,406 [INFO] PluginManage:310 - Check plugin projectmanager
2024-11-14 11:58:46,441 [INFO] PluginManage:359 - Loaded plugin projectmanager (category:projectmanager,tabindex:4)
2024-11-14 11:58:46,442 [INFO] PluginManage:310 - Check plugin rif
2024-11-14 11:58:46,451 [INFO] PluginManage:359 - Loaded plugin rif (category:base,tabindex:3)
2024-11-14 11:58:46,451 [INFO] PluginManage:310 - Check plugin thirdparty
2024-11-14 11:58:46,766 [INFO] PluginManage:359 - Loaded plugin thirdparty (category:base,tabindex:-1)
2024-11-14 11:58:46,767 [INFO] PluginManage:310 - Check plugin tools
2024-11-14 11:58:46,771 [INFO] PluginManage:359 - Loaded plugin tools (category:base,tabindex:7)
2024-11-14 11:58:46,771 [INFO] PluginManage:310 - Check plugin tutovideos
2024-11-14 11:58:46,787 [WARN] IntegrityCheckThread:84 - waiting for thirdparty lock release [integrity check]
2024-11-14 11:58:46,788 [INFO] IntegrityCheckThread:86 - entering critical section [integrity check]
2024-11-14 11:58:46,789 [INFO] ThirdPartyUpdaterWithRetryManager:70 - Updater plugin not ready yet. [1/15]
2024-11-14 11:58:47,128 [INFO] PluginManage:359 - Loaded plugin tutovideos (category:base,tabindex:-1)
2024-11-14 11:58:47,129 [INFO] PluginManage:310 - Check plugin updater
2024-11-14 11:58:47,200 [INFO] PluginManage:359 - Loaded plugin updater (category:base,tabindex:12)
2024-11-14 11:58:47,200 [INFO] PluginManage:310 - Check plugin userauth
2024-11-14 11:58:47,211 [INFO] UserAuth:113 - Init User Auth plugin
2024-11-14 11:58:47,212 [INFO] PluginManage:359 - Loaded plugin userauth (category:base,tabindex:14)
2024-11-14 11:58:47,213 [INFO] PluginManage:283 - PluginManage : Loaded plugins [18]
2024-11-14 11:58:47,647 [INFO] PinOutPanel:1561 - setPackage(No Configuration,No Configuration)
2024-11-14 11:58:47,805 [INFO] CADModel:165 - CPN selected for project level
2024-11-14 11:58:47,806 [INFO] CADModel:114 - Register for checkConnection events
2024-11-14 11:58:47,837 [INFO] IPUIPlugin:80 - create IPUIPlugin
2024-11-14 11:58:47,838 [INFO] PluginManager:220 - loadIPPluginJar : add adc
2024-11-14 11:58:47,842 [INFO] IPUIPlugin:80 - create IPUIPlugin
2024-11-14 11:58:47,843 [INFO] PluginManager:220 - loadIPPluginJar : add aes
2024-11-14 11:58:47,851 [INFO] IPUIPlugin:80 - create IPUIPlugin
2024-11-14 11:58:47,853 [INFO] PluginManager:220 - loadIPPluginJar : add can
2024-11-14 11:58:47,855 [INFO] IPUIPlugin:80 - create IPUIPlugin
2024-11-14 11:58:47,856 [INFO] PluginManager:220 - loadIPPluginJar : add comp
2024-11-14 11:58:47,860 [INFO] IPUIPlugin:80 - create IPUIPlugin
2024-11-14 11:58:47,861 [INFO] PluginManager:220 - loadIPPluginJar : add cryp
2024-11-14 11:58:47,867 [INFO] IPUIPlugin:80 - create IPUIPlugin
2024-11-14 11:58:47,867 [INFO] PluginManager:220 - loadIPPluginJar : add ddr_ctrl_phy
2024-11-14 11:58:47,871 [INFO] IPUIPlugin:80 - create IPUIPlugin
2024-11-14 11:58:47,872 [INFO] PluginManager:220 - loadIPPluginJar : add dfsdm
2024-11-14 11:58:47,881 [INFO] IPUIPlugin:80 - create IPUIPlugin
2024-11-14 11:58:47,881 [INFO] PluginManager:220 - loadIPPluginJar : add dma
2024-11-14 11:58:47,886 [INFO] IPUIPlugin:80 - create IPUIPlugin
2024-11-14 11:58:47,886 [INFO] PluginManager:220 - loadIPPluginJar : add dma3
2024-11-14 11:58:47,890 [INFO] IPUIPlugin:80 - create IPUIPlugin
2024-11-14 11:58:47,890 [INFO] PluginManager:220 - loadIPPluginJar : add extmemmanager
2024-11-14 11:58:47,892 [INFO] IPUIPlugin:80 - create IPUIPlugin
2024-11-14 11:58:47,893 [INFO] PluginManager:220 - loadIPPluginJar : add fatfs
2024-11-14 11:58:47,902 [INFO] IPUIPlugin:80 - create IPUIPlugin
2024-11-14 11:58:47,902 [INFO] PluginManager:220 - loadIPPluginJar : add fmc
2024-11-14 11:58:47,912 [INFO] IPUIPlugin:80 - create IPUIPlugin
2024-11-14 11:58:47,913 [INFO] PluginManager:220 - loadIPPluginJar : add freertos
2024-11-14 11:58:47,915 [INFO] IPUIPlugin:80 - create IPUIPlugin
2024-11-14 11:58:47,915 [INFO] PluginManager:220 - loadIPPluginJar : add genericplugin
2024-11-14 11:58:47,918 [INFO] IPUIPlugin:80 - create IPUIPlugin
2024-11-14 11:58:47,919 [INFO] PluginManager:220 - loadIPPluginJar : add gfxmmu
2024-11-14 11:58:47,928 [INFO] IPUIPlugin:80 - create IPUIPlugin
2024-11-14 11:58:47,929 [INFO] PluginManager:220 - loadIPPluginJar : add gic
2024-11-14 11:58:47,937 [INFO] IPUIPlugin:80 - create IPUIPlugin
2024-11-14 11:58:47,937 [INFO] PluginManager:220 - loadIPPluginJar : add gpio
2024-11-14 11:58:47,942 [INFO] IPUIPlugin:80 - create IPUIPlugin
2024-11-14 11:58:47,942 [INFO] PluginManager:220 - loadIPPluginJar : add gtzc
2024-11-14 11:58:47,950 [INFO] IPUIPlugin:80 - create IPUIPlugin
2024-11-14 11:58:47,950 [INFO] PluginManager:220 - loadIPPluginJar : add hash
2024-11-14 11:58:47,957 [INFO] IPUIPlugin:80 - create IPUIPlugin
2024-11-14 11:58:47,957 [INFO] PluginManager:220 - loadIPPluginJar : add i2c
2024-11-14 11:58:47,960 [INFO] IPUIPlugin:80 - create IPUIPlugin
2024-11-14 11:58:47,961 [INFO] PluginManager:220 - loadIPPluginJar : add i2s
2024-11-14 11:58:47,966 [INFO] IPUIPlugin:80 - create IPUIPlugin
2024-11-14 11:58:47,967 [INFO] PluginManager:220 - loadIPPluginJar : add i3c
2024-11-14 11:58:47,971 [INFO] IPUIPlugin:80 - create IPUIPlugin
2024-11-14 11:58:47,972 [INFO] PluginManager:220 - loadIPPluginJar : add ipddr
2024-11-14 11:58:47,982 [INFO] IPUIPlugin:80 - create IPUIPlugin
2024-11-14 11:58:47,984 [INFO] PluginManager:220 - loadIPPluginJar : add linkedlist
2024-11-14 11:58:47,990 [INFO] IPUIPlugin:80 - create IPUIPlugin
2024-11-14 11:58:47,990 [INFO] PluginManager:220 - loadIPPluginJar : add lorawan
2024-11-14 11:58:47,992 [INFO] IPUIPlugin:80 - create IPUIPlugin
2024-11-14 11:58:47,992 [INFO] PluginManager:220 - loadIPPluginJar : add ltdc
2024-11-14 11:58:48,007 [INFO] IPUIPlugin:80 - create IPUIPlugin
2024-11-14 11:58:48,007 [INFO] PluginManager:220 - loadIPPluginJar : add mdma
2024-11-14 11:58:48,012 [INFO] IPUIPlugin:80 - create IPUIPlugin
2024-11-14 11:58:48,012 [INFO] PluginManager:220 - loadIPPluginJar : add nvic
2024-11-14 11:58:48,017 [INFO] IPUIPlugin:80 - create IPUIPlugin
2024-11-14 11:58:48,017 [INFO] PluginManager:220 - loadIPPluginJar : add opamp
2024-11-14 11:58:48,021 [INFO] IPUIPlugin:80 - create IPUIPlugin
2024-11-14 11:58:48,021 [INFO] PluginManager:220 - loadIPPluginJar : add openamp
2024-11-14 11:58:48,025 [INFO] IPUIPlugin:80 - create IPUIPlugin
2024-11-14 11:58:48,025 [INFO] PluginManager:220 - loadIPPluginJar : add pdm2pcm
2024-11-14 11:58:48,034 [INFO] IPUIPlugin:80 - create IPUIPlugin
2024-11-14 11:58:48,038 [INFO] PluginManager:220 - loadIPPluginJar : add plateformsettings
2024-11-14 11:58:48,041 [INFO] IPUIPlugin:80 - create IPUIPlugin
2024-11-14 11:58:48,041 [INFO] PluginManager:220 - loadIPPluginJar : add quadspi
2024-11-14 11:58:48,044 [INFO] IPUIPlugin:80 - create IPUIPlugin
2024-11-14 11:58:48,045 [INFO] PluginManager:220 - loadIPPluginJar : add radio
2024-11-14 11:58:48,050 [INFO] IPUIPlugin:80 - create IPUIPlugin
2024-11-14 11:58:48,051 [INFO] PluginManager:220 - loadIPPluginJar : add resmgrutility
2024-11-14 11:58:48,055 [INFO] IPUIPlugin:80 - create IPUIPlugin
2024-11-14 11:58:48,055 [INFO] PluginManager:220 - loadIPPluginJar : add sai
2024-11-14 11:58:48,061 [INFO] IPUIPlugin:80 - create IPUIPlugin
2024-11-14 11:58:48,062 [INFO] PluginManager:220 - loadIPPluginJar : add spi
2024-11-14 11:58:48,072 [INFO] IPUIPlugin:80 - create IPUIPlugin
2024-11-14 11:58:48,072 [INFO] PluginManager:220 - loadIPPluginJar : add stm32_wpan
2024-11-14 11:58:48,075 [INFO] IPUIPlugin:80 - create IPUIPlugin
2024-11-14 11:58:48,076 [INFO] PluginManager:220 - loadIPPluginJar : add tim
2024-11-14 11:58:48,080 [INFO] IPUIPlugin:80 - create IPUIPlugin
2024-11-14 11:58:48,081 [INFO] PluginManager:220 - loadIPPluginJar : add touchsensing
2024-11-14 11:58:48,083 [INFO] IPUIPlugin:80 - create IPUIPlugin
2024-11-14 11:58:48,084 [INFO] PluginManager:220 - loadIPPluginJar : add tracer_emb
2024-11-14 11:58:48,086 [INFO] IPUIPlugin:80 - create IPUIPlugin
2024-11-14 11:58:48,086 [INFO] PluginManager:220 - loadIPPluginJar : add ts
2024-11-14 11:58:48,088 [INFO] IPUIPlugin:80 - create IPUIPlugin
2024-11-14 11:58:48,089 [INFO] PluginManager:220 - loadIPPluginJar : add tsc
2024-11-14 11:58:48,094 [INFO] IPUIPlugin:80 - create IPUIPlugin
2024-11-14 11:58:48,094 [INFO] PluginManager:220 - loadIPPluginJar : add ucpd
2024-11-14 11:58:48,103 [INFO] IPUIPlugin:80 - create IPUIPlugin
2024-11-14 11:58:48,104 [INFO] PluginManager:220 - loadIPPluginJar : add usart
2024-11-14 11:58:48,108 [INFO] IPUIPlugin:80 - create IPUIPlugin
2024-11-14 11:58:48,108 [INFO] PluginManager:220 - loadIPPluginJar : add usbx
2024-11-14 11:58:48,362 [INFO] CADModel:165 - CPN selected for project level
2024-11-14 11:58:48,363 [INFO] CADModel:114 - Register for checkConnection events
2024-11-14 11:58:48,363 [FATAL] Updater:334 - Updater called before beeing initialized
2024-11-14 11:58:48,363 [ERROR] CADModel:125 - Updater not yet initialized, retry later 
2024-11-14 11:58:48,584 [INFO] CADModel:165 - CPN selected for project level
2024-11-14 11:58:48,584 [INFO] CADModel:114 - Register for checkConnection events
2024-11-14 11:58:48,584 [FATAL] Updater:334 - Updater called before beeing initialized
2024-11-14 11:58:48,585 [ERROR] CADModel:125 - Updater not yet initialized, retry later 
2024-11-14 11:58:48,590 [FATAL] Updater:334 - Updater called before beeing initialized
2024-11-14 11:58:48,788 [FATAL] Updater:334 - Updater called before beeing initialized
2024-11-14 11:58:48,806 [INFO] DbMcusAds:53 - JSON generation date=Fri Sep 20 10:04:38 BRT 2024 (1726837478367)
2024-11-14 11:58:48,806 [FATAL] Updater:334 - Updater called before beeing initialized
2024-11-14 11:58:48,861 [WARN] DetailPanel:346 - Failed to get advertising image, set to default
2024-11-14 11:58:49,051 [FATAL] Updater:334 - Updater called before beeing initialized
2024-11-14 11:58:49,054 [FATAL] Updater:334 - Updater called before beeing initialized
2024-11-14 11:58:49,054 [FATAL] Updater:334 - Updater called before beeing initialized
2024-11-14 11:58:49,054 [WARN] DetailPanel:346 - Failed to get advertising image, set to default
2024-11-14 11:58:49,056 [FATAL] Updater:334 - Updater called before beeing initialized
2024-11-14 11:58:49,134 [ERROR] Updater:1164 - MainUpdater not yet initialized. External WinMGr cannot be set.
2024-11-14 11:58:49,136 [INFO] Updater:1100 - Updater Version found : 6.12.1
2024-11-14 11:58:49,162 [INFO] ApplicationProperties:184 - Using Application install path: C:\ST\STM32CubeIDE_1.16.1\STM32CubeIDE\plugins\com.st.stm32cube.common.mx_6.12.1.202409122256
2024-11-14 11:58:49,689 [INFO] MainUpdater:2873 - connection check result : 10
2024-11-14 11:58:49,690 [INFO] MainUpdater:290 - Updater Check For Update Now.
2024-11-14 11:58:49,690 [INFO] MicroXplorer:498 - Change Database Version : DB.6.0.121
2024-11-14 11:58:49,698 [INFO] McuFinderGlobals:63 - Set McuFinder mode to 2 (CubeIDE integrated)
2024-11-14 11:58:49,698 [INFO] UserAuth:417 - Internet connection configuration mode: 1
2024-11-14 11:58:49,714 [INFO] JxBrowserEngine:152 - Initiate JxBrowser Engine with user profile folder
2024-11-14 11:58:49,867 [WARN] MainUpdater:1194 - Updater busy. Cannot search thirdparties
2024-11-14 11:58:49,867 [INFO] ThirdPartyUpdaterWithRetryManager:96 - Updater plugin is busy. [1/15]
2024-11-14 11:58:50,064 [INFO] CheckServerUpdateThread:120 - End of CheckServer Thread
2024-11-14 11:58:50,834 [INFO] WebApp:167 - Instantiating new browser for Auth
2024-11-14 11:58:52,349 [INFO] WebApp:448 - Apply proxy settings
2024-11-14 11:58:52,350 [INFO] WebApp:533 - Chromium requires no authentication
2024-11-14 11:58:52,362 [INFO] WebApp:476 - Direct internet connection detected
2024-11-14 11:58:52,402 [INFO] WebApp:869 - Register for checkConnection events
2024-11-14 11:58:52,402 [INFO] WebApp:448 - Apply proxy settings
2024-11-14 11:58:52,402 [INFO] WebApp:533 - Chromium requires no authentication
2024-11-14 11:58:52,403 [INFO] WebApp:476 - Direct internet connection detected
2024-11-14 11:58:52,641 [INFO] WebApp:220 - Starting web application
2024-11-14 11:58:52,641 [INFO] WebApp:578 - Web application path used C:\ST\STM32CubeIDE_1.16.1\STM32CubeIDE\plugins\com.st.stm32cube.common.mx_6.12.1.202409122256\db\plugins\mcufinder\reactClient1\index.html
2024-11-14 11:58:52,808 [INFO] UserAuth:417 - Internet connection configuration mode: 1
2024-11-14 11:58:53,388 [WARN] PackLoader:240 - Cannot read IP mode file for STMicroelectronics.FP-SNS-MOTENVWB1.1.4.0
2024-11-14 11:58:53,407 [WARN] PackLoader:240 - Cannot read IP mode file for STMicroelectronics.FP-ATR-ASTRA1.2.0.1
2024-11-14 11:58:53,420 [WARN] PackLoader:240 - Cannot read IP mode file for STMicroelectronics.X-CUBE-SMBUS.2.1.0
2024-11-14 11:58:53,444 [WARN] PackLoader:240 - Cannot read IP mode file for STMicroelectronics.X-CUBE-WB05N.1.1.0
2024-11-14 11:58:53,518 [WARN] PackLoader:240 - Cannot read IP mode file for STMicroelectronics.X-CUBE-AZRTOS-F7.1.1.0
2024-11-14 11:58:53,737 [WARN] PackLoader:240 - Cannot read IP mode file for STMicroelectronics.X-CUBE-MEMS1.11.0.0
2024-11-14 11:58:54,121 [WARN] PackLoader:240 - Cannot read IP mode file for STMicroelectronics.FP-SNS-FLIGHT1.5.0.2
2024-11-14 11:58:54,134 [WARN] PackLoader:240 - Cannot read IP mode file for STMicroelectronics.X-CUBE-DISPLAY.3.0.0
2024-11-14 11:58:54,147 [WARN] PackLoader:240 - Cannot read IP mode file for STMicroelectronics.X-CUBE-BLE1.7.0.0
2024-11-14 11:58:54,171 [WARN] PackLoader:240 - Cannot read IP mode file for STMicroelectronics.X-CUBE-NFC10.1.0.0
2024-11-14 11:58:54,184 [WARN] PackLoader:240 - Cannot read IP mode file for emotas.I-CUBE-CANOPEN.1.3.0
2024-11-14 11:58:54,251 [WARN] PackLoader:240 - Cannot read IP mode file for STMicroelectronics.X-CUBE-BLEMGR.3.1.0
2024-11-14 11:58:54,262 [WARN] PackLoader:240 - Cannot read IP mode file for STMicroelectronics.FP-SNS-SMARTAG2.1.2.0
2024-11-14 11:58:54,275 [INFO] LogOutputStream:77 - [STDOUT_REDIRECT] 1 : Invalid condition id : UX_CORESTACK_Condition cause : null
2024-11-14 11:58:54,278 [INFO] LogOutputStream:77 - [STDOUT_REDIRECT] 1 : Invalid condition id : UX_CORESTACK_Condition cause : null
2024-11-14 11:58:54,280 [INFO] LogOutputStream:77 - [STDOUT_REDIRECT] 1 : Invalid condition id : UX_CORESTACK_Condition cause : null
2024-11-14 11:58:54,284 [INFO] LogOutputStream:77 - [STDOUT_REDIRECT] 1 : Invalid condition id : UX_CORESTACK_Condition cause : null
2024-11-14 11:58:54,285 [INFO] LogOutputStream:77 - [STDOUT_REDIRECT] 1 : Invalid condition id : UX_CORESTACK_Condition cause : null
2024-11-14 11:58:54,308 [WARN] PackLoader:240 - Cannot read IP mode file for STMicroelectronics.X-CUBE-AZRTOS-WL.2.0.0
2024-11-14 11:58:54,316 [WARN] PackLoader:240 - Cannot read IP mode file for STMicroelectronics.FP-SNS-MOTENV1.5.0.0
2024-11-14 11:58:54,326 [WARN] PackLoader:240 - Cannot read IP mode file for wolfSSL.I-CUBE-wolfMQTT.1.19.0
2024-11-14 11:58:54,336 [WARN] PackLoader:240 - Cannot read IP mode file for WES.I-CUBE-Cesium.1.3.0
2024-11-14 11:58:54,343 [WARN] PackLoader:240 - Cannot read IP mode file for STMicroelectronics.X-CUBE-BLE2.3.3.0
2024-11-14 11:58:54,353 [WARN] PackLoader:240 - Cannot read IP mode file for STMicroelectronics.X-CUBE-NFC9.1.0.0
2024-11-14 11:58:54,366 [WARN] PackLoader:240 - Cannot read IP mode file for STMicroelectronics.X-CUBE-TCPP.4.1.0
2024-11-14 11:58:54,396 [WARN] PackLoader:240 - Cannot read IP mode file for STMicroelectronics.X-CUBE-AZRTOS-G0.1.1.0
2024-11-14 11:58:54,440 [WARN] PackLoader:240 - Cannot read IP mode file for STMicroelectronics.X-CUBE-SAFEA1.1.2.2
2024-11-14 11:58:54,449 [WARN] PackLoader:240 - Cannot read IP mode file for STMicroelectronics.X-CUBE-NFC4.3.0.0
2024-11-14 11:58:54,473 [WARN] PackLoader:240 - Cannot read IP mode file for EmbeddedOffice.I-CUBE-FS-RTOS.1.0.1
2024-11-14 11:58:54,474 [ERROR] ConditionMgr:805 - Attr not supported : Dmpu
2024-11-14 11:58:54,475 [ERROR] ConditionMgr:805 - Attr not supported : Dmpu
2024-11-14 11:58:54,475 [ERROR] ConditionMgr:805 - Attr not supported : Dmpu
2024-11-14 11:58:54,475 [ERROR] ConditionMgr:805 - Attr not supported : Dmpu
2024-11-14 11:58:54,476 [ERROR] ConditionMgr:805 - Attr not supported : Dmpu
2024-11-14 11:58:54,476 [ERROR] ConditionMgr:805 - Attr not supported : Dmpu
2024-11-14 11:58:54,476 [ERROR] ConditionMgr:805 - Attr not supported : Dmpu
2024-11-14 11:58:54,476 [ERROR] ConditionMgr:805 - Attr not supported : Dmpu
2024-11-14 11:58:54,476 [ERROR] ConditionMgr:805 - Attr not supported : Dmpu
2024-11-14 11:58:54,476 [ERROR] ConditionMgr:805 - Attr not supported : Dmpu
2024-11-14 11:58:54,477 [ERROR] ConditionMgr:805 - Attr not supported : Dmpu
2024-11-14 11:58:54,477 [ERROR] ConditionMgr:805 - Attr not supported : Dmpu
2024-11-14 11:58:54,477 [ERROR] ConditionMgr:805 - Attr not supported : Dmpu
2024-11-14 11:58:54,477 [ERROR] ConditionMgr:805 - Attr not supported : Dmpu
2024-11-14 11:58:54,478 [ERROR] ConditionMgr:805 - Attr not supported : Dmpu
2024-11-14 11:58:54,478 [ERROR] ConditionMgr:805 - Attr not supported : Dmpu
2024-11-14 11:58:54,478 [ERROR] ConditionMgr:805 - Attr not supported : Dmpu
2024-11-14 11:58:54,479 [ERROR] ConditionMgr:805 - Attr not supported : Dmpu
2024-11-14 11:58:54,484 [ERROR] ConditionMgr:805 - Attr not supported : Dmpu
2024-11-14 11:58:54,508 [ERROR] ConditionMgr:805 - Attr not supported : Dmpu
2024-11-14 11:58:54,509 [ERROR] ConditionMgr:805 - Attr not supported : Dmpu
2024-11-14 11:58:54,509 [ERROR] ConditionMgr:805 - Attr not supported : Dmpu
2024-11-14 11:58:54,509 [ERROR] ConditionMgr:805 - Attr not supported : Dmpu
2024-11-14 11:58:54,509 [ERROR] ConditionMgr:805 - Attr not supported : Dmpu
2024-11-14 11:58:54,509 [ERROR] ConditionMgr:805 - Attr not supported : Dmpu
2024-11-14 11:58:54,509 [ERROR] ConditionMgr:805 - Attr not supported : Dmpu
2024-11-14 11:58:54,509 [ERROR] ConditionMgr:805 - Attr not supported : Dmpu
2024-11-14 11:58:54,509 [ERROR] ConditionMgr:805 - Attr not supported : Dmpu
2024-11-14 11:58:54,509 [ERROR] ConditionMgr:805 - Attr not supported : Dmpu
2024-11-14 11:58:54,509 [ERROR] ConditionMgr:805 - Attr not supported : Dmpu
2024-11-14 11:58:54,510 [ERROR] ConditionMgr:805 - Attr not supported : Dmpu
2024-11-14 11:58:54,510 [ERROR] ConditionMgr:805 - Attr not supported : Dmpu
2024-11-14 11:58:54,510 [ERROR] ConditionMgr:805 - Attr not supported : Dmpu
2024-11-14 11:58:54,510 [ERROR] ConditionMgr:805 - Attr not supported : Dmpu
2024-11-14 11:58:54,510 [ERROR] ConditionMgr:805 - Attr not supported : Dmpu
2024-11-14 11:58:54,510 [ERROR] ConditionMgr:805 - Attr not supported : Dmpu
2024-11-14 11:58:54,510 [ERROR] ConditionMgr:805 - Attr not supported : Dmpu
2024-11-14 11:58:54,510 [ERROR] ConditionMgr:805 - Attr not supported : Dmpu
2024-11-14 11:58:54,510 [ERROR] ConditionMgr:805 - Attr not supported : Dmpu
2024-11-14 11:58:54,510 [ERROR] ConditionMgr:805 - Attr not supported : Dmpu
2024-11-14 11:58:54,510 [ERROR] ConditionMgr:805 - Attr not supported : Dmpu
2024-11-14 11:58:54,510 [ERROR] ConditionMgr:805 - Attr not supported : Dmpu
2024-11-14 11:58:54,510 [ERROR] ConditionMgr:805 - Attr not supported : Dmpu
2024-11-14 11:58:54,510 [ERROR] ConditionMgr:805 - Attr not supported : Dmpu
2024-11-14 11:58:54,511 [ERROR] ConditionMgr:805 - Attr not supported : Dmpu
2024-11-14 11:58:54,511 [ERROR] ConditionMgr:805 - Attr not supported : Dmpu
2024-11-14 11:58:54,511 [ERROR] ConditionMgr:805 - Attr not supported : Dmpu
2024-11-14 11:58:54,511 [ERROR] ConditionMgr:805 - Attr not supported : Dmpu
2024-11-14 11:58:54,511 [ERROR] ConditionMgr:805 - Attr not supported : Dmpu
2024-11-14 11:58:54,511 [ERROR] ConditionMgr:805 - Attr not supported : Dmpu
2024-11-14 11:58:54,511 [ERROR] ConditionMgr:805 - Attr not supported : Dmpu
2024-11-14 11:58:54,511 [ERROR] ConditionMgr:805 - Attr not supported : Dmpu
2024-11-14 11:58:54,511 [ERROR] ConditionMgr:805 - Attr not supported : Dmpu
2024-11-14 11:58:54,511 [ERROR] ConditionMgr:805 - Attr not supported : Dmpu
2024-11-14 11:58:54,511 [ERROR] ConditionMgr:805 - Attr not supported : Dmpu
2024-11-14 11:58:54,512 [ERROR] ConditionMgr:805 - Attr not supported : Dmpu
2024-11-14 11:58:54,512 [ERROR] ConditionMgr:805 - Attr not supported : Dmpu
2024-11-14 11:58:54,512 [ERROR] ConditionMgr:805 - Attr not supported : Dmpu
2024-11-14 11:58:54,512 [ERROR] ConditionMgr:805 - Attr not supported : Dmpu
2024-11-14 11:58:54,514 [ERROR] ConditionMgr:805 - Attr not supported : Dmpu
2024-11-14 11:58:54,515 [ERROR] ConditionMgr:805 - Attr not supported : Dmpu
2024-11-14 11:58:54,515 [ERROR] ConditionMgr:805 - Attr not supported : Dmpu
2024-11-14 11:58:54,515 [ERROR] ConditionMgr:805 - Attr not supported : Dmpu
2024-11-14 11:58:54,515 [ERROR] ConditionMgr:805 - Attr not supported : Dmpu
2024-11-14 11:58:54,530 [WARN] PackLoader:240 - Cannot read IP mode file for RealThread.X-CUBE-RT-Thread_Nano.4.1.1
2024-11-14 11:58:54,536 [WARN] PackLoader:240 - Cannot read IP mode file for STMicroelectronics.FP-ATR-SIGFOX1.3.2.0
2024-11-14 11:58:54,543 [WARN] ConditionMgr:438 - getConditionDescription Invalid condition id : Cortex-A Device cause : null
2024-11-14 11:58:54,568 [WARN] ConditionMgr:1039 - genDependencies : Invalid condition id : Cortex-A Device cause : null
2024-11-14 11:58:54,568 [WARN] ConditionMgr:1039 - genDependencies : Invalid condition id : Cortex-A Device cause : null
2024-11-14 11:58:54,568 [WARN] ConditionMgr:1039 - genDependencies : Invalid condition id : Cortex-A Device cause : null
2024-11-14 11:58:54,577 [WARN] PackLoader:240 - Cannot read IP mode file for STMicroelectronics.X-CUBE-EEPRMA1.5.1.0
2024-11-14 11:58:54,584 [WARN] PackLoader:240 - Cannot read IP mode file for wolfSSL.I-CUBE-wolfSSL.5.7.4
2024-11-14 11:58:54,592 [WARN] PackLoader:240 - Cannot read IP mode file for ITTIA_DB.I-CUBE-ITTIADB.8.9.0
2024-11-14 11:58:54,713 [WARN] PackLoader:240 - Cannot read IP mode file for SEGGER.I-CUBE-embOS.1.3.1
2024-11-14 11:58:55,981 [INFO] WebApp:186 - Connection restablished
2024-11-14 11:58:56,360 [WARN] PackLoader:240 - Cannot read IP mode file for STMicroelectronics.X-CUBE-ALGOBUILD.1.4.0
2024-11-14 11:58:56,521 [WARN] PackLoader:240 - Cannot read IP mode file for STMicroelectronics.X-CUBE-AI.9.1.0
2024-11-14 11:58:57,785 [WARN] PackLoader:240 - Cannot read IP mode file for STMicroelectronics.X-CUBE-AZRTOS-F4.1.1.0
2024-11-14 11:58:57,797 [WARN] PackLoader:240 - Cannot read IP mode file for STMicroelectronics.X-CUBE-ISPU.2.1.0
2024-11-14 11:58:57,809 [WARN] PackLoader:240 - Cannot read IP mode file for STMicroelectronics.X-CUBE-FREERTOS.1.2.0
2024-11-14 11:58:58,294 [WARN] PackLoader:240 - Cannot read IP mode file for STMicroelectronics.X-CUBE-AZRTOS-L5.2.0.0
2024-11-14 11:58:58,306 [WARN] PackLoader:240 - Cannot read IP mode file for STMicroelectronics.X-CUBE-NFC6.3.1.0
2024-11-14 11:58:58,781 [WARN] PackLoader:240 - Cannot read IP mode file for STMicroelectronics.X-CUBE-DPower.1.2.0
2024-11-14 11:58:58,789 [WARN] PackLoader:240 - Cannot read IP mode file for STMicroelectronics.X-CUBE-NFC7.1.0.1
2024-11-14 11:58:59,023 [WARN] ConditionMgr:438 - getConditionDescription Invalid condition id : LAN8742 Phy interface Condition cause : null
2024-11-14 11:58:59,024 [WARN] PackLoader:240 - Cannot read IP mode file for STMicroelectronics.X-CUBE-AZRTOS-L4.2.0.0
2024-11-14 11:58:59,026 [WARN] ConditionMgr:1039 - genDependencies : Invalid condition id : LAN8742 Phy interface Condition cause : null
2024-11-14 11:58:59,027 [WARN] ConditionMgr:1039 - genDependencies : Invalid condition id : LAN8742 Phy interface Condition cause : null
2024-11-14 11:58:59,028 [WARN] ConditionMgr:1039 - genDependencies : Invalid condition id : LAN8742 Phy interface Condition cause : null
2024-11-14 11:58:59,039 [WARN] PackLoader:240 - Cannot read IP mode file for STMicroelectronics.X-CUBE-SFXS2LP1.4.0.0
2024-11-14 11:58:59,280 [WARN] PackLoader:240 - Cannot read IP mode file for STMicroelectronics.X-CUBE-AZRTOS-H7.3.3.0
2024-11-14 11:58:59,296 [WARN] PackLoader:240 - Cannot read IP mode file for STMicroelectronics.X-CUBE-IPS.3.0.0
2024-11-14 11:58:59,456 [WARN] ConditionMgr:438 - getConditionDescription Invalid condition id : UX DEVICE CLASS RTOS Condition cause : null
2024-11-14 11:58:59,456 [WARN] ConditionMgr:438 - getConditionDescription Invalid condition id : UX DEVICE CLASS RTOS Condition cause : null
2024-11-14 11:58:59,459 [WARN] PackLoader:240 - Cannot read IP mode file for STMicroelectronics.X-CUBE-AZRTOS-WB.2.0.0
2024-11-14 11:58:59,460 [WARN] ConditionMgr:1039 - genDependencies : Invalid condition id : UX DEVICE CLASS RTOS Condition cause : null
2024-11-14 11:58:59,461 [WARN] ConditionMgr:1039 - genDependencies : Invalid condition id : UX DEVICE CLASS RTOS Condition cause : null
2024-11-14 11:58:59,462 [WARN] ConditionMgr:1039 - genDependencies : Invalid condition id : UX DEVICE CLASS RTOS Condition cause : null
2024-11-14 11:58:59,462 [WARN] ConditionMgr:1039 - genDependencies : Invalid condition id : UX DEVICE CLASS RTOS Condition cause : null
2024-11-14 11:58:59,462 [WARN] ConditionMgr:1039 - genDependencies : Invalid condition id : UX DEVICE CLASS RTOS Condition cause : null
2024-11-14 11:58:59,491 [WARN] PackLoader:240 - Cannot read IP mode file for STMicroelectronics.X-CUBE-GNSS1.7.0.0
2024-11-14 11:58:59,557 [WARN] PackLoader:240 - Cannot read IP mode file for STMicroelectronics.FP-SNS-STBOX1.2.0.0
2024-11-14 11:59:00,042 [WARN] PackLoader:240 - Cannot read IP mode file for STMicroelectronics.X-CUBE-SUBG2.5.0.0
2024-11-14 11:59:00,051 [WARN] PackLoader:240 - Cannot read IP mode file for Cesanta.I-CUBE-Mongoose.7.13.0
2024-11-14 11:59:00,067 [WARN] PackLoader:240 - Cannot read IP mode file for STMicroelectronics.X-CUBE-AZRTOS-G4.2.0.0
2024-11-14 11:59:00,529 [WARN] PackLoader:240 - Cannot read IP mode file for STMicroelectronics.X-CUBE-ALS.1.0.2
2024-11-14 11:59:00,538 [WARN] PackLoader:240 - Cannot read IP mode file for STMicroelectronics.X-CUBE-TOUCHGFX.4.24.1
2024-11-14 11:59:00,542 [WARN] PackLoader:240 - Cannot read IP mode file for wolfSSL.I-CUBE-wolfTPM.3.4.0
2024-11-14 11:59:00,546 [WARN] PackLoader:240 - Cannot read IP mode file for portGmbH.I-Cube-SoM-uGOAL.1.1.0
2024-11-14 11:59:00,906 [WARN] PackLoader:240 - Cannot read IP mode file for STMicroelectronics.X-CUBE-AZRTOS-H7RS.1.0.0
2024-11-14 11:59:00,914 [WARN] PackLoader:240 - Cannot read IP mode file for STMicroelectronics.FP-ATR-ASTRA1.2.0.0
2024-11-14 11:59:00,926 [WARN] PackLoader:240 - Cannot read IP mode file for STMicroelectronics.X-CUBE-TOF1.3.4.2
2024-11-14 11:59:01,297 [WARN] PackLoader:240 - Cannot read IP mode file for Infineon.AIROC-Wi-Fi-Bluetooth-STM32.1.6.1
2024-11-14 11:59:01,308 [WARN] PackLoader:240 - Cannot read IP mode file for wolfSSL.I-CUBE-wolfSSH.1.4.17
2024-11-14 11:59:01,309 [INFO] ThirdParty:978 - Integrity check success = true
2024-11-14 11:59:01,309 [INFO] IntegrityCheckThread:100 - exiting critical section [integrity check]
2024-11-14 11:59:01,309 [INFO] IntegrityCheckThread:103 - End integrity checks thread
2024-11-14 12:03:48,354 [ERROR] LogOutputStream:75 - [STDERR_REDIRECT] 
