2024-11-08 15:11:44,588 [INFO] Activator:176 - 


2024-11-08 15:11:44,597 [INFO] Activator:177 - !SESSION log4j initialized
2024-11-08 15:11:54,065 [INFO] LogOutputStream:77 - [STDOUT_REDIRECT] 
2024-11-08 15:11:54,730 [ERROR] ConfigurationRetriever:142 - IOException on connection: sw-center.st.com
2024-11-08 15:11:54,731 [ERROR] ConfigurationRetriever:142 - IOException on connection: sw-center.st.com
2024-11-08 15:11:54,732 [ERROR] ConfigurationRetriever:142 - IOException on connection: sw-center.st.com
2024-11-08 15:11:54,738 [ERROR] ConfigurationRetriever:142 - IOException on connection: sw-center.st.com
2024-11-08 15:11:54,746 [ERROR] ConfigurationRetriever:142 - IOException on connection: sw-center.st.com
2024-11-08 15:11:54,755 [ERROR] ConfigurationRetriever:142 - IOException on connection: sw-center.st.com
2024-11-08 15:11:57,161 [INFO] ApplicationProperties:184 - Using Application install path: C:\ST\STM32CubeIDE_1.16.1\STM32CubeIDE\plugins\com.st.stm32cube.common.mx_6.12.1.202409122256
2024-11-08 15:11:57,192 [INFO] DbMcusXml:78 - Set database path to: C:\ST\STM32CubeIDE_1.16.1\STM32CubeIDE\plugins\com.st.stm32cube.common.mx_6.12.1.202409122256\\db\/mcu/
2024-11-08 15:11:57,192 [INFO] ApiDb:274 - Set plugin database path to: C:\ST\STM32CubeIDE_1.16.1\STM32CubeIDE\plugins\com.st.stm32cube.common.mx_6.12.1.202409122256\\db\/plugins/boardmanager/
2024-11-08 15:11:57,193 [WARN] ApiDb:259 - Overriding images path with different value:  => C:\ST\STM32CubeIDE_1.16.1\STM32CubeIDE\plugins\com.st.stm32cube.common.mx_6.12.1.202409122256\\db\/plugins/mcufinder/images/
2024-11-08 15:11:57,210 [INFO] ApiDb:250 - Set database path to: C:\Users\tankc\.stmcufinder\plugins\mcufinder//mcu/
2024-11-08 15:11:57,212 [INFO] DbMcusAds:125 - Set database path to: C:\Users\tankc\.stmcufinder\plugins\mcufinder//mcu/
2024-11-08 15:11:57,217 [INFO] CrossReferenceDbSqlite:203 - Set database path to: C:\Users\tankc\.stmcufinder\plugins\mcufinder//mcu/cs/
2024-11-08 15:11:57,456 [INFO] RulesReader:64 - Compatibility file has been processed (297 Rules)
2024-11-08 15:11:57,596 [INFO] DbMcusXml:78 - Set database path to: C:\ST\STM32CubeIDE_1.16.1\STM32CubeIDE\plugins\com.st.stm32cube.common.mx_6.12.1.202409122256\\db\/mcu/
2024-11-08 15:11:57,597 [INFO] ApiDb:274 - Set plugin database path to: C:\ST\STM32CubeIDE_1.16.1\STM32CubeIDE\plugins\com.st.stm32cube.common.mx_6.12.1.202409122256\\db\/plugins/boardmanager/
2024-11-08 15:11:57,597 [INFO] ApiDb:261 - Set plugin images path to: C:\ST\STM32CubeIDE_1.16.1\STM32CubeIDE\plugins\com.st.stm32cube.common.mx_6.12.1.202409122256\\db\/plugins/mcufinder/images/
2024-11-08 15:11:57,597 [WARN] DbFile:41 - Overriding database path with different value: C:\Users\tankc\.stmcufinder\plugins\mcufinder/ => C:\Users\tankc\.stmcufinder\plugins\mcufinder
2024-11-08 15:11:57,597 [INFO] ApiDb:250 - Set database path to: C:\Users\tankc\.stmcufinder\plugins\mcufinder//mcu/
2024-11-08 15:11:57,598 [WARN] DbFile:41 - Overriding database path with different value: C:\Users\tankc\.stmcufinder\plugins\mcufinder/ => C:\Users\tankc\.stmcufinder\plugins\mcufinder
2024-11-08 15:11:57,598 [INFO] DbMcusAds:125 - Set database path to: C:\Users\tankc\.stmcufinder\plugins\mcufinder//mcu/
2024-11-08 15:11:57,598 [WARN] DbFile:41 - Overriding database path with different value: C:\Users\tankc\.stmcufinder\plugins\mcufinder/ => C:\Users\tankc\.stmcufinder\plugins\mcufinder
2024-11-08 15:11:57,598 [WARN] DbFile:41 - Overriding database path with different value: C:\Users\tankc\.stmcufinder\plugins\mcufinder/ => C:\Users\tankc\.stmcufinder\plugins\mcufinder
2024-11-08 15:11:57,598 [INFO] CrossReferenceDbSqlite:203 - Set database path to: C:\Users\tankc\.stmcufinder\plugins\mcufinder//mcu/cs/
2024-11-08 15:11:57,734 [INFO] MainPanel:268 - HeapMemory: 268435456
2024-11-08 15:11:57,914 [INFO] DbMcusXml:78 - Set database path to: C:\ST\STM32CubeIDE_1.16.1\STM32CubeIDE\plugins\com.st.stm32cube.common.mx_6.12.1.202409122256\\db\/mcu/
2024-11-08 15:11:57,914 [INFO] ApiDb:274 - Set plugin database path to: C:\ST\STM32CubeIDE_1.16.1\STM32CubeIDE\plugins\com.st.stm32cube.common.mx_6.12.1.202409122256\\db\/plugins/boardmanager/
2024-11-08 15:11:57,915 [INFO] ApiDb:261 - Set plugin images path to: C:\ST\STM32CubeIDE_1.16.1\STM32CubeIDE\plugins\com.st.stm32cube.common.mx_6.12.1.202409122256\\db\/plugins/mcufinder/images/
2024-11-08 15:11:57,916 [WARN] DbFile:41 - Overriding database path with different value: C:\Users\tankc\.stmcufinder\plugins\mcufinder/ => C:\Users\tankc\.stmcufinder\plugins\mcufinder
2024-11-08 15:11:57,916 [INFO] ApiDb:250 - Set database path to: C:\Users\tankc\.stmcufinder\plugins\mcufinder//mcu/
2024-11-08 15:11:57,916 [WARN] DbFile:41 - Overriding database path with different value: C:\Users\tankc\.stmcufinder\plugins\mcufinder/ => C:\Users\tankc\.stmcufinder\plugins\mcufinder
2024-11-08 15:11:57,916 [INFO] DbMcusAds:125 - Set database path to: C:\Users\tankc\.stmcufinder\plugins\mcufinder//mcu/
2024-11-08 15:11:57,916 [WARN] DbFile:41 - Overriding database path with different value: C:\Users\tankc\.stmcufinder\plugins\mcufinder/ => C:\Users\tankc\.stmcufinder\plugins\mcufinder
2024-11-08 15:11:57,916 [WARN] DbFile:41 - Overriding database path with different value: C:\Users\tankc\.stmcufinder\plugins\mcufinder/ => C:\Users\tankc\.stmcufinder\plugins\mcufinder
2024-11-08 15:11:57,916 [INFO] CrossReferenceDbSqlite:203 - Set database path to: C:\Users\tankc\.stmcufinder\plugins\mcufinder//mcu/cs/
2024-11-08 15:11:57,953 [INFO] ApplicationProperties:184 - Using Application install path: C:\ST\STM32CubeIDE_1.16.1\STM32CubeIDE\plugins\com.st.stm32cube.common.mx_6.12.1.202409122256
2024-11-08 15:11:57,956 [INFO] PluginManage:196 - Search for loadable plugins [exclusion list=, ]
2024-11-08 15:11:57,964 [INFO] PluginManage:310 - Check plugin analytics
2024-11-08 15:11:58,368 [INFO] AnalyticsPlugin:253 - Accepted Software Licenses: STM32CubeMX.6.12.1
2024-11-08 15:11:58,368 [INFO] AnalyticsPlugin:255 - Accepted CMSIS Pack Licenses: 
2024-11-08 15:11:58,369 [INFO] AnalyticsPlugin:257 - Accepted Firmware Licenses: FW.F4.1.28.0,FW.C0.1.2.0
2024-11-08 15:11:58,373 [INFO] PluginManage:359 - Loaded plugin analytics (category:tool,tabindex:-1)
2024-11-08 15:11:58,374 [INFO] PluginManage:310 - Check plugin cadmodel
2024-11-08 15:11:58,385 [ERROR] ConfigurationRetriever:142 - IOException on connection: sw-center.st.com
2024-11-08 15:11:58,387 [ERROR] ConfigurationRetriever:142 - IOException on connection: sw-center.st.com
2024-11-08 15:11:58,388 [ERROR] ConfigurationRetriever:142 - IOException on connection: sw-center.st.com
2024-11-08 15:11:58,397 [INFO] CADModel:105 - Init CAD model plugin
2024-11-08 15:11:58,398 [INFO] PluginManage:359 - Loaded plugin cadmodel (category:power,tabindex:5)
2024-11-08 15:11:58,399 [INFO] PluginManage:310 - Check plugin clock
2024-11-08 15:11:58,415 [INFO] PluginManage:359 - Loaded plugin clock (category:base,tabindex:2)
2024-11-08 15:11:58,416 [INFO] PluginManage:310 - Check plugin ddr
2024-11-08 15:11:58,419 [INFO] PluginManage:359 - Loaded plugin ddr (category:tool,tabindex:6)
2024-11-08 15:11:58,420 [INFO] PluginManage:310 - Check plugin filemanager
2024-11-08 15:11:58,676 [INFO] PluginManage:359 - Loaded plugin filemanager (category:base,tabindex:10)
2024-11-08 15:11:58,677 [INFO] PluginManage:310 - Check plugin ipmanager
2024-11-08 15:11:58,688 [INFO] PluginManage:359 - Loaded plugin ipmanager (category:base,tabindex:5)
2024-11-08 15:11:58,688 [INFO] PluginManage:310 - Check plugin lpbam
2024-11-08 15:11:58,702 [INFO] PluginManage:359 - Loaded plugin lpbam (category:base,tabindex:0)
2024-11-08 15:11:58,703 [INFO] PluginManage:310 - Check plugin memorymap
2024-11-08 15:11:58,724 [INFO] PluginManage:359 - Loaded plugin memorymap (category:base,tabindex:4)
2024-11-08 15:11:58,725 [INFO] PluginManage:310 - Check plugin pinoutandconfiguration
2024-11-08 15:11:58,742 [INFO] PluginManage:359 - Loaded plugin pinoutandconfiguration (category:base,tabindex:1)
2024-11-08 15:11:58,742 [INFO] PluginManage:310 - Check plugin pinoutconfig
2024-11-08 15:11:58,891 [WARN] SupportedApi:132 - Cannot load RTOS API schema: s4s-elt-must-match.1: The content of 'definitions' must match (annotation?, (simpleType | complexType)?, (unique | key | keyref)*)). A problem was found starting at: attribute.
2024-11-08 15:11:59,150 [INFO] PluginManage:359 - Loaded plugin pinoutconfig (category:base,tabindex:0)
2024-11-08 15:11:59,151 [INFO] PluginManage:310 - Check plugin power
2024-11-08 15:11:59,170 [INFO] PluginManage:359 - Loaded plugin power (category:power,tabindex:4)
2024-11-08 15:11:59,170 [INFO] PluginManage:310 - Check plugin projectmanager
2024-11-08 15:11:59,199 [INFO] PluginManage:359 - Loaded plugin projectmanager (category:projectmanager,tabindex:4)
2024-11-08 15:11:59,200 [INFO] PluginManage:310 - Check plugin rif
2024-11-08 15:11:59,210 [INFO] PluginManage:359 - Loaded plugin rif (category:base,tabindex:3)
2024-11-08 15:11:59,210 [INFO] PluginManage:310 - Check plugin thirdparty
2024-11-08 15:11:59,470 [WARN] IntegrityCheckThread:84 - waiting for thirdparty lock release [integrity check]
2024-11-08 15:11:59,470 [INFO] IntegrityCheckThread:86 - entering critical section [integrity check]
2024-11-08 15:11:59,470 [INFO] PluginManage:359 - Loaded plugin thirdparty (category:base,tabindex:-1)
2024-11-08 15:11:59,471 [INFO] PluginManage:310 - Check plugin tools
2024-11-08 15:11:59,473 [INFO] ThirdPartyUpdaterWithRetryManager:70 - Updater plugin not ready yet. [1/15]
2024-11-08 15:11:59,475 [INFO] PluginManage:359 - Loaded plugin tools (category:base,tabindex:7)
2024-11-08 15:11:59,475 [INFO] PluginManage:310 - Check plugin tutovideos
2024-11-08 15:11:59,799 [INFO] PluginManage:359 - Loaded plugin tutovideos (category:base,tabindex:-1)
2024-11-08 15:11:59,799 [INFO] PluginManage:310 - Check plugin updater
2024-11-08 15:11:59,844 [INFO] PluginManage:359 - Loaded plugin updater (category:base,tabindex:12)
2024-11-08 15:11:59,845 [INFO] PluginManage:310 - Check plugin userauth
2024-11-08 15:11:59,853 [INFO] UserAuth:113 - Init User Auth plugin
2024-11-08 15:11:59,853 [INFO] PluginManage:359 - Loaded plugin userauth (category:base,tabindex:14)
2024-11-08 15:11:59,854 [INFO] PluginManage:283 - PluginManage : Loaded plugins [18]
2024-11-08 15:12:00,219 [INFO] PinOutPanel:1561 - setPackage(No Configuration,No Configuration)
2024-11-08 15:12:00,360 [INFO] CADModel:165 - CPN selected for project level
2024-11-08 15:12:00,360 [INFO] CADModel:114 - Register for checkConnection events
2024-11-08 15:12:00,389 [INFO] IPUIPlugin:80 - create IPUIPlugin
2024-11-08 15:12:00,389 [INFO] PluginManager:220 - loadIPPluginJar : add adc
2024-11-08 15:12:00,394 [INFO] IPUIPlugin:80 - create IPUIPlugin
2024-11-08 15:12:00,394 [INFO] PluginManager:220 - loadIPPluginJar : add aes
2024-11-08 15:12:00,398 [INFO] IPUIPlugin:80 - create IPUIPlugin
2024-11-08 15:12:00,398 [INFO] PluginManager:220 - loadIPPluginJar : add can
2024-11-08 15:12:00,402 [INFO] IPUIPlugin:80 - create IPUIPlugin
2024-11-08 15:12:00,402 [INFO] PluginManager:220 - loadIPPluginJar : add comp
2024-11-08 15:12:00,406 [INFO] IPUIPlugin:80 - create IPUIPlugin
2024-11-08 15:12:00,406 [INFO] PluginManager:220 - loadIPPluginJar : add cryp
2024-11-08 15:12:00,411 [INFO] IPUIPlugin:80 - create IPUIPlugin
2024-11-08 15:12:00,411 [INFO] PluginManager:220 - loadIPPluginJar : add ddr_ctrl_phy
2024-11-08 15:12:00,416 [INFO] IPUIPlugin:80 - create IPUIPlugin
2024-11-08 15:12:00,416 [INFO] PluginManager:220 - loadIPPluginJar : add dfsdm
2024-11-08 15:12:00,424 [INFO] IPUIPlugin:80 - create IPUIPlugin
2024-11-08 15:12:00,425 [INFO] PluginManager:220 - loadIPPluginJar : add dma
2024-11-08 15:12:00,429 [INFO] IPUIPlugin:80 - create IPUIPlugin
2024-11-08 15:12:00,431 [INFO] PluginManager:220 - loadIPPluginJar : add dma3
2024-11-08 15:12:00,435 [INFO] IPUIPlugin:80 - create IPUIPlugin
2024-11-08 15:12:00,435 [INFO] PluginManager:220 - loadIPPluginJar : add extmemmanager
2024-11-08 15:12:00,437 [INFO] IPUIPlugin:80 - create IPUIPlugin
2024-11-08 15:12:00,438 [INFO] PluginManager:220 - loadIPPluginJar : add fatfs
2024-11-08 15:12:00,444 [INFO] IPUIPlugin:80 - create IPUIPlugin
2024-11-08 15:12:00,445 [INFO] PluginManager:220 - loadIPPluginJar : add fmc
2024-11-08 15:12:00,453 [INFO] IPUIPlugin:80 - create IPUIPlugin
2024-11-08 15:12:00,454 [INFO] PluginManager:220 - loadIPPluginJar : add freertos
2024-11-08 15:12:00,456 [INFO] IPUIPlugin:80 - create IPUIPlugin
2024-11-08 15:12:00,456 [INFO] PluginManager:220 - loadIPPluginJar : add genericplugin
2024-11-08 15:12:00,460 [INFO] IPUIPlugin:80 - create IPUIPlugin
2024-11-08 15:12:00,460 [INFO] PluginManager:220 - loadIPPluginJar : add gfxmmu
2024-11-08 15:12:00,467 [INFO] IPUIPlugin:80 - create IPUIPlugin
2024-11-08 15:12:00,469 [INFO] PluginManager:220 - loadIPPluginJar : add gic
2024-11-08 15:12:00,475 [INFO] IPUIPlugin:80 - create IPUIPlugin
2024-11-08 15:12:00,476 [INFO] PluginManager:220 - loadIPPluginJar : add gpio
2024-11-08 15:12:00,480 [INFO] IPUIPlugin:80 - create IPUIPlugin
2024-11-08 15:12:00,481 [INFO] PluginManager:220 - loadIPPluginJar : add gtzc
2024-11-08 15:12:00,484 [INFO] IPUIPlugin:80 - create IPUIPlugin
2024-11-08 15:12:00,486 [INFO] PluginManager:220 - loadIPPluginJar : add hash
2024-11-08 15:12:00,490 [INFO] IPUIPlugin:80 - create IPUIPlugin
2024-11-08 15:12:00,490 [INFO] PluginManager:220 - loadIPPluginJar : add i2c
2024-11-08 15:12:00,494 [INFO] IPUIPlugin:80 - create IPUIPlugin
2024-11-08 15:12:00,494 [INFO] PluginManager:220 - loadIPPluginJar : add i2s
2024-11-08 15:12:00,498 [INFO] IPUIPlugin:80 - create IPUIPlugin
2024-11-08 15:12:00,498 [INFO] PluginManager:220 - loadIPPluginJar : add i3c
2024-11-08 15:12:00,503 [INFO] IPUIPlugin:80 - create IPUIPlugin
2024-11-08 15:12:00,503 [INFO] PluginManager:220 - loadIPPluginJar : add ipddr
2024-11-08 15:12:00,516 [INFO] IPUIPlugin:80 - create IPUIPlugin
2024-11-08 15:12:00,516 [INFO] PluginManager:220 - loadIPPluginJar : add linkedlist
2024-11-08 15:12:00,520 [INFO] IPUIPlugin:80 - create IPUIPlugin
2024-11-08 15:12:00,520 [INFO] PluginManager:220 - loadIPPluginJar : add lorawan
2024-11-08 15:12:00,523 [INFO] IPUIPlugin:80 - create IPUIPlugin
2024-11-08 15:12:00,523 [INFO] PluginManager:220 - loadIPPluginJar : add ltdc
2024-11-08 15:12:00,532 [INFO] IPUIPlugin:80 - create IPUIPlugin
2024-11-08 15:12:00,532 [INFO] PluginManager:220 - loadIPPluginJar : add mdma
2024-11-08 15:12:00,537 [INFO] IPUIPlugin:80 - create IPUIPlugin
2024-11-08 15:12:00,537 [INFO] PluginManager:220 - loadIPPluginJar : add nvic
2024-11-08 15:12:00,541 [INFO] IPUIPlugin:80 - create IPUIPlugin
2024-11-08 15:12:00,542 [INFO] PluginManager:220 - loadIPPluginJar : add opamp
2024-11-08 15:12:00,546 [INFO] IPUIPlugin:80 - create IPUIPlugin
2024-11-08 15:12:00,546 [INFO] PluginManager:220 - loadIPPluginJar : add openamp
2024-11-08 15:12:00,550 [INFO] IPUIPlugin:80 - create IPUIPlugin
2024-11-08 15:12:00,550 [INFO] PluginManager:220 - loadIPPluginJar : add pdm2pcm
2024-11-08 15:12:00,559 [INFO] IPUIPlugin:80 - create IPUIPlugin
2024-11-08 15:12:00,563 [INFO] PluginManager:220 - loadIPPluginJar : add plateformsettings
2024-11-08 15:12:00,565 [INFO] IPUIPlugin:80 - create IPUIPlugin
2024-11-08 15:12:00,566 [INFO] PluginManager:220 - loadIPPluginJar : add quadspi
2024-11-08 15:12:00,569 [INFO] IPUIPlugin:80 - create IPUIPlugin
2024-11-08 15:12:00,571 [INFO] PluginManager:220 - loadIPPluginJar : add radio
2024-11-08 15:12:00,577 [INFO] IPUIPlugin:80 - create IPUIPlugin
2024-11-08 15:12:00,577 [INFO] PluginManager:220 - loadIPPluginJar : add resmgrutility
2024-11-08 15:12:00,581 [INFO] IPUIPlugin:80 - create IPUIPlugin
2024-11-08 15:12:00,582 [INFO] PluginManager:220 - loadIPPluginJar : add sai
2024-11-08 15:12:00,585 [INFO] IPUIPlugin:80 - create IPUIPlugin
2024-11-08 15:12:00,585 [INFO] PluginManager:220 - loadIPPluginJar : add spi
2024-11-08 15:12:00,596 [INFO] IPUIPlugin:80 - create IPUIPlugin
2024-11-08 15:12:00,596 [INFO] PluginManager:220 - loadIPPluginJar : add stm32_wpan
2024-11-08 15:12:00,599 [INFO] IPUIPlugin:80 - create IPUIPlugin
2024-11-08 15:12:00,599 [INFO] PluginManager:220 - loadIPPluginJar : add tim
2024-11-08 15:12:00,606 [INFO] IPUIPlugin:80 - create IPUIPlugin
2024-11-08 15:12:00,606 [INFO] PluginManager:220 - loadIPPluginJar : add touchsensing
2024-11-08 15:12:00,609 [INFO] IPUIPlugin:80 - create IPUIPlugin
2024-11-08 15:12:00,609 [INFO] PluginManager:220 - loadIPPluginJar : add tracer_emb
2024-11-08 15:12:00,611 [INFO] IPUIPlugin:80 - create IPUIPlugin
2024-11-08 15:12:00,612 [INFO] PluginManager:220 - loadIPPluginJar : add ts
2024-11-08 15:12:00,616 [INFO] IPUIPlugin:80 - create IPUIPlugin
2024-11-08 15:12:00,616 [INFO] PluginManager:220 - loadIPPluginJar : add tsc
2024-11-08 15:12:00,619 [INFO] IPUIPlugin:80 - create IPUIPlugin
2024-11-08 15:12:00,619 [INFO] PluginManager:220 - loadIPPluginJar : add ucpd
2024-11-08 15:12:00,622 [INFO] IPUIPlugin:80 - create IPUIPlugin
2024-11-08 15:12:00,623 [INFO] PluginManager:220 - loadIPPluginJar : add usart
2024-11-08 15:12:00,627 [INFO] IPUIPlugin:80 - create IPUIPlugin
2024-11-08 15:12:00,627 [INFO] PluginManager:220 - loadIPPluginJar : add usbx
2024-11-08 15:12:00,804 [INFO] CADModel:165 - CPN selected for project level
2024-11-08 15:12:00,804 [INFO] CADModel:114 - Register for checkConnection events
2024-11-08 15:12:00,805 [FATAL] Updater:334 - Updater called before beeing initialized
2024-11-08 15:12:00,805 [ERROR] CADModel:125 - Updater not yet initialized, retry later 
2024-11-08 15:12:01,063 [INFO] CADModel:165 - CPN selected for project level
2024-11-08 15:12:01,063 [INFO] CADModel:114 - Register for checkConnection events
2024-11-08 15:12:01,063 [FATAL] Updater:334 - Updater called before beeing initialized
2024-11-08 15:12:01,063 [ERROR] CADModel:125 - Updater not yet initialized, retry later 
2024-11-08 15:12:01,068 [FATAL] Updater:334 - Updater called before beeing initialized
2024-11-08 15:12:01,276 [FATAL] Updater:334 - Updater called before beeing initialized
2024-11-08 15:12:01,283 [INFO] DbMcusAds:53 - JSON generation date=Fri Sep 20 10:04:38 BRT 2024 (1726837478367)
2024-11-08 15:12:01,285 [FATAL] Updater:334 - Updater called before beeing initialized
2024-11-08 15:12:01,346 [WARN] DetailPanel:346 - Failed to get advertising image, set to default
2024-11-08 15:12:01,536 [FATAL] Updater:334 - Updater called before beeing initialized
2024-11-08 15:12:01,538 [FATAL] Updater:334 - Updater called before beeing initialized
2024-11-08 15:12:01,538 [FATAL] Updater:334 - Updater called before beeing initialized
2024-11-08 15:12:01,539 [WARN] DetailPanel:346 - Failed to get advertising image, set to default
2024-11-08 15:12:01,540 [FATAL] Updater:334 - Updater called before beeing initialized
2024-11-08 15:12:01,618 [ERROR] Updater:1164 - MainUpdater not yet initialized. External WinMGr cannot be set.
2024-11-08 15:12:01,623 [INFO] Updater:1100 - Updater Version found : 6.12.1
2024-11-08 15:12:01,659 [INFO] ApplicationProperties:184 - Using Application install path: C:\ST\STM32CubeIDE_1.16.1\STM32CubeIDE\plugins\com.st.stm32cube.common.mx_6.12.1.202409122256
2024-11-08 15:12:02,030 [INFO] MainUpdater:2873 - connection check result : 22
2024-11-08 15:12:02,031 [INFO] MainUpdater:290 - Updater Check For Update Now.
2024-11-08 15:12:02,031 [INFO] MicroXplorer:498 - Change Database Version : DB.6.0.121
2024-11-08 15:12:02,040 [INFO] McuFinderGlobals:63 - Set McuFinder mode to 2 (CubeIDE integrated)
2024-11-08 15:12:02,041 [INFO] UserAuth:417 - Internet connection configuration mode: 2
2024-11-08 15:12:02,052 [INFO] UserAuth:417 - Internet connection configuration mode: 2
2024-11-08 15:12:02,406 [INFO] CheckServerUpdateThread:120 - End of CheckServer Thread
2024-11-08 15:12:02,776 [WARN] PackLoader:240 - Cannot read IP mode file for STMicroelectronics.FP-SNS-MOTENVWB1.1.4.0
2024-11-08 15:12:02,799 [WARN] PackLoader:240 - Cannot read IP mode file for STMicroelectronics.X-CUBE-SMBUS.2.1.0
2024-11-08 15:12:02,819 [WARN] PackLoader:240 - Cannot read IP mode file for STMicroelectronics.X-CUBE-WB05N.1.1.0
2024-11-08 15:12:02,900 [WARN] PackLoader:240 - Cannot read IP mode file for STMicroelectronics.X-CUBE-AZRTOS-F7.1.1.0
2024-11-08 15:12:03,096 [WARN] PackLoader:240 - Cannot read IP mode file for STMicroelectronics.X-CUBE-MEMS1.11.0.0
2024-11-08 15:12:03,854 [WARN] PackLoader:240 - Cannot read IP mode file for STMicroelectronics.FP-SNS-FLIGHT1.5.0.2
2024-11-08 15:12:03,868 [WARN] PackLoader:240 - Cannot read IP mode file for STMicroelectronics.X-CUBE-DISPLAY.3.0.0
2024-11-08 15:12:03,879 [WARN] PackLoader:240 - Cannot read IP mode file for STMicroelectronics.X-CUBE-BLE1.7.0.0
2024-11-08 15:12:03,903 [WARN] PackLoader:240 - Cannot read IP mode file for STMicroelectronics.X-CUBE-NFC10.1.0.0
2024-11-08 15:12:03,914 [WARN] PackLoader:240 - Cannot read IP mode file for emotas.I-CUBE-CANOPEN.1.3.0
2024-11-08 15:12:03,939 [WARN] PackLoader:240 - Cannot read IP mode file for STMicroelectronics.X-CUBE-BLEMGR.3.1.0
2024-11-08 15:12:03,950 [WARN] PackLoader:240 - Cannot read IP mode file for STMicroelectronics.FP-SNS-SMARTAG2.1.2.0
2024-11-08 15:12:03,967 [INFO] LogOutputStream:77 - [STDOUT_REDIRECT] 1 : Invalid condition id : UX_CORESTACK_Condition cause : null
2024-11-08 15:12:03,969 [INFO] LogOutputStream:77 - [STDOUT_REDIRECT] 1 : Invalid condition id : UX_CORESTACK_Condition cause : null
2024-11-08 15:12:03,972 [INFO] LogOutputStream:77 - [STDOUT_REDIRECT] 1 : Invalid condition id : UX_CORESTACK_Condition cause : null
2024-11-08 15:12:03,976 [INFO] LogOutputStream:77 - [STDOUT_REDIRECT] 1 : Invalid condition id : UX_CORESTACK_Condition cause : null
2024-11-08 15:12:03,977 [INFO] LogOutputStream:77 - [STDOUT_REDIRECT] 1 : Invalid condition id : UX_CORESTACK_Condition cause : null
2024-11-08 15:12:03,998 [WARN] PackLoader:240 - Cannot read IP mode file for STMicroelectronics.X-CUBE-AZRTOS-WL.2.0.0
2024-11-08 15:12:04,007 [WARN] PackLoader:240 - Cannot read IP mode file for STMicroelectronics.FP-SNS-MOTENV1.5.0.0
2024-11-08 15:12:04,015 [WARN] PackLoader:240 - Cannot read IP mode file for wolfSSL.I-CUBE-wolfMQTT.1.19.0
2024-11-08 15:12:04,026 [WARN] PackLoader:240 - Cannot read IP mode file for WES.I-CUBE-Cesium.1.3.0
2024-11-08 15:12:04,040 [WARN] PackLoader:240 - Cannot read IP mode file for STMicroelectronics.X-CUBE-BLE2.3.3.0
2024-11-08 15:12:04,047 [WARN] PackLoader:240 - Cannot read IP mode file for STMicroelectronics.X-CUBE-NFC9.1.0.0
2024-11-08 15:12:04,058 [WARN] PackLoader:240 - Cannot read IP mode file for STMicroelectronics.X-CUBE-TCPP.4.1.0
2024-11-08 15:12:04,080 [WARN] PackLoader:240 - Cannot read IP mode file for STMicroelectronics.X-CUBE-AZRTOS-G0.1.1.0
2024-11-08 15:12:04,107 [WARN] PackLoader:240 - Cannot read IP mode file for STMicroelectronics.X-CUBE-SAFEA1.1.2.2
2024-11-08 15:12:04,115 [WARN] PackLoader:240 - Cannot read IP mode file for STMicroelectronics.X-CUBE-NFC4.3.0.0
2024-11-08 15:12:04,135 [WARN] PackLoader:240 - Cannot read IP mode file for EmbeddedOffice.I-CUBE-FS-RTOS.1.0.1
2024-11-08 15:12:04,135 [ERROR] ConditionMgr:805 - Attr not supported : Dmpu
2024-11-08 15:12:04,136 [ERROR] ConditionMgr:805 - Attr not supported : Dmpu
2024-11-08 15:12:04,136 [ERROR] ConditionMgr:805 - Attr not supported : Dmpu
2024-11-08 15:12:04,136 [ERROR] ConditionMgr:805 - Attr not supported : Dmpu
2024-11-08 15:12:04,136 [ERROR] ConditionMgr:805 - Attr not supported : Dmpu
2024-11-08 15:12:04,136 [ERROR] ConditionMgr:805 - Attr not supported : Dmpu
2024-11-08 15:12:04,136 [ERROR] ConditionMgr:805 - Attr not supported : Dmpu
2024-11-08 15:12:04,137 [ERROR] ConditionMgr:805 - Attr not supported : Dmpu
2024-11-08 15:12:04,137 [ERROR] ConditionMgr:805 - Attr not supported : Dmpu
2024-11-08 15:12:04,138 [ERROR] ConditionMgr:805 - Attr not supported : Dmpu
2024-11-08 15:12:04,138 [ERROR] ConditionMgr:805 - Attr not supported : Dmpu
2024-11-08 15:12:04,138 [ERROR] ConditionMgr:805 - Attr not supported : Dmpu
2024-11-08 15:12:04,138 [ERROR] ConditionMgr:805 - Attr not supported : Dmpu
2024-11-08 15:12:04,138 [ERROR] ConditionMgr:805 - Attr not supported : Dmpu
2024-11-08 15:12:04,138 [ERROR] ConditionMgr:805 - Attr not supported : Dmpu
2024-11-08 15:12:04,139 [ERROR] ConditionMgr:805 - Attr not supported : Dmpu
2024-11-08 15:12:04,139 [ERROR] ConditionMgr:805 - Attr not supported : Dmpu
2024-11-08 15:12:04,139 [ERROR] ConditionMgr:805 - Attr not supported : Dmpu
2024-11-08 15:12:04,139 [ERROR] ConditionMgr:805 - Attr not supported : Dmpu
2024-11-08 15:12:04,139 [ERROR] ConditionMgr:805 - Attr not supported : Dmpu
2024-11-08 15:12:04,139 [ERROR] ConditionMgr:805 - Attr not supported : Dmpu
2024-11-08 15:12:04,140 [ERROR] ConditionMgr:805 - Attr not supported : Dmpu
2024-11-08 15:12:04,140 [ERROR] ConditionMgr:805 - Attr not supported : Dmpu
2024-11-08 15:12:04,140 [ERROR] ConditionMgr:805 - Attr not supported : Dmpu
2024-11-08 15:12:04,140 [ERROR] ConditionMgr:805 - Attr not supported : Dmpu
2024-11-08 15:12:04,140 [ERROR] ConditionMgr:805 - Attr not supported : Dmpu
2024-11-08 15:12:04,140 [ERROR] ConditionMgr:805 - Attr not supported : Dmpu
2024-11-08 15:12:04,140 [ERROR] ConditionMgr:805 - Attr not supported : Dmpu
2024-11-08 15:12:04,141 [ERROR] ConditionMgr:805 - Attr not supported : Dmpu
2024-11-08 15:12:04,146 [ERROR] ConditionMgr:805 - Attr not supported : Dmpu
2024-11-08 15:12:04,159 [ERROR] ConditionMgr:805 - Attr not supported : Dmpu
2024-11-08 15:12:04,159 [ERROR] ConditionMgr:805 - Attr not supported : Dmpu
2024-11-08 15:12:04,160 [ERROR] ConditionMgr:805 - Attr not supported : Dmpu
2024-11-08 15:12:04,160 [ERROR] ConditionMgr:805 - Attr not supported : Dmpu
2024-11-08 15:12:04,160 [ERROR] ConditionMgr:805 - Attr not supported : Dmpu
2024-11-08 15:12:04,160 [ERROR] ConditionMgr:805 - Attr not supported : Dmpu
2024-11-08 15:12:04,160 [ERROR] ConditionMgr:805 - Attr not supported : Dmpu
2024-11-08 15:12:04,160 [ERROR] ConditionMgr:805 - Attr not supported : Dmpu
2024-11-08 15:12:04,160 [ERROR] ConditionMgr:805 - Attr not supported : Dmpu
2024-11-08 15:12:04,160 [ERROR] ConditionMgr:805 - Attr not supported : Dmpu
2024-11-08 15:12:04,160 [ERROR] ConditionMgr:805 - Attr not supported : Dmpu
2024-11-08 15:12:04,160 [ERROR] ConditionMgr:805 - Attr not supported : Dmpu
2024-11-08 15:12:04,160 [ERROR] ConditionMgr:805 - Attr not supported : Dmpu
2024-11-08 15:12:04,160 [ERROR] ConditionMgr:805 - Attr not supported : Dmpu
2024-11-08 15:12:04,160 [ERROR] ConditionMgr:805 - Attr not supported : Dmpu
2024-11-08 15:12:04,160 [ERROR] ConditionMgr:805 - Attr not supported : Dmpu
2024-11-08 15:12:04,160 [ERROR] ConditionMgr:805 - Attr not supported : Dmpu
2024-11-08 15:12:04,160 [ERROR] ConditionMgr:805 - Attr not supported : Dmpu
2024-11-08 15:12:04,161 [ERROR] ConditionMgr:805 - Attr not supported : Dmpu
2024-11-08 15:12:04,161 [ERROR] ConditionMgr:805 - Attr not supported : Dmpu
2024-11-08 15:12:04,161 [ERROR] ConditionMgr:805 - Attr not supported : Dmpu
2024-11-08 15:12:04,161 [ERROR] ConditionMgr:805 - Attr not supported : Dmpu
2024-11-08 15:12:04,161 [ERROR] ConditionMgr:805 - Attr not supported : Dmpu
2024-11-08 15:12:04,161 [ERROR] ConditionMgr:805 - Attr not supported : Dmpu
2024-11-08 15:12:04,161 [ERROR] ConditionMgr:805 - Attr not supported : Dmpu
2024-11-08 15:12:04,161 [ERROR] ConditionMgr:805 - Attr not supported : Dmpu
2024-11-08 15:12:04,161 [ERROR] ConditionMgr:805 - Attr not supported : Dmpu
2024-11-08 15:12:04,161 [ERROR] ConditionMgr:805 - Attr not supported : Dmpu
2024-11-08 15:12:04,161 [ERROR] ConditionMgr:805 - Attr not supported : Dmpu
2024-11-08 15:12:04,161 [ERROR] ConditionMgr:805 - Attr not supported : Dmpu
2024-11-08 15:12:04,161 [ERROR] ConditionMgr:805 - Attr not supported : Dmpu
2024-11-08 15:12:04,161 [ERROR] ConditionMgr:805 - Attr not supported : Dmpu
2024-11-08 15:12:04,161 [ERROR] ConditionMgr:805 - Attr not supported : Dmpu
2024-11-08 15:12:04,161 [ERROR] ConditionMgr:805 - Attr not supported : Dmpu
2024-11-08 15:12:04,170 [WARN] PackLoader:240 - Cannot read IP mode file for RealThread.X-CUBE-RT-Thread_Nano.4.1.1
2024-11-08 15:12:04,177 [WARN] PackLoader:240 - Cannot read IP mode file for STMicroelectronics.FP-ATR-SIGFOX1.3.2.0
2024-11-08 15:12:04,187 [WARN] PackLoader:240 - Cannot read IP mode file for STMicroelectronics.X-CUBE-EEPRMA1.5.1.0
2024-11-08 15:12:04,222 [WARN] PackLoader:240 - Cannot read IP mode file for wolfSSL.I-CUBE-wolfSSL.5.7.4
2024-11-08 15:12:04,229 [WARN] PackLoader:240 - Cannot read IP mode file for ITTIA_DB.I-CUBE-ITTIADB.8.9.0
2024-11-08 15:12:04,328 [WARN] PackLoader:240 - Cannot read IP mode file for SEGGER.I-CUBE-embOS.1.3.1
2024-11-08 15:12:04,401 [WARN] PackLoader:240 - Cannot read IP mode file for STMicroelectronics.X-CUBE-ALGOBUILD.1.4.0
2024-11-08 15:12:04,408 [WARN] PackLoader:240 - Cannot read IP mode file for STMicroelectronics.X-CUBE-AI.9.1.0
2024-11-08 15:12:04,438 [WARN] PackLoader:240 - Cannot read IP mode file for STMicroelectronics.X-CUBE-AZRTOS-F4.1.1.0
2024-11-08 15:12:04,446 [WARN] PackLoader:240 - Cannot read IP mode file for STMicroelectronics.X-CUBE-ISPU.2.1.0
2024-11-08 15:12:04,456 [WARN] PackLoader:240 - Cannot read IP mode file for STMicroelectronics.X-CUBE-FREERTOS.1.2.0
2024-11-08 15:12:04,477 [WARN] PackLoader:240 - Cannot read IP mode file for STMicroelectronics.X-CUBE-AZRTOS-L5.2.0.0
2024-11-08 15:12:04,489 [WARN] PackLoader:240 - Cannot read IP mode file for STMicroelectronics.X-CUBE-NFC6.3.1.0
2024-11-08 15:12:04,498 [WARN] PackLoader:240 - Cannot read IP mode file for STMicroelectronics.X-CUBE-DPower.1.2.0
2024-11-08 15:12:04,507 [WARN] PackLoader:240 - Cannot read IP mode file for STMicroelectronics.X-CUBE-NFC7.1.0.1
2024-11-08 15:12:04,533 [WARN] ConditionMgr:438 - getConditionDescription Invalid condition id : LAN8742 Phy interface Condition cause : null
2024-11-08 15:12:04,534 [WARN] PackLoader:240 - Cannot read IP mode file for STMicroelectronics.X-CUBE-AZRTOS-L4.2.0.0
2024-11-08 15:12:04,535 [WARN] ConditionMgr:1039 - genDependencies : Invalid condition id : LAN8742 Phy interface Condition cause : null
2024-11-08 15:12:04,536 [WARN] ConditionMgr:1039 - genDependencies : Invalid condition id : LAN8742 Phy interface Condition cause : null
2024-11-08 15:12:04,536 [WARN] ConditionMgr:1039 - genDependencies : Invalid condition id : LAN8742 Phy interface Condition cause : null
2024-11-08 15:12:04,546 [WARN] PackLoader:240 - Cannot read IP mode file for STMicroelectronics.X-CUBE-SFXS2LP1.4.0.0
2024-11-08 15:12:04,894 [WARN] PackLoader:240 - Cannot read IP mode file for STMicroelectronics.X-CUBE-AZRTOS-H7.3.3.0
2024-11-08 15:12:04,925 [WARN] PackLoader:240 - Cannot read IP mode file for STMicroelectronics.X-CUBE-IPS.3.0.0
2024-11-08 15:12:04,947 [WARN] ConditionMgr:438 - getConditionDescription Invalid condition id : UX DEVICE CLASS RTOS Condition cause : null
2024-11-08 15:12:04,948 [WARN] ConditionMgr:438 - getConditionDescription Invalid condition id : UX DEVICE CLASS RTOS Condition cause : null
2024-11-08 15:12:04,950 [WARN] PackLoader:240 - Cannot read IP mode file for STMicroelectronics.X-CUBE-AZRTOS-WB.2.0.0
2024-11-08 15:12:04,950 [WARN] ConditionMgr:1039 - genDependencies : Invalid condition id : UX DEVICE CLASS RTOS Condition cause : null
2024-11-08 15:12:04,951 [WARN] ConditionMgr:1039 - genDependencies : Invalid condition id : UX DEVICE CLASS RTOS Condition cause : null
2024-11-08 15:12:04,951 [WARN] ConditionMgr:1039 - genDependencies : Invalid condition id : UX DEVICE CLASS RTOS Condition cause : null
2024-11-08 15:12:04,951 [WARN] ConditionMgr:1039 - genDependencies : Invalid condition id : UX DEVICE CLASS RTOS Condition cause : null
2024-11-08 15:12:04,951 [WARN] ConditionMgr:1039 - genDependencies : Invalid condition id : UX DEVICE CLASS RTOS Condition cause : null
2024-11-08 15:12:04,958 [WARN] PackLoader:240 - Cannot read IP mode file for STMicroelectronics.X-CUBE-GNSS1.7.0.0
2024-11-08 15:12:04,968 [WARN] PackLoader:240 - Cannot read IP mode file for STMicroelectronics.FP-SNS-STBOX1.2.0.0
2024-11-08 15:12:04,985 [WARN] PackLoader:240 - Cannot read IP mode file for STMicroelectronics.X-CUBE-SUBG2.5.0.0
2024-11-08 15:12:04,995 [WARN] PackLoader:240 - Cannot read IP mode file for Cesanta.I-CUBE-Mongoose.7.13.0
2024-11-08 15:12:05,014 [WARN] PackLoader:240 - Cannot read IP mode file for STMicroelectronics.X-CUBE-AZRTOS-G4.2.0.0
2024-11-08 15:12:05,021 [WARN] PackLoader:240 - Cannot read IP mode file for STMicroelectronics.X-CUBE-ALS.1.0.2
2024-11-08 15:12:05,030 [WARN] PackLoader:240 - Cannot read IP mode file for STMicroelectronics.X-CUBE-TOUCHGFX.4.24.1
2024-11-08 15:12:05,036 [WARN] PackLoader:240 - Cannot read IP mode file for wolfSSL.I-CUBE-wolfTPM.3.4.0
2024-11-08 15:12:05,043 [WARN] PackLoader:240 - Cannot read IP mode file for portGmbH.I-Cube-SoM-uGOAL.1.1.0
2024-11-08 15:12:05,065 [WARN] PackLoader:240 - Cannot read IP mode file for STMicroelectronics.X-CUBE-AZRTOS-H7RS.1.0.0
2024-11-08 15:12:05,074 [WARN] PackLoader:240 - Cannot read IP mode file for STMicroelectronics.FP-ATR-ASTRA1.2.0.0
2024-11-08 15:12:05,088 [WARN] PackLoader:240 - Cannot read IP mode file for STMicroelectronics.X-CUBE-TOF1.3.4.2
2024-11-08 15:12:05,139 [WARN] PackLoader:240 - Cannot read IP mode file for Infineon.AIROC-Wi-Fi-Bluetooth-STM32.1.6.1
2024-11-08 15:12:05,147 [WARN] PackLoader:240 - Cannot read IP mode file for wolfSSL.I-CUBE-wolfSSH.1.4.17
2024-11-08 15:12:05,148 [INFO] ThirdParty:978 - Integrity check success = true
2024-11-08 15:12:05,148 [INFO] IntegrityCheckThread:100 - exiting critical section [integrity check]
2024-11-08 15:12:05,148 [INFO] IntegrityCheckThread:103 - End integrity checks thread
