2024-11-07 14:00:23,855 [INFO] Activator:176 - 


2024-11-07 14:00:23,858 [INFO] Activator:177 - !SESSION log4j initialized
2024-11-07 14:00:29,921 [INFO] LogOutputStream:77 - [STDOUT_REDIRECT] 
2024-11-07 14:00:33,455 [INFO] ApplicationProperties:184 - Using Application install path: C:\ST\STM32CubeIDE_1.16.1\STM32CubeIDE\plugins\com.st.stm32cube.common.mx_6.12.1.202409122256
2024-11-07 14:00:33,485 [INFO] DbMcusXml:78 - Set database path to: C:\ST\STM32CubeIDE_1.16.1\STM32CubeIDE\plugins\com.st.stm32cube.common.mx_6.12.1.202409122256\\db\/mcu/
2024-11-07 14:00:33,486 [INFO] ApiDb:274 - Set plugin database path to: C:\ST\STM32CubeIDE_1.16.1\STM32CubeIDE\plugins\com.st.stm32cube.common.mx_6.12.1.202409122256\\db\/plugins/boardmanager/
2024-11-07 14:00:33,497 [WARN] ApiDb:259 - Overriding images path with different value:  => C:\ST\STM32CubeIDE_1.16.1\STM32CubeIDE\plugins\com.st.stm32cube.common.mx_6.12.1.202409122256\\db\/plugins/mcufinder/images/
2024-11-07 14:00:33,511 [INFO] ApiDb:250 - Set database path to: C:\Users\tankc\.stmcufinder\plugins\mcufinder//mcu/
2024-11-07 14:00:33,513 [INFO] DbMcusAds:125 - Set database path to: C:\Users\tankc\.stmcufinder\plugins\mcufinder//mcu/
2024-11-07 14:00:33,518 [INFO] CrossReferenceDbSqlite:203 - Set database path to: C:\Users\tankc\.stmcufinder\plugins\mcufinder//mcu/cs/
2024-11-07 14:00:33,812 [INFO] RulesReader:64 - Compatibility file has been processed (297 Rules)
2024-11-07 14:00:33,934 [INFO] DbMcusXml:78 - Set database path to: C:\ST\STM32CubeIDE_1.16.1\STM32CubeIDE\plugins\com.st.stm32cube.common.mx_6.12.1.202409122256\\db\/mcu/
2024-11-07 14:00:33,934 [INFO] ApiDb:274 - Set plugin database path to: C:\ST\STM32CubeIDE_1.16.1\STM32CubeIDE\plugins\com.st.stm32cube.common.mx_6.12.1.202409122256\\db\/plugins/boardmanager/
2024-11-07 14:00:33,935 [INFO] ApiDb:261 - Set plugin images path to: C:\ST\STM32CubeIDE_1.16.1\STM32CubeIDE\plugins\com.st.stm32cube.common.mx_6.12.1.202409122256\\db\/plugins/mcufinder/images/
2024-11-07 14:00:33,935 [WARN] DbFile:41 - Overriding database path with different value: C:\Users\tankc\.stmcufinder\plugins\mcufinder/ => C:\Users\tankc\.stmcufinder\plugins\mcufinder
2024-11-07 14:00:33,936 [INFO] ApiDb:250 - Set database path to: C:\Users\tankc\.stmcufinder\plugins\mcufinder//mcu/
2024-11-07 14:00:33,936 [WARN] DbFile:41 - Overriding database path with different value: C:\Users\tankc\.stmcufinder\plugins\mcufinder/ => C:\Users\tankc\.stmcufinder\plugins\mcufinder
2024-11-07 14:00:33,936 [INFO] DbMcusAds:125 - Set database path to: C:\Users\tankc\.stmcufinder\plugins\mcufinder//mcu/
2024-11-07 14:00:33,936 [WARN] DbFile:41 - Overriding database path with different value: C:\Users\tankc\.stmcufinder\plugins\mcufinder/ => C:\Users\tankc\.stmcufinder\plugins\mcufinder
2024-11-07 14:00:33,936 [WARN] DbFile:41 - Overriding database path with different value: C:\Users\tankc\.stmcufinder\plugins\mcufinder/ => C:\Users\tankc\.stmcufinder\plugins\mcufinder
2024-11-07 14:00:33,936 [INFO] CrossReferenceDbSqlite:203 - Set database path to: C:\Users\tankc\.stmcufinder\plugins\mcufinder//mcu/cs/
2024-11-07 14:00:34,072 [INFO] MainPanel:268 - HeapMemory: 268435456
2024-11-07 14:00:34,241 [INFO] DbMcusXml:78 - Set database path to: C:\ST\STM32CubeIDE_1.16.1\STM32CubeIDE\plugins\com.st.stm32cube.common.mx_6.12.1.202409122256\\db\/mcu/
2024-11-07 14:00:34,241 [INFO] ApiDb:274 - Set plugin database path to: C:\ST\STM32CubeIDE_1.16.1\STM32CubeIDE\plugins\com.st.stm32cube.common.mx_6.12.1.202409122256\\db\/plugins/boardmanager/
2024-11-07 14:00:34,241 [INFO] ApiDb:261 - Set plugin images path to: C:\ST\STM32CubeIDE_1.16.1\STM32CubeIDE\plugins\com.st.stm32cube.common.mx_6.12.1.202409122256\\db\/plugins/mcufinder/images/
2024-11-07 14:00:34,241 [WARN] DbFile:41 - Overriding database path with different value: C:\Users\tankc\.stmcufinder\plugins\mcufinder/ => C:\Users\tankc\.stmcufinder\plugins\mcufinder
2024-11-07 14:00:34,241 [INFO] ApiDb:250 - Set database path to: C:\Users\tankc\.stmcufinder\plugins\mcufinder//mcu/
2024-11-07 14:00:34,242 [WARN] DbFile:41 - Overriding database path with different value: C:\Users\tankc\.stmcufinder\plugins\mcufinder/ => C:\Users\tankc\.stmcufinder\plugins\mcufinder
2024-11-07 14:00:34,242 [INFO] DbMcusAds:125 - Set database path to: C:\Users\tankc\.stmcufinder\plugins\mcufinder//mcu/
2024-11-07 14:00:34,242 [WARN] DbFile:41 - Overriding database path with different value: C:\Users\tankc\.stmcufinder\plugins\mcufinder/ => C:\Users\tankc\.stmcufinder\plugins\mcufinder
2024-11-07 14:00:34,242 [WARN] DbFile:41 - Overriding database path with different value: C:\Users\tankc\.stmcufinder\plugins\mcufinder/ => C:\Users\tankc\.stmcufinder\plugins\mcufinder
2024-11-07 14:00:34,242 [INFO] CrossReferenceDbSqlite:203 - Set database path to: C:\Users\tankc\.stmcufinder\plugins\mcufinder//mcu/cs/
2024-11-07 14:00:34,292 [INFO] ApplicationProperties:184 - Using Application install path: C:\ST\STM32CubeIDE_1.16.1\STM32CubeIDE\plugins\com.st.stm32cube.common.mx_6.12.1.202409122256
2024-11-07 14:00:34,294 [INFO] PluginManage:196 - Search for loadable plugins [exclusion list=, ]
2024-11-07 14:00:34,296 [INFO] PluginManage:310 - Check plugin analytics
2024-11-07 14:00:34,784 [INFO] AnalyticsPlugin:253 - Accepted Software Licenses: STM32CubeMX.6.12.1
2024-11-07 14:00:34,786 [INFO] AnalyticsPlugin:255 - Accepted CMSIS Pack Licenses: 
2024-11-07 14:00:34,786 [INFO] AnalyticsPlugin:257 - Accepted Firmware Licenses: FW.F4.1.28.0,FW.C0.1.2.0
2024-11-07 14:00:34,790 [INFO] PluginManage:359 - Loaded plugin analytics (category:tool,tabindex:-1)
2024-11-07 14:00:34,791 [INFO] PluginManage:310 - Check plugin cadmodel
2024-11-07 14:00:34,799 [INFO] CADModel:105 - Init CAD model plugin
2024-11-07 14:00:34,800 [INFO] PluginManage:359 - Loaded plugin cadmodel (category:power,tabindex:5)
2024-11-07 14:00:34,801 [INFO] PluginManage:310 - Check plugin clock
2024-11-07 14:00:34,814 [INFO] PluginManage:359 - Loaded plugin clock (category:base,tabindex:2)
2024-11-07 14:00:34,815 [INFO] PluginManage:310 - Check plugin ddr
2024-11-07 14:00:34,818 [INFO] PluginManage:359 - Loaded plugin ddr (category:tool,tabindex:6)
2024-11-07 14:00:34,819 [INFO] PluginManage:310 - Check plugin filemanager
2024-11-07 14:00:35,100 [INFO] PluginManage:359 - Loaded plugin filemanager (category:base,tabindex:10)
2024-11-07 14:00:35,101 [INFO] PluginManage:310 - Check plugin ipmanager
2024-11-07 14:00:35,114 [INFO] PluginManage:359 - Loaded plugin ipmanager (category:base,tabindex:5)
2024-11-07 14:00:35,115 [INFO] PluginManage:310 - Check plugin lpbam
2024-11-07 14:00:35,130 [INFO] PluginManage:359 - Loaded plugin lpbam (category:base,tabindex:0)
2024-11-07 14:00:35,131 [INFO] PluginManage:310 - Check plugin memorymap
2024-11-07 14:00:35,155 [INFO] PluginManage:359 - Loaded plugin memorymap (category:base,tabindex:4)
2024-11-07 14:00:35,155 [INFO] PluginManage:310 - Check plugin pinoutandconfiguration
2024-11-07 14:00:35,167 [INFO] PluginManage:359 - Loaded plugin pinoutandconfiguration (category:base,tabindex:1)
2024-11-07 14:00:35,168 [INFO] PluginManage:310 - Check plugin pinoutconfig
2024-11-07 14:00:35,317 [WARN] SupportedApi:132 - Cannot load RTOS API schema: s4s-elt-must-match.1: The content of 'definitions' must match (annotation?, (simpleType | complexType)?, (unique | key | keyref)*)). A problem was found starting at: attribute.
2024-11-07 14:00:35,887 [INFO] PluginManage:359 - Loaded plugin pinoutconfig (category:base,tabindex:0)
2024-11-07 14:00:35,888 [INFO] PluginManage:310 - Check plugin power
2024-11-07 14:00:35,901 [INFO] PluginManage:359 - Loaded plugin power (category:power,tabindex:4)
2024-11-07 14:00:35,901 [INFO] PluginManage:310 - Check plugin projectmanager
2024-11-07 14:00:35,933 [INFO] PluginManage:359 - Loaded plugin projectmanager (category:projectmanager,tabindex:4)
2024-11-07 14:00:35,933 [INFO] PluginManage:310 - Check plugin rif
2024-11-07 14:00:35,941 [INFO] PluginManage:359 - Loaded plugin rif (category:base,tabindex:3)
2024-11-07 14:00:35,941 [INFO] PluginManage:310 - Check plugin thirdparty
2024-11-07 14:00:36,330 [INFO] PluginManage:359 - Loaded plugin thirdparty (category:base,tabindex:-1)
2024-11-07 14:00:36,332 [INFO] PluginManage:310 - Check plugin tools
2024-11-07 14:00:36,335 [INFO] PluginManage:359 - Loaded plugin tools (category:base,tabindex:7)
2024-11-07 14:00:36,335 [INFO] PluginManage:310 - Check plugin tutovideos
2024-11-07 14:00:36,354 [WARN] IntegrityCheckThread:84 - waiting for thirdparty lock release [integrity check]
2024-11-07 14:00:36,366 [INFO] IntegrityCheckThread:86 - entering critical section [integrity check]
2024-11-07 14:00:36,368 [INFO] ThirdPartyUpdaterWithRetryManager:70 - Updater plugin not ready yet. [1/15]
2024-11-07 14:00:36,896 [INFO] PluginManage:359 - Loaded plugin tutovideos (category:base,tabindex:-1)
2024-11-07 14:00:36,896 [INFO] PluginManage:310 - Check plugin updater
2024-11-07 14:00:36,950 [INFO] PluginManage:359 - Loaded plugin updater (category:base,tabindex:12)
2024-11-07 14:00:36,951 [INFO] PluginManage:310 - Check plugin userauth
2024-11-07 14:00:36,958 [INFO] UserAuth:113 - Init User Auth plugin
2024-11-07 14:00:36,958 [INFO] PluginManage:359 - Loaded plugin userauth (category:base,tabindex:14)
2024-11-07 14:00:36,959 [INFO] PluginManage:283 - PluginManage : Loaded plugins [18]
2024-11-07 14:00:37,328 [INFO] PinOutPanel:1561 - setPackage(No Configuration,No Configuration)
2024-11-07 14:00:37,463 [INFO] CADModel:165 - CPN selected for project level
2024-11-07 14:00:37,463 [INFO] CADModel:114 - Register for checkConnection events
2024-11-07 14:00:37,487 [INFO] IPUIPlugin:80 - create IPUIPlugin
2024-11-07 14:00:37,488 [INFO] PluginManager:220 - loadIPPluginJar : add adc
2024-11-07 14:00:37,492 [INFO] IPUIPlugin:80 - create IPUIPlugin
2024-11-07 14:00:37,492 [INFO] PluginManager:220 - loadIPPluginJar : add aes
2024-11-07 14:00:37,496 [INFO] IPUIPlugin:80 - create IPUIPlugin
2024-11-07 14:00:37,498 [INFO] PluginManager:220 - loadIPPluginJar : add can
2024-11-07 14:00:37,500 [INFO] IPUIPlugin:80 - create IPUIPlugin
2024-11-07 14:00:37,500 [INFO] PluginManager:220 - loadIPPluginJar : add comp
2024-11-07 14:00:37,503 [INFO] IPUIPlugin:80 - create IPUIPlugin
2024-11-07 14:00:37,503 [INFO] PluginManager:220 - loadIPPluginJar : add cryp
2024-11-07 14:00:37,506 [INFO] IPUIPlugin:80 - create IPUIPlugin
2024-11-07 14:00:37,507 [INFO] PluginManager:220 - loadIPPluginJar : add ddr_ctrl_phy
2024-11-07 14:00:37,509 [INFO] IPUIPlugin:80 - create IPUIPlugin
2024-11-07 14:00:37,510 [INFO] PluginManager:220 - loadIPPluginJar : add dfsdm
2024-11-07 14:00:37,518 [INFO] IPUIPlugin:80 - create IPUIPlugin
2024-11-07 14:00:37,518 [INFO] PluginManager:220 - loadIPPluginJar : add dma
2024-11-07 14:00:37,522 [INFO] IPUIPlugin:80 - create IPUIPlugin
2024-11-07 14:00:37,522 [INFO] PluginManager:220 - loadIPPluginJar : add dma3
2024-11-07 14:00:37,528 [INFO] IPUIPlugin:80 - create IPUIPlugin
2024-11-07 14:00:37,528 [INFO] PluginManager:220 - loadIPPluginJar : add extmemmanager
2024-11-07 14:00:37,530 [INFO] IPUIPlugin:80 - create IPUIPlugin
2024-11-07 14:00:37,531 [INFO] PluginManager:220 - loadIPPluginJar : add fatfs
2024-11-07 14:00:37,539 [INFO] IPUIPlugin:80 - create IPUIPlugin
2024-11-07 14:00:37,539 [INFO] PluginManager:220 - loadIPPluginJar : add fmc
2024-11-07 14:00:37,547 [INFO] IPUIPlugin:80 - create IPUIPlugin
2024-11-07 14:00:37,548 [INFO] PluginManager:220 - loadIPPluginJar : add freertos
2024-11-07 14:00:37,550 [INFO] IPUIPlugin:80 - create IPUIPlugin
2024-11-07 14:00:37,550 [INFO] PluginManager:220 - loadIPPluginJar : add genericplugin
2024-11-07 14:00:37,554 [INFO] IPUIPlugin:80 - create IPUIPlugin
2024-11-07 14:00:37,554 [INFO] PluginManager:220 - loadIPPluginJar : add gfxmmu
2024-11-07 14:00:37,561 [INFO] IPUIPlugin:80 - create IPUIPlugin
2024-11-07 14:00:37,561 [INFO] PluginManager:220 - loadIPPluginJar : add gic
2024-11-07 14:00:37,566 [INFO] IPUIPlugin:80 - create IPUIPlugin
2024-11-07 14:00:37,566 [INFO] PluginManager:220 - loadIPPluginJar : add gpio
2024-11-07 14:00:37,570 [INFO] IPUIPlugin:80 - create IPUIPlugin
2024-11-07 14:00:37,570 [INFO] PluginManager:220 - loadIPPluginJar : add gtzc
2024-11-07 14:00:37,573 [INFO] IPUIPlugin:80 - create IPUIPlugin
2024-11-07 14:00:37,573 [INFO] PluginManager:220 - loadIPPluginJar : add hash
2024-11-07 14:00:37,577 [INFO] IPUIPlugin:80 - create IPUIPlugin
2024-11-07 14:00:37,578 [INFO] PluginManager:220 - loadIPPluginJar : add i2c
2024-11-07 14:00:37,581 [INFO] IPUIPlugin:80 - create IPUIPlugin
2024-11-07 14:00:37,581 [INFO] PluginManager:220 - loadIPPluginJar : add i2s
2024-11-07 14:00:37,585 [INFO] IPUIPlugin:80 - create IPUIPlugin
2024-11-07 14:00:37,586 [INFO] PluginManager:220 - loadIPPluginJar : add i3c
2024-11-07 14:00:37,592 [INFO] IPUIPlugin:80 - create IPUIPlugin
2024-11-07 14:00:37,592 [INFO] PluginManager:220 - loadIPPluginJar : add ipddr
2024-11-07 14:00:37,602 [INFO] IPUIPlugin:80 - create IPUIPlugin
2024-11-07 14:00:37,603 [INFO] PluginManager:220 - loadIPPluginJar : add linkedlist
2024-11-07 14:00:37,607 [INFO] IPUIPlugin:80 - create IPUIPlugin
2024-11-07 14:00:37,607 [INFO] PluginManager:220 - loadIPPluginJar : add lorawan
2024-11-07 14:00:37,609 [INFO] IPUIPlugin:80 - create IPUIPlugin
2024-11-07 14:00:37,609 [INFO] PluginManager:220 - loadIPPluginJar : add ltdc
2024-11-07 14:00:37,617 [INFO] IPUIPlugin:80 - create IPUIPlugin
2024-11-07 14:00:37,617 [INFO] PluginManager:220 - loadIPPluginJar : add mdma
2024-11-07 14:00:37,623 [INFO] IPUIPlugin:80 - create IPUIPlugin
2024-11-07 14:00:37,623 [INFO] PluginManager:220 - loadIPPluginJar : add nvic
2024-11-07 14:00:37,627 [INFO] IPUIPlugin:80 - create IPUIPlugin
2024-11-07 14:00:37,627 [INFO] PluginManager:220 - loadIPPluginJar : add opamp
2024-11-07 14:00:37,634 [INFO] IPUIPlugin:80 - create IPUIPlugin
2024-11-07 14:00:37,634 [INFO] PluginManager:220 - loadIPPluginJar : add openamp
2024-11-07 14:00:37,638 [INFO] IPUIPlugin:80 - create IPUIPlugin
2024-11-07 14:00:37,638 [INFO] PluginManager:220 - loadIPPluginJar : add pdm2pcm
2024-11-07 14:00:37,645 [INFO] IPUIPlugin:80 - create IPUIPlugin
2024-11-07 14:00:37,649 [INFO] PluginManager:220 - loadIPPluginJar : add plateformsettings
2024-11-07 14:00:37,652 [INFO] IPUIPlugin:80 - create IPUIPlugin
2024-11-07 14:00:37,652 [INFO] PluginManager:220 - loadIPPluginJar : add quadspi
2024-11-07 14:00:37,655 [INFO] IPUIPlugin:80 - create IPUIPlugin
2024-11-07 14:00:37,656 [INFO] PluginManager:220 - loadIPPluginJar : add radio
2024-11-07 14:00:37,661 [INFO] IPUIPlugin:80 - create IPUIPlugin
2024-11-07 14:00:37,661 [INFO] PluginManager:220 - loadIPPluginJar : add resmgrutility
2024-11-07 14:00:37,665 [INFO] IPUIPlugin:80 - create IPUIPlugin
2024-11-07 14:00:37,665 [INFO] PluginManager:220 - loadIPPluginJar : add sai
2024-11-07 14:00:37,672 [INFO] IPUIPlugin:80 - create IPUIPlugin
2024-11-07 14:00:37,672 [INFO] PluginManager:220 - loadIPPluginJar : add spi
2024-11-07 14:00:37,679 [INFO] IPUIPlugin:80 - create IPUIPlugin
2024-11-07 14:00:37,679 [INFO] PluginManager:220 - loadIPPluginJar : add stm32_wpan
2024-11-07 14:00:37,682 [INFO] IPUIPlugin:80 - create IPUIPlugin
2024-11-07 14:00:37,682 [INFO] PluginManager:220 - loadIPPluginJar : add tim
2024-11-07 14:00:37,686 [INFO] IPUIPlugin:80 - create IPUIPlugin
2024-11-07 14:00:37,687 [INFO] PluginManager:220 - loadIPPluginJar : add touchsensing
2024-11-07 14:00:37,689 [INFO] IPUIPlugin:80 - create IPUIPlugin
2024-11-07 14:00:37,689 [INFO] PluginManager:220 - loadIPPluginJar : add tracer_emb
2024-11-07 14:00:37,692 [INFO] IPUIPlugin:80 - create IPUIPlugin
2024-11-07 14:00:37,692 [INFO] PluginManager:220 - loadIPPluginJar : add ts
2024-11-07 14:00:37,694 [INFO] IPUIPlugin:80 - create IPUIPlugin
2024-11-07 14:00:37,694 [INFO] PluginManager:220 - loadIPPluginJar : add tsc
2024-11-07 14:00:37,698 [INFO] IPUIPlugin:80 - create IPUIPlugin
2024-11-07 14:00:37,698 [INFO] PluginManager:220 - loadIPPluginJar : add ucpd
2024-11-07 14:00:37,704 [INFO] IPUIPlugin:80 - create IPUIPlugin
2024-11-07 14:00:37,704 [INFO] PluginManager:220 - loadIPPluginJar : add usart
2024-11-07 14:00:37,708 [INFO] IPUIPlugin:80 - create IPUIPlugin
2024-11-07 14:00:37,708 [INFO] PluginManager:220 - loadIPPluginJar : add usbx
2024-11-07 14:00:37,857 [INFO] CADModel:165 - CPN selected for project level
2024-11-07 14:00:37,857 [INFO] CADModel:114 - Register for checkConnection events
2024-11-07 14:00:37,858 [FATAL] Updater:334 - Updater called before beeing initialized
2024-11-07 14:00:37,858 [ERROR] CADModel:125 - Updater not yet initialized, retry later 
2024-11-07 14:00:38,065 [INFO] CADModel:165 - CPN selected for project level
2024-11-07 14:00:38,065 [INFO] CADModel:114 - Register for checkConnection events
2024-11-07 14:00:38,066 [FATAL] Updater:334 - Updater called before beeing initialized
2024-11-07 14:00:38,066 [ERROR] CADModel:125 - Updater not yet initialized, retry later 
2024-11-07 14:00:38,070 [FATAL] Updater:334 - Updater called before beeing initialized
2024-11-07 14:00:38,275 [FATAL] Updater:334 - Updater called before beeing initialized
2024-11-07 14:00:38,282 [INFO] DbMcusAds:53 - JSON generation date=Fri Sep 20 10:04:38 BRT 2024 (1726837478367)
2024-11-07 14:00:38,282 [FATAL] Updater:334 - Updater called before beeing initialized
2024-11-07 14:00:38,337 [WARN] DetailPanel:346 - Failed to get advertising image, set to default
2024-11-07 14:00:38,483 [FATAL] Updater:334 - Updater called before beeing initialized
2024-11-07 14:00:38,486 [FATAL] Updater:334 - Updater called before beeing initialized
2024-11-07 14:00:38,489 [FATAL] Updater:334 - Updater called before beeing initialized
2024-11-07 14:00:38,489 [WARN] DetailPanel:346 - Failed to get advertising image, set to default
2024-11-07 14:00:38,491 [FATAL] Updater:334 - Updater called before beeing initialized
2024-11-07 14:00:38,568 [ERROR] Updater:1164 - MainUpdater not yet initialized. External WinMGr cannot be set.
2024-11-07 14:00:38,572 [INFO] Updater:1100 - Updater Version found : 6.12.1
2024-11-07 14:00:38,601 [INFO] ApplicationProperties:184 - Using Application install path: C:\ST\STM32CubeIDE_1.16.1\STM32CubeIDE\plugins\com.st.stm32cube.common.mx_6.12.1.202409122256
2024-11-07 14:00:39,237 [INFO] MainUpdater:2873 - connection check result : 10
2024-11-07 14:00:39,239 [INFO] MainUpdater:290 - Updater Check For Update Now.
2024-11-07 14:00:39,239 [INFO] MicroXplorer:498 - Change Database Version : DB.6.0.121
2024-11-07 14:00:39,246 [INFO] McuFinderGlobals:63 - Set McuFinder mode to 2 (CubeIDE integrated)
2024-11-07 14:00:39,248 [INFO] UserAuth:417 - Internet connection configuration mode: 1
2024-11-07 14:00:39,264 [INFO] JxBrowserEngine:152 - Initiate JxBrowser Engine with user profile folder
2024-11-07 14:00:39,518 [WARN] MainUpdater:1194 - Updater busy. Cannot search thirdparties
2024-11-07 14:00:39,518 [INFO] ThirdPartyUpdaterWithRetryManager:96 - Updater plugin is busy. [1/15]
2024-11-07 14:00:39,611 [INFO] CheckServerUpdateThread:120 - End of CheckServer Thread
2024-11-07 14:00:40,290 [INFO] WebApp:167 - Instantiating new browser for Auth
2024-11-07 14:00:41,803 [INFO] WebApp:448 - Apply proxy settings
2024-11-07 14:00:41,803 [INFO] WebApp:533 - Chromium requires no authentication
2024-11-07 14:00:41,817 [INFO] WebApp:476 - Direct internet connection detected
2024-11-07 14:00:41,852 [INFO] WebApp:869 - Register for checkConnection events
2024-11-07 14:00:41,852 [INFO] WebApp:448 - Apply proxy settings
2024-11-07 14:00:41,854 [INFO] WebApp:533 - Chromium requires no authentication
2024-11-07 14:00:41,855 [INFO] WebApp:476 - Direct internet connection detected
2024-11-07 14:00:42,093 [INFO] WebApp:220 - Starting web application
2024-11-07 14:00:42,093 [INFO] WebApp:578 - Web application path used C:\ST\STM32CubeIDE_1.16.1\STM32CubeIDE\plugins\com.st.stm32cube.common.mx_6.12.1.202409122256\db\plugins\mcufinder\reactClient1\index.html
2024-11-07 14:00:42,324 [INFO] UserAuth:417 - Internet connection configuration mode: 1
2024-11-07 14:00:42,875 [WARN] PackLoader:240 - Cannot read IP mode file for STMicroelectronics.FP-SNS-MOTENVWB1.1.4.0
2024-11-07 14:00:42,902 [WARN] PackLoader:240 - Cannot read IP mode file for STMicroelectronics.X-CUBE-SMBUS.2.1.0
2024-11-07 14:00:42,924 [WARN] PackLoader:240 - Cannot read IP mode file for STMicroelectronics.X-CUBE-WB05N.1.1.0
2024-11-07 14:00:42,996 [WARN] PackLoader:240 - Cannot read IP mode file for STMicroelectronics.X-CUBE-AZRTOS-F7.1.1.0
2024-11-07 14:00:43,196 [WARN] PackLoader:240 - Cannot read IP mode file for STMicroelectronics.X-CUBE-MEMS1.11.0.0
2024-11-07 14:00:43,524 [WARN] PackLoader:240 - Cannot read IP mode file for STMicroelectronics.FP-SNS-FLIGHT1.5.0.2
2024-11-07 14:00:43,536 [WARN] PackLoader:240 - Cannot read IP mode file for STMicroelectronics.X-CUBE-DISPLAY.3.0.0
2024-11-07 14:00:43,548 [WARN] PackLoader:240 - Cannot read IP mode file for STMicroelectronics.X-CUBE-BLE1.7.0.0
2024-11-07 14:00:43,571 [WARN] PackLoader:240 - Cannot read IP mode file for STMicroelectronics.X-CUBE-NFC10.1.0.0
2024-11-07 14:00:43,585 [WARN] PackLoader:240 - Cannot read IP mode file for emotas.I-CUBE-CANOPEN.1.3.0
2024-11-07 14:00:43,602 [WARN] PackLoader:240 - Cannot read IP mode file for STMicroelectronics.X-CUBE-BLEMGR.3.1.0
2024-11-07 14:00:43,617 [WARN] PackLoader:240 - Cannot read IP mode file for STMicroelectronics.FP-SNS-SMARTAG2.1.2.0
2024-11-07 14:00:43,631 [INFO] LogOutputStream:77 - [STDOUT_REDIRECT] 1 : Invalid condition id : UX_CORESTACK_Condition cause : null
2024-11-07 14:00:43,633 [INFO] LogOutputStream:77 - [STDOUT_REDIRECT] 1 : Invalid condition id : UX_CORESTACK_Condition cause : null
2024-11-07 14:00:43,635 [INFO] LogOutputStream:77 - [STDOUT_REDIRECT] 1 : Invalid condition id : UX_CORESTACK_Condition cause : null
2024-11-07 14:00:43,639 [INFO] LogOutputStream:77 - [STDOUT_REDIRECT] 1 : Invalid condition id : UX_CORESTACK_Condition cause : null
2024-11-07 14:00:43,640 [INFO] LogOutputStream:77 - [STDOUT_REDIRECT] 1 : Invalid condition id : UX_CORESTACK_Condition cause : null
2024-11-07 14:00:43,682 [WARN] PackLoader:240 - Cannot read IP mode file for STMicroelectronics.X-CUBE-AZRTOS-WL.2.0.0
2024-11-07 14:00:43,703 [WARN] PackLoader:240 - Cannot read IP mode file for STMicroelectronics.FP-SNS-MOTENV1.5.0.0
2024-11-07 14:00:43,711 [WARN] PackLoader:240 - Cannot read IP mode file for wolfSSL.I-CUBE-wolfMQTT.1.19.0
2024-11-07 14:00:43,721 [WARN] PackLoader:240 - Cannot read IP mode file for WES.I-CUBE-Cesium.1.3.0
2024-11-07 14:00:43,727 [WARN] PackLoader:240 - Cannot read IP mode file for STMicroelectronics.X-CUBE-BLE2.3.3.0
2024-11-07 14:00:43,736 [WARN] PackLoader:240 - Cannot read IP mode file for STMicroelectronics.X-CUBE-NFC9.1.0.0
2024-11-07 14:00:43,747 [WARN] PackLoader:240 - Cannot read IP mode file for STMicroelectronics.X-CUBE-TCPP.4.1.0
2024-11-07 14:00:43,773 [WARN] PackLoader:240 - Cannot read IP mode file for STMicroelectronics.X-CUBE-AZRTOS-G0.1.1.0
2024-11-07 14:00:43,786 [WARN] PackLoader:240 - Cannot read IP mode file for STMicroelectronics.X-CUBE-SAFEA1.1.2.2
2024-11-07 14:00:43,798 [WARN] PackLoader:240 - Cannot read IP mode file for STMicroelectronics.X-CUBE-NFC4.3.0.0
2024-11-07 14:00:43,842 [WARN] PackLoader:240 - Cannot read IP mode file for EmbeddedOffice.I-CUBE-FS-RTOS.1.0.1
2024-11-07 14:00:43,843 [ERROR] ConditionMgr:805 - Attr not supported : Dmpu
2024-11-07 14:00:43,843 [ERROR] ConditionMgr:805 - Attr not supported : Dmpu
2024-11-07 14:00:43,844 [ERROR] ConditionMgr:805 - Attr not supported : Dmpu
2024-11-07 14:00:43,844 [ERROR] ConditionMgr:805 - Attr not supported : Dmpu
2024-11-07 14:00:43,844 [ERROR] ConditionMgr:805 - Attr not supported : Dmpu
2024-11-07 14:00:43,845 [ERROR] ConditionMgr:805 - Attr not supported : Dmpu
2024-11-07 14:00:43,845 [ERROR] ConditionMgr:805 - Attr not supported : Dmpu
2024-11-07 14:00:43,845 [ERROR] ConditionMgr:805 - Attr not supported : Dmpu
2024-11-07 14:00:43,845 [ERROR] ConditionMgr:805 - Attr not supported : Dmpu
2024-11-07 14:00:43,845 [ERROR] ConditionMgr:805 - Attr not supported : Dmpu
2024-11-07 14:00:43,845 [ERROR] ConditionMgr:805 - Attr not supported : Dmpu
2024-11-07 14:00:43,846 [ERROR] ConditionMgr:805 - Attr not supported : Dmpu
2024-11-07 14:00:43,857 [ERROR] ConditionMgr:805 - Attr not supported : Dmpu
2024-11-07 14:00:43,857 [ERROR] ConditionMgr:805 - Attr not supported : Dmpu
2024-11-07 14:00:43,857 [ERROR] ConditionMgr:805 - Attr not supported : Dmpu
2024-11-07 14:00:43,857 [ERROR] ConditionMgr:805 - Attr not supported : Dmpu
2024-11-07 14:00:43,857 [ERROR] ConditionMgr:805 - Attr not supported : Dmpu
2024-11-07 14:00:43,858 [ERROR] ConditionMgr:805 - Attr not supported : Dmpu
2024-11-07 14:00:43,858 [ERROR] ConditionMgr:805 - Attr not supported : Dmpu
2024-11-07 14:00:43,864 [ERROR] ConditionMgr:805 - Attr not supported : Dmpu
2024-11-07 14:00:43,879 [ERROR] ConditionMgr:805 - Attr not supported : Dmpu
2024-11-07 14:00:43,879 [ERROR] ConditionMgr:805 - Attr not supported : Dmpu
2024-11-07 14:00:43,879 [ERROR] ConditionMgr:805 - Attr not supported : Dmpu
2024-11-07 14:00:43,879 [ERROR] ConditionMgr:805 - Attr not supported : Dmpu
2024-11-07 14:00:43,879 [ERROR] ConditionMgr:805 - Attr not supported : Dmpu
2024-11-07 14:00:43,879 [ERROR] ConditionMgr:805 - Attr not supported : Dmpu
2024-11-07 14:00:43,880 [ERROR] ConditionMgr:805 - Attr not supported : Dmpu
2024-11-07 14:00:43,880 [ERROR] ConditionMgr:805 - Attr not supported : Dmpu
2024-11-07 14:00:43,880 [ERROR] ConditionMgr:805 - Attr not supported : Dmpu
2024-11-07 14:00:43,880 [ERROR] ConditionMgr:805 - Attr not supported : Dmpu
2024-11-07 14:00:43,880 [ERROR] ConditionMgr:805 - Attr not supported : Dmpu
2024-11-07 14:00:43,880 [ERROR] ConditionMgr:805 - Attr not supported : Dmpu
2024-11-07 14:00:43,880 [ERROR] ConditionMgr:805 - Attr not supported : Dmpu
2024-11-07 14:00:43,880 [ERROR] ConditionMgr:805 - Attr not supported : Dmpu
2024-11-07 14:00:43,880 [ERROR] ConditionMgr:805 - Attr not supported : Dmpu
2024-11-07 14:00:43,880 [ERROR] ConditionMgr:805 - Attr not supported : Dmpu
2024-11-07 14:00:43,881 [ERROR] ConditionMgr:805 - Attr not supported : Dmpu
2024-11-07 14:00:43,881 [ERROR] ConditionMgr:805 - Attr not supported : Dmpu
2024-11-07 14:00:43,881 [ERROR] ConditionMgr:805 - Attr not supported : Dmpu
2024-11-07 14:00:43,881 [ERROR] ConditionMgr:805 - Attr not supported : Dmpu
2024-11-07 14:00:43,881 [ERROR] ConditionMgr:805 - Attr not supported : Dmpu
2024-11-07 14:00:43,881 [ERROR] ConditionMgr:805 - Attr not supported : Dmpu
2024-11-07 14:00:43,881 [ERROR] ConditionMgr:805 - Attr not supported : Dmpu
2024-11-07 14:00:43,881 [ERROR] ConditionMgr:805 - Attr not supported : Dmpu
2024-11-07 14:00:43,881 [ERROR] ConditionMgr:805 - Attr not supported : Dmpu
2024-11-07 14:00:43,881 [ERROR] ConditionMgr:805 - Attr not supported : Dmpu
2024-11-07 14:00:43,882 [ERROR] ConditionMgr:805 - Attr not supported : Dmpu
2024-11-07 14:00:43,882 [ERROR] ConditionMgr:805 - Attr not supported : Dmpu
2024-11-07 14:00:43,882 [ERROR] ConditionMgr:805 - Attr not supported : Dmpu
2024-11-07 14:00:43,882 [ERROR] ConditionMgr:805 - Attr not supported : Dmpu
2024-11-07 14:00:43,882 [ERROR] ConditionMgr:805 - Attr not supported : Dmpu
2024-11-07 14:00:43,882 [ERROR] ConditionMgr:805 - Attr not supported : Dmpu
2024-11-07 14:00:43,882 [ERROR] ConditionMgr:805 - Attr not supported : Dmpu
2024-11-07 14:00:43,882 [ERROR] ConditionMgr:805 - Attr not supported : Dmpu
2024-11-07 14:00:43,882 [ERROR] ConditionMgr:805 - Attr not supported : Dmpu
2024-11-07 14:00:43,882 [ERROR] ConditionMgr:805 - Attr not supported : Dmpu
2024-11-07 14:00:43,883 [ERROR] ConditionMgr:805 - Attr not supported : Dmpu
2024-11-07 14:00:43,883 [ERROR] ConditionMgr:805 - Attr not supported : Dmpu
2024-11-07 14:00:43,883 [ERROR] ConditionMgr:805 - Attr not supported : Dmpu
2024-11-07 14:00:43,883 [ERROR] ConditionMgr:805 - Attr not supported : Dmpu
2024-11-07 14:00:43,883 [ERROR] ConditionMgr:805 - Attr not supported : Dmpu
2024-11-07 14:00:43,883 [ERROR] ConditionMgr:805 - Attr not supported : Dmpu
2024-11-07 14:00:43,883 [ERROR] ConditionMgr:805 - Attr not supported : Dmpu
2024-11-07 14:00:43,883 [ERROR] ConditionMgr:805 - Attr not supported : Dmpu
2024-11-07 14:00:43,892 [WARN] PackLoader:240 - Cannot read IP mode file for RealThread.X-CUBE-RT-Thread_Nano.4.1.1
2024-11-07 14:00:43,901 [WARN] PackLoader:240 - Cannot read IP mode file for STMicroelectronics.FP-ATR-SIGFOX1.3.2.0
2024-11-07 14:00:43,911 [WARN] PackLoader:240 - Cannot read IP mode file for STMicroelectronics.X-CUBE-EEPRMA1.5.1.0
2024-11-07 14:00:43,932 [WARN] PackLoader:240 - Cannot read IP mode file for wolfSSL.I-CUBE-wolfSSL.5.7.4
2024-11-07 14:00:43,939 [WARN] PackLoader:240 - Cannot read IP mode file for ITTIA_DB.I-CUBE-ITTIADB.8.9.0
2024-11-07 14:00:44,072 [WARN] PackLoader:240 - Cannot read IP mode file for SEGGER.I-CUBE-embOS.1.3.1
2024-11-07 14:00:44,182 [WARN] PackLoader:240 - Cannot read IP mode file for STMicroelectronics.X-CUBE-ALGOBUILD.1.4.0
2024-11-07 14:00:44,187 [WARN] PackLoader:240 - Cannot read IP mode file for STMicroelectronics.X-CUBE-AI.9.1.0
2024-11-07 14:00:44,231 [WARN] PackLoader:240 - Cannot read IP mode file for STMicroelectronics.X-CUBE-AZRTOS-F4.1.1.0
2024-11-07 14:00:44,241 [WARN] PackLoader:240 - Cannot read IP mode file for STMicroelectronics.X-CUBE-ISPU.2.1.0
2024-11-07 14:00:44,253 [WARN] PackLoader:240 - Cannot read IP mode file for STMicroelectronics.X-CUBE-FREERTOS.1.2.0
2024-11-07 14:00:44,286 [WARN] PackLoader:240 - Cannot read IP mode file for STMicroelectronics.X-CUBE-AZRTOS-L5.2.0.0
2024-11-07 14:00:44,309 [WARN] PackLoader:240 - Cannot read IP mode file for STMicroelectronics.X-CUBE-NFC6.3.1.0
2024-11-07 14:00:44,323 [WARN] PackLoader:240 - Cannot read IP mode file for STMicroelectronics.X-CUBE-DPower.1.2.0
2024-11-07 14:00:44,339 [WARN] PackLoader:240 - Cannot read IP mode file for STMicroelectronics.X-CUBE-NFC7.1.0.1
2024-11-07 14:00:44,388 [WARN] ConditionMgr:438 - getConditionDescription Invalid condition id : LAN8742 Phy interface Condition cause : null
2024-11-07 14:00:44,389 [WARN] PackLoader:240 - Cannot read IP mode file for STMicroelectronics.X-CUBE-AZRTOS-L4.2.0.0
2024-11-07 14:00:44,391 [WARN] ConditionMgr:1039 - genDependencies : Invalid condition id : LAN8742 Phy interface Condition cause : null
2024-11-07 14:00:44,391 [WARN] ConditionMgr:1039 - genDependencies : Invalid condition id : LAN8742 Phy interface Condition cause : null
2024-11-07 14:00:44,397 [WARN] ConditionMgr:1039 - genDependencies : Invalid condition id : LAN8742 Phy interface Condition cause : null
2024-11-07 14:00:44,417 [WARN] PackLoader:240 - Cannot read IP mode file for STMicroelectronics.X-CUBE-SFXS2LP1.4.0.0
2024-11-07 14:00:44,459 [WARN] PackLoader:240 - Cannot read IP mode file for STMicroelectronics.X-CUBE-AZRTOS-H7.3.3.0
2024-11-07 14:00:44,532 [WARN] PackLoader:240 - Cannot read IP mode file for STMicroelectronics.X-CUBE-IPS.3.0.0
2024-11-07 14:00:44,603 [WARN] ConditionMgr:438 - getConditionDescription Invalid condition id : UX DEVICE CLASS RTOS Condition cause : null
2024-11-07 14:00:44,604 [WARN] ConditionMgr:438 - getConditionDescription Invalid condition id : UX DEVICE CLASS RTOS Condition cause : null
2024-11-07 14:00:44,607 [WARN] PackLoader:240 - Cannot read IP mode file for STMicroelectronics.X-CUBE-AZRTOS-WB.2.0.0
2024-11-07 14:00:44,607 [WARN] ConditionMgr:1039 - genDependencies : Invalid condition id : UX DEVICE CLASS RTOS Condition cause : null
2024-11-07 14:00:44,607 [WARN] ConditionMgr:1039 - genDependencies : Invalid condition id : UX DEVICE CLASS RTOS Condition cause : null
2024-11-07 14:00:44,608 [WARN] ConditionMgr:1039 - genDependencies : Invalid condition id : UX DEVICE CLASS RTOS Condition cause : null
2024-11-07 14:00:44,608 [WARN] ConditionMgr:1039 - genDependencies : Invalid condition id : UX DEVICE CLASS RTOS Condition cause : null
2024-11-07 14:00:44,608 [WARN] ConditionMgr:1039 - genDependencies : Invalid condition id : UX DEVICE CLASS RTOS Condition cause : null
2024-11-07 14:00:44,639 [WARN] PackLoader:240 - Cannot read IP mode file for STMicroelectronics.X-CUBE-GNSS1.7.0.0
2024-11-07 14:00:44,652 [WARN] PackLoader:240 - Cannot read IP mode file for STMicroelectronics.FP-SNS-STBOX1.2.0.0
2024-11-07 14:00:44,675 [WARN] PackLoader:240 - Cannot read IP mode file for STMicroelectronics.X-CUBE-SUBG2.5.0.0
2024-11-07 14:00:44,688 [WARN] PackLoader:240 - Cannot read IP mode file for Cesanta.I-CUBE-Mongoose.7.13.0
2024-11-07 14:00:44,734 [WARN] PackLoader:240 - Cannot read IP mode file for STMicroelectronics.X-CUBE-AZRTOS-G4.2.0.0
2024-11-07 14:00:44,747 [WARN] PackLoader:240 - Cannot read IP mode file for STMicroelectronics.X-CUBE-ALS.1.0.2
2024-11-07 14:00:44,754 [WARN] PackLoader:240 - Cannot read IP mode file for STMicroelectronics.X-CUBE-TOUCHGFX.4.24.1
2024-11-07 14:00:44,759 [WARN] PackLoader:240 - Cannot read IP mode file for wolfSSL.I-CUBE-wolfTPM.3.4.0
2024-11-07 14:00:44,767 [WARN] PackLoader:240 - Cannot read IP mode file for portGmbH.I-Cube-SoM-uGOAL.1.1.0
2024-11-07 14:00:44,792 [WARN] PackLoader:240 - Cannot read IP mode file for STMicroelectronics.X-CUBE-AZRTOS-H7RS.1.0.0
2024-11-07 14:00:44,800 [WARN] PackLoader:240 - Cannot read IP mode file for STMicroelectronics.FP-ATR-ASTRA1.2.0.0
2024-11-07 14:00:44,816 [WARN] PackLoader:240 - Cannot read IP mode file for STMicroelectronics.X-CUBE-TOF1.3.4.2
2024-11-07 14:00:44,867 [WARN] PackLoader:240 - Cannot read IP mode file for Infineon.AIROC-Wi-Fi-Bluetooth-STM32.1.6.1
2024-11-07 14:00:44,875 [WARN] PackLoader:240 - Cannot read IP mode file for wolfSSL.I-CUBE-wolfSSH.1.4.17
2024-11-07 14:00:44,876 [INFO] ThirdParty:978 - Integrity check success = true
2024-11-07 14:00:44,876 [INFO] IntegrityCheckThread:100 - exiting critical section [integrity check]
2024-11-07 14:00:44,876 [INFO] IntegrityCheckThread:103 - End integrity checks thread
2024-11-07 14:00:45,179 [INFO] WebApp:186 - Connection restablished
2024-11-07 14:00:59,332 [INFO] WebApp:189 - Connection lost
2024-11-07 14:01:00,058 [INFO] WebApp:186 - Connection restablished
2024-11-07 14:05:52,497 [INFO] Activator:176 - 


2024-11-07 14:05:52,500 [INFO] Activator:177 - !SESSION log4j initialized
2024-11-07 14:06:01,035 [INFO] LogOutputStream:77 - [STDOUT_REDIRECT] 
2024-11-07 14:06:15,169 [INFO] ApplicationProperties:184 - Using Application install path: C:\ST\STM32CubeIDE_1.16.1\STM32CubeIDE\plugins\com.st.stm32cube.common.mx_6.12.1.202409122256
2024-11-07 14:06:15,189 [INFO] DbMcusXml:78 - Set database path to: C:\ST\STM32CubeIDE_1.16.1\STM32CubeIDE\plugins\com.st.stm32cube.common.mx_6.12.1.202409122256\\db\/mcu/
2024-11-07 14:06:15,190 [INFO] ApiDb:274 - Set plugin database path to: C:\ST\STM32CubeIDE_1.16.1\STM32CubeIDE\plugins\com.st.stm32cube.common.mx_6.12.1.202409122256\\db\/plugins/boardmanager/
2024-11-07 14:06:15,190 [WARN] ApiDb:259 - Overriding images path with different value:  => C:\ST\STM32CubeIDE_1.16.1\STM32CubeIDE\plugins\com.st.stm32cube.common.mx_6.12.1.202409122256\\db\/plugins/mcufinder/images/
2024-11-07 14:06:15,203 [INFO] ApiDb:250 - Set database path to: C:\Users\tankc\.stmcufinder\plugins\mcufinder//mcu/
2024-11-07 14:06:15,205 [INFO] DbMcusAds:125 - Set database path to: C:\Users\tankc\.stmcufinder\plugins\mcufinder//mcu/
2024-11-07 14:06:15,219 [INFO] CrossReferenceDbSqlite:203 - Set database path to: C:\Users\tankc\.stmcufinder\plugins\mcufinder//mcu/cs/
2024-11-07 14:06:15,503 [INFO] RulesReader:64 - Compatibility file has been processed (297 Rules)
2024-11-07 14:06:15,686 [INFO] DbMcusXml:78 - Set database path to: C:\ST\STM32CubeIDE_1.16.1\STM32CubeIDE\plugins\com.st.stm32cube.common.mx_6.12.1.202409122256\\db\/mcu/
2024-11-07 14:06:15,686 [INFO] ApiDb:274 - Set plugin database path to: C:\ST\STM32CubeIDE_1.16.1\STM32CubeIDE\plugins\com.st.stm32cube.common.mx_6.12.1.202409122256\\db\/plugins/boardmanager/
2024-11-07 14:06:15,686 [INFO] ApiDb:261 - Set plugin images path to: C:\ST\STM32CubeIDE_1.16.1\STM32CubeIDE\plugins\com.st.stm32cube.common.mx_6.12.1.202409122256\\db\/plugins/mcufinder/images/
2024-11-07 14:06:15,687 [WARN] DbFile:41 - Overriding database path with different value: C:\Users\tankc\.stmcufinder\plugins\mcufinder/ => C:\Users\tankc\.stmcufinder\plugins\mcufinder
2024-11-07 14:06:15,687 [INFO] ApiDb:250 - Set database path to: C:\Users\tankc\.stmcufinder\plugins\mcufinder//mcu/
2024-11-07 14:06:15,687 [WARN] DbFile:41 - Overriding database path with different value: C:\Users\tankc\.stmcufinder\plugins\mcufinder/ => C:\Users\tankc\.stmcufinder\plugins\mcufinder
2024-11-07 14:06:15,687 [INFO] DbMcusAds:125 - Set database path to: C:\Users\tankc\.stmcufinder\plugins\mcufinder//mcu/
2024-11-07 14:06:15,688 [WARN] DbFile:41 - Overriding database path with different value: C:\Users\tankc\.stmcufinder\plugins\mcufinder/ => C:\Users\tankc\.stmcufinder\plugins\mcufinder
2024-11-07 14:06:15,688 [WARN] DbFile:41 - Overriding database path with different value: C:\Users\tankc\.stmcufinder\plugins\mcufinder/ => C:\Users\tankc\.stmcufinder\plugins\mcufinder
2024-11-07 14:06:15,688 [INFO] CrossReferenceDbSqlite:203 - Set database path to: C:\Users\tankc\.stmcufinder\plugins\mcufinder//mcu/cs/
2024-11-07 14:06:15,835 [INFO] MainPanel:268 - HeapMemory: 487587840
2024-11-07 14:06:15,976 [INFO] DbMcusXml:78 - Set database path to: C:\ST\STM32CubeIDE_1.16.1\STM32CubeIDE\plugins\com.st.stm32cube.common.mx_6.12.1.202409122256\\db\/mcu/
2024-11-07 14:06:15,976 [INFO] ApiDb:274 - Set plugin database path to: C:\ST\STM32CubeIDE_1.16.1\STM32CubeIDE\plugins\com.st.stm32cube.common.mx_6.12.1.202409122256\\db\/plugins/boardmanager/
2024-11-07 14:06:15,976 [INFO] ApiDb:261 - Set plugin images path to: C:\ST\STM32CubeIDE_1.16.1\STM32CubeIDE\plugins\com.st.stm32cube.common.mx_6.12.1.202409122256\\db\/plugins/mcufinder/images/
2024-11-07 14:06:15,977 [WARN] DbFile:41 - Overriding database path with different value: C:\Users\tankc\.stmcufinder\plugins\mcufinder/ => C:\Users\tankc\.stmcufinder\plugins\mcufinder
2024-11-07 14:06:15,977 [INFO] ApiDb:250 - Set database path to: C:\Users\tankc\.stmcufinder\plugins\mcufinder//mcu/
2024-11-07 14:06:15,977 [WARN] DbFile:41 - Overriding database path with different value: C:\Users\tankc\.stmcufinder\plugins\mcufinder/ => C:\Users\tankc\.stmcufinder\plugins\mcufinder
2024-11-07 14:06:15,977 [INFO] DbMcusAds:125 - Set database path to: C:\Users\tankc\.stmcufinder\plugins\mcufinder//mcu/
2024-11-07 14:06:15,977 [WARN] DbFile:41 - Overriding database path with different value: C:\Users\tankc\.stmcufinder\plugins\mcufinder/ => C:\Users\tankc\.stmcufinder\plugins\mcufinder
2024-11-07 14:06:15,977 [WARN] DbFile:41 - Overriding database path with different value: C:\Users\tankc\.stmcufinder\plugins\mcufinder/ => C:\Users\tankc\.stmcufinder\plugins\mcufinder
2024-11-07 14:06:15,977 [INFO] CrossReferenceDbSqlite:203 - Set database path to: C:\Users\tankc\.stmcufinder\plugins\mcufinder//mcu/cs/
2024-11-07 14:06:16,016 [INFO] ApplicationProperties:184 - Using Application install path: C:\ST\STM32CubeIDE_1.16.1\STM32CubeIDE\plugins\com.st.stm32cube.common.mx_6.12.1.202409122256
2024-11-07 14:06:16,022 [INFO] PluginManage:196 - Search for loadable plugins [exclusion list=, ]
2024-11-07 14:06:16,024 [INFO] PluginManage:310 - Check plugin analytics
2024-11-07 14:06:16,429 [INFO] AnalyticsPlugin:253 - Accepted Software Licenses: STM32CubeMX.6.12.1
2024-11-07 14:06:16,429 [INFO] AnalyticsPlugin:255 - Accepted CMSIS Pack Licenses: 
2024-11-07 14:06:16,431 [INFO] AnalyticsPlugin:257 - Accepted Firmware Licenses: FW.F4.1.28.0,FW.C0.1.2.0
2024-11-07 14:06:16,434 [INFO] PluginManage:359 - Loaded plugin analytics (category:tool,tabindex:-1)
2024-11-07 14:06:16,436 [INFO] PluginManage:310 - Check plugin cadmodel
2024-11-07 14:06:16,441 [INFO] CADModel:105 - Init CAD model plugin
2024-11-07 14:06:16,441 [INFO] PluginManage:359 - Loaded plugin cadmodel (category:power,tabindex:5)
2024-11-07 14:06:16,442 [INFO] PluginManage:310 - Check plugin clock
2024-11-07 14:06:16,454 [INFO] PluginManage:359 - Loaded plugin clock (category:base,tabindex:2)
2024-11-07 14:06:16,454 [INFO] PluginManage:310 - Check plugin ddr
2024-11-07 14:06:16,458 [INFO] PluginManage:359 - Loaded plugin ddr (category:tool,tabindex:6)
2024-11-07 14:06:16,459 [INFO] PluginManage:310 - Check plugin filemanager
2024-11-07 14:06:16,901 [INFO] PluginManage:359 - Loaded plugin filemanager (category:base,tabindex:10)
2024-11-07 14:06:16,901 [INFO] PluginManage:310 - Check plugin ipmanager
2024-11-07 14:06:16,915 [INFO] PluginManage:359 - Loaded plugin ipmanager (category:base,tabindex:5)
2024-11-07 14:06:16,915 [INFO] PluginManage:310 - Check plugin lpbam
2024-11-07 14:06:16,929 [INFO] PluginManage:359 - Loaded plugin lpbam (category:base,tabindex:0)
2024-11-07 14:06:16,930 [INFO] PluginManage:310 - Check plugin memorymap
2024-11-07 14:06:16,947 [INFO] PluginManage:359 - Loaded plugin memorymap (category:base,tabindex:4)
2024-11-07 14:06:16,948 [INFO] PluginManage:310 - Check plugin pinoutandconfiguration
2024-11-07 14:06:16,962 [INFO] PluginManage:359 - Loaded plugin pinoutandconfiguration (category:base,tabindex:1)
2024-11-07 14:06:16,962 [INFO] PluginManage:310 - Check plugin pinoutconfig
2024-11-07 14:06:17,205 [WARN] SupportedApi:132 - Cannot load RTOS API schema: s4s-elt-must-match.1: The content of 'definitions' must match (annotation?, (simpleType | complexType)?, (unique | key | keyref)*)). A problem was found starting at: attribute.
2024-11-07 14:06:17,459 [INFO] PluginManage:359 - Loaded plugin pinoutconfig (category:base,tabindex:0)
2024-11-07 14:06:17,460 [INFO] PluginManage:310 - Check plugin power
2024-11-07 14:06:17,474 [INFO] PluginManage:359 - Loaded plugin power (category:power,tabindex:4)
2024-11-07 14:06:17,475 [INFO] PluginManage:310 - Check plugin projectmanager
2024-11-07 14:06:17,523 [INFO] PluginManage:359 - Loaded plugin projectmanager (category:projectmanager,tabindex:4)
2024-11-07 14:06:17,524 [INFO] PluginManage:310 - Check plugin rif
2024-11-07 14:06:17,532 [INFO] PluginManage:359 - Loaded plugin rif (category:base,tabindex:3)
2024-11-07 14:06:17,532 [INFO] PluginManage:310 - Check plugin thirdparty
2024-11-07 14:06:17,838 [INFO] PluginManage:359 - Loaded plugin thirdparty (category:base,tabindex:-1)
2024-11-07 14:06:17,839 [INFO] PluginManage:310 - Check plugin tools
2024-11-07 14:06:17,844 [INFO] PluginManage:359 - Loaded plugin tools (category:base,tabindex:7)
2024-11-07 14:06:17,844 [INFO] PluginManage:310 - Check plugin tutovideos
2024-11-07 14:06:17,850 [WARN] IntegrityCheckThread:84 - waiting for thirdparty lock release [integrity check]
2024-11-07 14:06:17,850 [INFO] IntegrityCheckThread:86 - entering critical section [integrity check]
2024-11-07 14:06:17,905 [INFO] ThirdPartyUpdaterWithRetryManager:70 - Updater plugin not ready yet. [1/15]
2024-11-07 14:06:18,170 [INFO] PluginManage:359 - Loaded plugin tutovideos (category:base,tabindex:-1)
2024-11-07 14:06:18,170 [INFO] PluginManage:310 - Check plugin updater
2024-11-07 14:06:18,229 [INFO] PluginManage:359 - Loaded plugin updater (category:base,tabindex:12)
2024-11-07 14:06:18,229 [INFO] PluginManage:310 - Check plugin userauth
2024-11-07 14:06:18,236 [INFO] UserAuth:113 - Init User Auth plugin
2024-11-07 14:06:18,236 [INFO] PluginManage:359 - Loaded plugin userauth (category:base,tabindex:14)
2024-11-07 14:06:18,237 [INFO] PluginManage:283 - PluginManage : Loaded plugins [18]
2024-11-07 14:06:18,710 [INFO] PinOutPanel:1561 - setPackage(No Configuration,No Configuration)
2024-11-07 14:06:18,847 [INFO] CADModel:165 - CPN selected for project level
2024-11-07 14:06:18,848 [INFO] CADModel:114 - Register for checkConnection events
2024-11-07 14:06:18,875 [INFO] IPUIPlugin:80 - create IPUIPlugin
2024-11-07 14:06:18,876 [INFO] PluginManager:220 - loadIPPluginJar : add adc
2024-11-07 14:06:18,882 [INFO] IPUIPlugin:80 - create IPUIPlugin
2024-11-07 14:06:18,883 [INFO] PluginManager:220 - loadIPPluginJar : add aes
2024-11-07 14:06:18,889 [INFO] IPUIPlugin:80 - create IPUIPlugin
2024-11-07 14:06:18,898 [INFO] PluginManager:220 - loadIPPluginJar : add can
2024-11-07 14:06:18,901 [INFO] IPUIPlugin:80 - create IPUIPlugin
2024-11-07 14:06:18,901 [INFO] PluginManager:220 - loadIPPluginJar : add comp
2024-11-07 14:06:18,904 [INFO] IPUIPlugin:80 - create IPUIPlugin
2024-11-07 14:06:18,904 [INFO] PluginManager:220 - loadIPPluginJar : add cryp
2024-11-07 14:06:18,907 [INFO] IPUIPlugin:80 - create IPUIPlugin
2024-11-07 14:06:18,907 [INFO] PluginManager:220 - loadIPPluginJar : add ddr_ctrl_phy
2024-11-07 14:06:18,911 [INFO] IPUIPlugin:80 - create IPUIPlugin
2024-11-07 14:06:18,911 [INFO] PluginManager:220 - loadIPPluginJar : add dfsdm
2024-11-07 14:06:18,929 [INFO] IPUIPlugin:80 - create IPUIPlugin
2024-11-07 14:06:18,929 [INFO] PluginManager:220 - loadIPPluginJar : add dma
2024-11-07 14:06:18,933 [INFO] IPUIPlugin:80 - create IPUIPlugin
2024-11-07 14:06:18,933 [INFO] PluginManager:220 - loadIPPluginJar : add dma3
2024-11-07 14:06:18,937 [INFO] IPUIPlugin:80 - create IPUIPlugin
2024-11-07 14:06:18,937 [INFO] PluginManager:220 - loadIPPluginJar : add extmemmanager
2024-11-07 14:06:18,939 [INFO] IPUIPlugin:80 - create IPUIPlugin
2024-11-07 14:06:18,939 [INFO] PluginManager:220 - loadIPPluginJar : add fatfs
2024-11-07 14:06:18,946 [INFO] IPUIPlugin:80 - create IPUIPlugin
2024-11-07 14:06:18,946 [INFO] PluginManager:220 - loadIPPluginJar : add fmc
2024-11-07 14:06:18,953 [INFO] IPUIPlugin:80 - create IPUIPlugin
2024-11-07 14:06:18,954 [INFO] PluginManager:220 - loadIPPluginJar : add freertos
2024-11-07 14:06:18,955 [INFO] IPUIPlugin:80 - create IPUIPlugin
2024-11-07 14:06:18,956 [INFO] PluginManager:220 - loadIPPluginJar : add genericplugin
2024-11-07 14:06:18,958 [INFO] IPUIPlugin:80 - create IPUIPlugin
2024-11-07 14:06:18,958 [INFO] PluginManager:220 - loadIPPluginJar : add gfxmmu
2024-11-07 14:06:18,964 [INFO] IPUIPlugin:80 - create IPUIPlugin
2024-11-07 14:06:18,964 [INFO] PluginManager:220 - loadIPPluginJar : add gic
2024-11-07 14:06:18,971 [INFO] IPUIPlugin:80 - create IPUIPlugin
2024-11-07 14:06:18,971 [INFO] PluginManager:220 - loadIPPluginJar : add gpio
2024-11-07 14:06:18,975 [INFO] IPUIPlugin:80 - create IPUIPlugin
2024-11-07 14:06:18,975 [INFO] PluginManager:220 - loadIPPluginJar : add gtzc
2024-11-07 14:06:18,978 [INFO] IPUIPlugin:80 - create IPUIPlugin
2024-11-07 14:06:18,978 [INFO] PluginManager:220 - loadIPPluginJar : add hash
2024-11-07 14:06:18,986 [INFO] IPUIPlugin:80 - create IPUIPlugin
2024-11-07 14:06:18,987 [INFO] PluginManager:220 - loadIPPluginJar : add i2c
2024-11-07 14:06:18,990 [INFO] IPUIPlugin:80 - create IPUIPlugin
2024-11-07 14:06:18,991 [INFO] PluginManager:220 - loadIPPluginJar : add i2s
2024-11-07 14:06:18,995 [INFO] IPUIPlugin:80 - create IPUIPlugin
2024-11-07 14:06:18,995 [INFO] PluginManager:220 - loadIPPluginJar : add i3c
2024-11-07 14:06:18,999 [INFO] IPUIPlugin:80 - create IPUIPlugin
2024-11-07 14:06:19,000 [INFO] PluginManager:220 - loadIPPluginJar : add ipddr
2024-11-07 14:06:19,011 [INFO] IPUIPlugin:80 - create IPUIPlugin
2024-11-07 14:06:19,013 [INFO] PluginManager:220 - loadIPPluginJar : add linkedlist
2024-11-07 14:06:19,019 [INFO] IPUIPlugin:80 - create IPUIPlugin
2024-11-07 14:06:19,020 [INFO] PluginManager:220 - loadIPPluginJar : add lorawan
2024-11-07 14:06:19,021 [INFO] IPUIPlugin:80 - create IPUIPlugin
2024-11-07 14:06:19,022 [INFO] PluginManager:220 - loadIPPluginJar : add ltdc
2024-11-07 14:06:19,033 [INFO] IPUIPlugin:80 - create IPUIPlugin
2024-11-07 14:06:19,034 [INFO] PluginManager:220 - loadIPPluginJar : add mdma
2024-11-07 14:06:19,039 [INFO] IPUIPlugin:80 - create IPUIPlugin
2024-11-07 14:06:19,040 [INFO] PluginManager:220 - loadIPPluginJar : add nvic
2024-11-07 14:06:19,044 [INFO] IPUIPlugin:80 - create IPUIPlugin
2024-11-07 14:06:19,044 [INFO] PluginManager:220 - loadIPPluginJar : add opamp
2024-11-07 14:06:19,048 [INFO] IPUIPlugin:80 - create IPUIPlugin
2024-11-07 14:06:19,049 [INFO] PluginManager:220 - loadIPPluginJar : add openamp
2024-11-07 14:06:19,053 [INFO] IPUIPlugin:80 - create IPUIPlugin
2024-11-07 14:06:19,053 [INFO] PluginManager:220 - loadIPPluginJar : add pdm2pcm
2024-11-07 14:06:19,061 [INFO] IPUIPlugin:80 - create IPUIPlugin
2024-11-07 14:06:19,066 [INFO] PluginManager:220 - loadIPPluginJar : add plateformsettings
2024-11-07 14:06:19,068 [INFO] IPUIPlugin:80 - create IPUIPlugin
2024-11-07 14:06:19,069 [INFO] PluginManager:220 - loadIPPluginJar : add quadspi
2024-11-07 14:06:19,073 [INFO] IPUIPlugin:80 - create IPUIPlugin
2024-11-07 14:06:19,074 [INFO] PluginManager:220 - loadIPPluginJar : add radio
2024-11-07 14:06:19,081 [INFO] IPUIPlugin:80 - create IPUIPlugin
2024-11-07 14:06:19,081 [INFO] PluginManager:220 - loadIPPluginJar : add resmgrutility
2024-11-07 14:06:19,086 [INFO] IPUIPlugin:80 - create IPUIPlugin
2024-11-07 14:06:19,086 [INFO] PluginManager:220 - loadIPPluginJar : add sai
2024-11-07 14:06:19,089 [INFO] IPUIPlugin:80 - create IPUIPlugin
2024-11-07 14:06:19,090 [INFO] PluginManager:220 - loadIPPluginJar : add spi
2024-11-07 14:06:19,099 [INFO] IPUIPlugin:80 - create IPUIPlugin
2024-11-07 14:06:19,099 [INFO] PluginManager:220 - loadIPPluginJar : add stm32_wpan
2024-11-07 14:06:19,102 [INFO] IPUIPlugin:80 - create IPUIPlugin
2024-11-07 14:06:19,102 [INFO] PluginManager:220 - loadIPPluginJar : add tim
2024-11-07 14:06:19,107 [INFO] IPUIPlugin:80 - create IPUIPlugin
2024-11-07 14:06:19,107 [INFO] PluginManager:220 - loadIPPluginJar : add touchsensing
2024-11-07 14:06:19,111 [INFO] IPUIPlugin:80 - create IPUIPlugin
2024-11-07 14:06:19,111 [INFO] PluginManager:220 - loadIPPluginJar : add tracer_emb
2024-11-07 14:06:19,114 [INFO] IPUIPlugin:80 - create IPUIPlugin
2024-11-07 14:06:19,115 [INFO] PluginManager:220 - loadIPPluginJar : add ts
2024-11-07 14:06:19,117 [INFO] IPUIPlugin:80 - create IPUIPlugin
2024-11-07 14:06:19,117 [INFO] PluginManager:220 - loadIPPluginJar : add tsc
2024-11-07 14:06:19,121 [INFO] IPUIPlugin:80 - create IPUIPlugin
2024-11-07 14:06:19,121 [INFO] PluginManager:220 - loadIPPluginJar : add ucpd
2024-11-07 14:06:19,127 [INFO] IPUIPlugin:80 - create IPUIPlugin
2024-11-07 14:06:19,128 [INFO] PluginManager:220 - loadIPPluginJar : add usart
2024-11-07 14:06:19,131 [INFO] IPUIPlugin:80 - create IPUIPlugin
2024-11-07 14:06:19,132 [INFO] PluginManager:220 - loadIPPluginJar : add usbx
2024-11-07 14:06:19,317 [INFO] CADModel:165 - CPN selected for project level
2024-11-07 14:06:19,317 [INFO] CADModel:114 - Register for checkConnection events
2024-11-07 14:06:19,317 [FATAL] Updater:334 - Updater called before beeing initialized
2024-11-07 14:06:19,317 [ERROR] CADModel:125 - Updater not yet initialized, retry later 
2024-11-07 14:06:19,581 [INFO] CADModel:165 - CPN selected for project level
2024-11-07 14:06:19,581 [INFO] CADModel:114 - Register for checkConnection events
2024-11-07 14:06:19,581 [FATAL] Updater:334 - Updater called before beeing initialized
2024-11-07 14:06:19,581 [ERROR] CADModel:125 - Updater not yet initialized, retry later 
2024-11-07 14:06:19,585 [FATAL] Updater:334 - Updater called before beeing initialized
2024-11-07 14:06:19,841 [FATAL] Updater:334 - Updater called before beeing initialized
2024-11-07 14:06:19,854 [INFO] DbMcusAds:53 - JSON generation date=Fri Sep 20 10:04:38 BRT 2024 (1726837478367)
2024-11-07 14:06:19,855 [FATAL] Updater:334 - Updater called before beeing initialized
2024-11-07 14:06:19,939 [WARN] DetailPanel:346 - Failed to get advertising image, set to default
2024-11-07 14:06:20,147 [FATAL] Updater:334 - Updater called before beeing initialized
2024-11-07 14:06:20,150 [FATAL] Updater:334 - Updater called before beeing initialized
2024-11-07 14:06:20,151 [FATAL] Updater:334 - Updater called before beeing initialized
2024-11-07 14:06:20,151 [WARN] DetailPanel:346 - Failed to get advertising image, set to default
2024-11-07 14:06:20,152 [FATAL] Updater:334 - Updater called before beeing initialized
2024-11-07 14:06:20,235 [ERROR] Updater:1164 - MainUpdater not yet initialized. External WinMGr cannot be set.
2024-11-07 14:06:20,245 [INFO] Updater:1100 - Updater Version found : 6.12.1
2024-11-07 14:06:20,268 [INFO] ApplicationProperties:184 - Using Application install path: C:\ST\STM32CubeIDE_1.16.1\STM32CubeIDE\plugins\com.st.stm32cube.common.mx_6.12.1.202409122256
2024-11-07 14:06:20,988 [INFO] MainUpdater:2873 - connection check result : 10
2024-11-07 14:06:20,989 [INFO] MainUpdater:290 - Updater Check For Update Now.
2024-11-07 14:06:20,989 [INFO] MicroXplorer:498 - Change Database Version : DB.6.0.121
2024-11-07 14:06:20,999 [INFO] McuFinderGlobals:63 - Set McuFinder mode to 2 (CubeIDE integrated)
2024-11-07 14:06:21,000 [INFO] UserAuth:417 - Internet connection configuration mode: 1
2024-11-07 14:06:21,029 [INFO] JxBrowserEngine:152 - Initiate JxBrowser Engine with user profile folder
2024-11-07 14:06:21,052 [WARN] MainUpdater:1194 - Updater busy. Cannot search thirdparties
2024-11-07 14:06:21,052 [INFO] ThirdPartyUpdaterWithRetryManager:96 - Updater plugin is busy. [1/15]
2024-11-07 14:06:21,633 [INFO] CheckServerUpdateThread:120 - End of CheckServer Thread
2024-11-07 14:06:22,496 [INFO] WebApp:167 - Instantiating new browser for Auth
2024-11-07 14:06:24,423 [WARN] PackLoader:240 - Cannot read IP mode file for STMicroelectronics.FP-SNS-MOTENVWB1.1.4.0
2024-11-07 14:06:24,447 [WARN] PackLoader:240 - Cannot read IP mode file for STMicroelectronics.X-CUBE-SMBUS.2.1.0
2024-11-07 14:06:24,466 [WARN] PackLoader:240 - Cannot read IP mode file for STMicroelectronics.X-CUBE-WB05N.1.1.0
2024-11-07 14:06:24,590 [WARN] PackLoader:240 - Cannot read IP mode file for STMicroelectronics.X-CUBE-AZRTOS-F7.1.1.0
2024-11-07 14:06:24,847 [WARN] PackLoader:240 - Cannot read IP mode file for STMicroelectronics.X-CUBE-MEMS1.11.0.0
2024-11-07 14:06:25,275 [WARN] PackLoader:240 - Cannot read IP mode file for STMicroelectronics.FP-SNS-FLIGHT1.5.0.2
2024-11-07 14:06:25,293 [WARN] PackLoader:240 - Cannot read IP mode file for STMicroelectronics.X-CUBE-DISPLAY.3.0.0
2024-11-07 14:06:25,319 [WARN] PackLoader:240 - Cannot read IP mode file for STMicroelectronics.X-CUBE-BLE1.7.0.0
2024-11-07 14:06:25,340 [WARN] PackLoader:240 - Cannot read IP mode file for STMicroelectronics.X-CUBE-NFC10.1.0.0
2024-11-07 14:06:25,348 [WARN] PackLoader:240 - Cannot read IP mode file for emotas.I-CUBE-CANOPEN.1.3.0
2024-11-07 14:06:25,383 [WARN] PackLoader:240 - Cannot read IP mode file for STMicroelectronics.X-CUBE-BLEMGR.3.1.0
2024-11-07 14:06:25,393 [WARN] PackLoader:240 - Cannot read IP mode file for STMicroelectronics.FP-SNS-SMARTAG2.1.2.0
2024-11-07 14:06:25,411 [INFO] LogOutputStream:77 - [STDOUT_REDIRECT] 1 : Invalid condition id : UX_CORESTACK_Condition cause : null
2024-11-07 14:06:25,414 [INFO] LogOutputStream:77 - [STDOUT_REDIRECT] 1 : Invalid condition id : UX_CORESTACK_Condition cause : null
2024-11-07 14:06:25,417 [INFO] LogOutputStream:77 - [STDOUT_REDIRECT] 1 : Invalid condition id : UX_CORESTACK_Condition cause : null
2024-11-07 14:06:25,421 [INFO] LogOutputStream:77 - [STDOUT_REDIRECT] 1 : Invalid condition id : UX_CORESTACK_Condition cause : null
2024-11-07 14:06:25,423 [INFO] LogOutputStream:77 - [STDOUT_REDIRECT] 1 : Invalid condition id : UX_CORESTACK_Condition cause : null
2024-11-07 14:06:25,446 [WARN] PackLoader:240 - Cannot read IP mode file for STMicroelectronics.X-CUBE-AZRTOS-WL.2.0.0
2024-11-07 14:06:25,453 [WARN] PackLoader:240 - Cannot read IP mode file for STMicroelectronics.FP-SNS-MOTENV1.5.0.0
2024-11-07 14:06:25,462 [WARN] PackLoader:240 - Cannot read IP mode file for wolfSSL.I-CUBE-wolfMQTT.1.19.0
2024-11-07 14:06:25,488 [WARN] PackLoader:240 - Cannot read IP mode file for WES.I-CUBE-Cesium.1.3.0
2024-11-07 14:06:25,504 [WARN] PackLoader:240 - Cannot read IP mode file for STMicroelectronics.X-CUBE-BLE2.3.3.0
2024-11-07 14:06:25,543 [WARN] PackLoader:240 - Cannot read IP mode file for STMicroelectronics.X-CUBE-NFC9.1.0.0
2024-11-07 14:06:25,564 [WARN] PackLoader:240 - Cannot read IP mode file for STMicroelectronics.X-CUBE-TCPP.4.1.0
2024-11-07 14:06:25,673 [WARN] PackLoader:240 - Cannot read IP mode file for STMicroelectronics.X-CUBE-AZRTOS-G0.1.1.0
2024-11-07 14:06:25,686 [WARN] PackLoader:240 - Cannot read IP mode file for STMicroelectronics.X-CUBE-SAFEA1.1.2.2
2024-11-07 14:06:25,694 [WARN] PackLoader:240 - Cannot read IP mode file for STMicroelectronics.X-CUBE-NFC4.3.0.0
2024-11-07 14:06:25,716 [WARN] PackLoader:240 - Cannot read IP mode file for EmbeddedOffice.I-CUBE-FS-RTOS.1.0.1
2024-11-07 14:06:25,718 [ERROR] ConditionMgr:805 - Attr not supported : Dmpu
2024-11-07 14:06:25,718 [ERROR] ConditionMgr:805 - Attr not supported : Dmpu
2024-11-07 14:06:25,719 [ERROR] ConditionMgr:805 - Attr not supported : Dmpu
2024-11-07 14:06:25,719 [ERROR] ConditionMgr:805 - Attr not supported : Dmpu
2024-11-07 14:06:25,719 [ERROR] ConditionMgr:805 - Attr not supported : Dmpu
2024-11-07 14:06:25,719 [ERROR] ConditionMgr:805 - Attr not supported : Dmpu
2024-11-07 14:06:25,719 [ERROR] ConditionMgr:805 - Attr not supported : Dmpu
2024-11-07 14:06:25,719 [ERROR] ConditionMgr:805 - Attr not supported : Dmpu
2024-11-07 14:06:25,719 [ERROR] ConditionMgr:805 - Attr not supported : Dmpu
2024-11-07 14:06:25,719 [ERROR] ConditionMgr:805 - Attr not supported : Dmpu
2024-11-07 14:06:25,719 [ERROR] ConditionMgr:805 - Attr not supported : Dmpu
2024-11-07 14:06:25,719 [ERROR] ConditionMgr:805 - Attr not supported : Dmpu
2024-11-07 14:06:25,720 [ERROR] ConditionMgr:805 - Attr not supported : Dmpu
2024-11-07 14:06:25,720 [ERROR] ConditionMgr:805 - Attr not supported : Dmpu
2024-11-07 14:06:25,721 [ERROR] ConditionMgr:805 - Attr not supported : Dmpu
2024-11-07 14:06:25,721 [ERROR] ConditionMgr:805 - Attr not supported : Dmpu
2024-11-07 14:06:25,721 [ERROR] ConditionMgr:805 - Attr not supported : Dmpu
2024-11-07 14:06:25,721 [ERROR] ConditionMgr:805 - Attr not supported : Dmpu
2024-11-07 14:06:25,721 [ERROR] ConditionMgr:805 - Attr not supported : Dmpu
2024-11-07 14:06:25,721 [ERROR] ConditionMgr:805 - Attr not supported : Dmpu
2024-11-07 14:06:25,721 [ERROR] ConditionMgr:805 - Attr not supported : Dmpu
2024-11-07 14:06:25,722 [ERROR] ConditionMgr:805 - Attr not supported : Dmpu
2024-11-07 14:06:25,722 [ERROR] ConditionMgr:805 - Attr not supported : Dmpu
2024-11-07 14:06:25,722 [ERROR] ConditionMgr:805 - Attr not supported : Dmpu
2024-11-07 14:06:25,722 [ERROR] ConditionMgr:805 - Attr not supported : Dmpu
2024-11-07 14:06:25,723 [ERROR] ConditionMgr:805 - Attr not supported : Dmpu
2024-11-07 14:06:25,723 [ERROR] ConditionMgr:805 - Attr not supported : Dmpu
2024-11-07 14:06:25,723 [ERROR] ConditionMgr:805 - Attr not supported : Dmpu
2024-11-07 14:06:25,724 [ERROR] ConditionMgr:805 - Attr not supported : Dmpu
2024-11-07 14:06:25,729 [ERROR] ConditionMgr:805 - Attr not supported : Dmpu
2024-11-07 14:06:25,743 [ERROR] ConditionMgr:805 - Attr not supported : Dmpu
2024-11-07 14:06:25,743 [ERROR] ConditionMgr:805 - Attr not supported : Dmpu
2024-11-07 14:06:25,743 [ERROR] ConditionMgr:805 - Attr not supported : Dmpu
2024-11-07 14:06:25,743 [ERROR] ConditionMgr:805 - Attr not supported : Dmpu
2024-11-07 14:06:25,743 [ERROR] ConditionMgr:805 - Attr not supported : Dmpu
2024-11-07 14:06:25,743 [ERROR] ConditionMgr:805 - Attr not supported : Dmpu
2024-11-07 14:06:25,743 [ERROR] ConditionMgr:805 - Attr not supported : Dmpu
2024-11-07 14:06:25,744 [ERROR] ConditionMgr:805 - Attr not supported : Dmpu
2024-11-07 14:06:25,744 [ERROR] ConditionMgr:805 - Attr not supported : Dmpu
2024-11-07 14:06:25,744 [ERROR] ConditionMgr:805 - Attr not supported : Dmpu
2024-11-07 14:06:25,744 [ERROR] ConditionMgr:805 - Attr not supported : Dmpu
2024-11-07 14:06:25,744 [ERROR] ConditionMgr:805 - Attr not supported : Dmpu
2024-11-07 14:06:25,744 [ERROR] ConditionMgr:805 - Attr not supported : Dmpu
2024-11-07 14:06:25,744 [ERROR] ConditionMgr:805 - Attr not supported : Dmpu
2024-11-07 14:06:25,744 [ERROR] ConditionMgr:805 - Attr not supported : Dmpu
2024-11-07 14:06:25,744 [ERROR] ConditionMgr:805 - Attr not supported : Dmpu
2024-11-07 14:06:25,744 [ERROR] ConditionMgr:805 - Attr not supported : Dmpu
2024-11-07 14:06:25,744 [ERROR] ConditionMgr:805 - Attr not supported : Dmpu
2024-11-07 14:06:25,744 [ERROR] ConditionMgr:805 - Attr not supported : Dmpu
2024-11-07 14:06:25,744 [ERROR] ConditionMgr:805 - Attr not supported : Dmpu
2024-11-07 14:06:25,744 [ERROR] ConditionMgr:805 - Attr not supported : Dmpu
2024-11-07 14:06:25,744 [ERROR] ConditionMgr:805 - Attr not supported : Dmpu
2024-11-07 14:06:25,744 [ERROR] ConditionMgr:805 - Attr not supported : Dmpu
2024-11-07 14:06:25,744 [ERROR] ConditionMgr:805 - Attr not supported : Dmpu
2024-11-07 14:06:25,745 [ERROR] ConditionMgr:805 - Attr not supported : Dmpu
2024-11-07 14:06:25,745 [ERROR] ConditionMgr:805 - Attr not supported : Dmpu
2024-11-07 14:06:25,745 [ERROR] ConditionMgr:805 - Attr not supported : Dmpu
2024-11-07 14:06:25,745 [ERROR] ConditionMgr:805 - Attr not supported : Dmpu
2024-11-07 14:06:25,745 [ERROR] ConditionMgr:805 - Attr not supported : Dmpu
2024-11-07 14:06:25,745 [ERROR] ConditionMgr:805 - Attr not supported : Dmpu
2024-11-07 14:06:25,745 [ERROR] ConditionMgr:805 - Attr not supported : Dmpu
2024-11-07 14:06:25,745 [ERROR] ConditionMgr:805 - Attr not supported : Dmpu
2024-11-07 14:06:25,745 [ERROR] ConditionMgr:805 - Attr not supported : Dmpu
2024-11-07 14:06:25,745 [ERROR] ConditionMgr:805 - Attr not supported : Dmpu
2024-11-07 14:06:25,753 [WARN] PackLoader:240 - Cannot read IP mode file for RealThread.X-CUBE-RT-Thread_Nano.4.1.1
2024-11-07 14:06:25,761 [WARN] PackLoader:240 - Cannot read IP mode file for STMicroelectronics.FP-ATR-SIGFOX1.3.2.0
2024-11-07 14:06:25,770 [WARN] PackLoader:240 - Cannot read IP mode file for STMicroelectronics.X-CUBE-EEPRMA1.5.1.0
2024-11-07 14:06:25,777 [WARN] PackLoader:240 - Cannot read IP mode file for wolfSSL.I-CUBE-wolfSSL.5.7.4
2024-11-07 14:06:25,784 [WARN] PackLoader:240 - Cannot read IP mode file for ITTIA_DB.I-CUBE-ITTIADB.8.9.0
2024-11-07 14:06:25,864 [WARN] PackLoader:240 - Cannot read IP mode file for SEGGER.I-CUBE-embOS.1.3.1
2024-11-07 14:06:25,938 [WARN] PackLoader:240 - Cannot read IP mode file for STMicroelectronics.X-CUBE-ALGOBUILD.1.4.0
2024-11-07 14:06:25,946 [WARN] PackLoader:240 - Cannot read IP mode file for STMicroelectronics.X-CUBE-AI.9.1.0
2024-11-07 14:06:25,971 [WARN] PackLoader:240 - Cannot read IP mode file for STMicroelectronics.X-CUBE-AZRTOS-F4.1.1.0
2024-11-07 14:06:25,988 [WARN] PackLoader:240 - Cannot read IP mode file for STMicroelectronics.X-CUBE-ISPU.2.1.0
2024-11-07 14:06:26,001 [WARN] PackLoader:240 - Cannot read IP mode file for STMicroelectronics.X-CUBE-FREERTOS.1.2.0
2024-11-07 14:06:26,032 [WARN] PackLoader:240 - Cannot read IP mode file for STMicroelectronics.X-CUBE-AZRTOS-L5.2.0.0
2024-11-07 14:06:26,046 [WARN] PackLoader:240 - Cannot read IP mode file for STMicroelectronics.X-CUBE-NFC6.3.1.0
2024-11-07 14:06:26,055 [WARN] PackLoader:240 - Cannot read IP mode file for STMicroelectronics.X-CUBE-DPower.1.2.0
2024-11-07 14:06:26,065 [WARN] PackLoader:240 - Cannot read IP mode file for STMicroelectronics.X-CUBE-NFC7.1.0.1
2024-11-07 14:06:26,095 [WARN] ConditionMgr:438 - getConditionDescription Invalid condition id : LAN8742 Phy interface Condition cause : null
2024-11-07 14:06:26,095 [WARN] PackLoader:240 - Cannot read IP mode file for STMicroelectronics.X-CUBE-AZRTOS-L4.2.0.0
2024-11-07 14:06:26,098 [WARN] ConditionMgr:1039 - genDependencies : Invalid condition id : LAN8742 Phy interface Condition cause : null
2024-11-07 14:06:26,098 [WARN] ConditionMgr:1039 - genDependencies : Invalid condition id : LAN8742 Phy interface Condition cause : null
2024-11-07 14:06:26,099 [WARN] ConditionMgr:1039 - genDependencies : Invalid condition id : LAN8742 Phy interface Condition cause : null
2024-11-07 14:06:26,112 [WARN] PackLoader:240 - Cannot read IP mode file for STMicroelectronics.X-CUBE-SFXS2LP1.4.0.0
2024-11-07 14:06:26,168 [WARN] PackLoader:240 - Cannot read IP mode file for STMicroelectronics.X-CUBE-AZRTOS-H7.3.3.0
2024-11-07 14:06:26,200 [WARN] PackLoader:240 - Cannot read IP mode file for STMicroelectronics.X-CUBE-IPS.3.0.0
2024-11-07 14:06:26,227 [WARN] ConditionMgr:438 - getConditionDescription Invalid condition id : UX DEVICE CLASS RTOS Condition cause : null
2024-11-07 14:06:26,227 [WARN] ConditionMgr:438 - getConditionDescription Invalid condition id : UX DEVICE CLASS RTOS Condition cause : null
2024-11-07 14:06:26,229 [WARN] PackLoader:240 - Cannot read IP mode file for STMicroelectronics.X-CUBE-AZRTOS-WB.2.0.0
2024-11-07 14:06:26,230 [WARN] ConditionMgr:1039 - genDependencies : Invalid condition id : UX DEVICE CLASS RTOS Condition cause : null
2024-11-07 14:06:26,230 [WARN] ConditionMgr:1039 - genDependencies : Invalid condition id : UX DEVICE CLASS RTOS Condition cause : null
2024-11-07 14:06:26,230 [WARN] ConditionMgr:1039 - genDependencies : Invalid condition id : UX DEVICE CLASS RTOS Condition cause : null
2024-11-07 14:06:26,231 [WARN] ConditionMgr:1039 - genDependencies : Invalid condition id : UX DEVICE CLASS RTOS Condition cause : null
2024-11-07 14:06:26,231 [WARN] ConditionMgr:1039 - genDependencies : Invalid condition id : UX DEVICE CLASS RTOS Condition cause : null
2024-11-07 14:06:26,249 [WARN] PackLoader:240 - Cannot read IP mode file for STMicroelectronics.X-CUBE-GNSS1.7.0.0
2024-11-07 14:06:26,260 [WARN] PackLoader:240 - Cannot read IP mode file for STMicroelectronics.FP-SNS-STBOX1.2.0.0
2024-11-07 14:06:26,281 [WARN] PackLoader:240 - Cannot read IP mode file for STMicroelectronics.X-CUBE-SUBG2.5.0.0
2024-11-07 14:06:26,292 [WARN] PackLoader:240 - Cannot read IP mode file for Cesanta.I-CUBE-Mongoose.7.13.0
2024-11-07 14:06:26,317 [WARN] PackLoader:240 - Cannot read IP mode file for STMicroelectronics.X-CUBE-AZRTOS-G4.2.0.0
2024-11-07 14:06:26,325 [WARN] PackLoader:240 - Cannot read IP mode file for STMicroelectronics.X-CUBE-ALS.1.0.2
2024-11-07 14:06:26,334 [WARN] PackLoader:240 - Cannot read IP mode file for STMicroelectronics.X-CUBE-TOUCHGFX.4.24.1
2024-11-07 14:06:26,339 [WARN] PackLoader:240 - Cannot read IP mode file for wolfSSL.I-CUBE-wolfTPM.3.4.0
2024-11-07 14:06:26,347 [WARN] PackLoader:240 - Cannot read IP mode file for portGmbH.I-Cube-SoM-uGOAL.1.1.0
2024-11-07 14:06:26,408 [WARN] PackLoader:240 - Cannot read IP mode file for STMicroelectronics.X-CUBE-AZRTOS-H7RS.1.0.0
2024-11-07 14:06:26,417 [WARN] PackLoader:240 - Cannot read IP mode file for STMicroelectronics.FP-ATR-ASTRA1.2.0.0
2024-11-07 14:06:26,433 [WARN] PackLoader:240 - Cannot read IP mode file for STMicroelectronics.X-CUBE-TOF1.3.4.2
2024-11-07 14:06:26,482 [WARN] PackLoader:240 - Cannot read IP mode file for Infineon.AIROC-Wi-Fi-Bluetooth-STM32.1.6.1
2024-11-07 14:06:26,491 [WARN] PackLoader:240 - Cannot read IP mode file for wolfSSL.I-CUBE-wolfSSH.1.4.17
2024-11-07 14:06:26,492 [INFO] ThirdParty:978 - Integrity check success = true
2024-11-07 14:06:26,492 [INFO] IntegrityCheckThread:100 - exiting critical section [integrity check]
2024-11-07 14:06:26,492 [INFO] IntegrityCheckThread:103 - End integrity checks thread
2024-11-07 14:06:26,891 [INFO] WebApp:448 - Apply proxy settings
2024-11-07 14:06:26,891 [INFO] WebApp:533 - Chromium requires no authentication
2024-11-07 14:06:26,909 [INFO] WebApp:476 - Direct internet connection detected
2024-11-07 14:06:26,980 [INFO] WebApp:869 - Register for checkConnection events
2024-11-07 14:06:26,981 [INFO] WebApp:448 - Apply proxy settings
2024-11-07 14:06:26,981 [INFO] WebApp:533 - Chromium requires no authentication
2024-11-07 14:06:26,992 [INFO] WebApp:476 - Direct internet connection detected
2024-11-07 14:06:27,290 [INFO] WebApp:220 - Starting web application
2024-11-07 14:06:27,290 [INFO] WebApp:578 - Web application path used C:\ST\STM32CubeIDE_1.16.1\STM32CubeIDE\plugins\com.st.stm32cube.common.mx_6.12.1.202409122256\db\plugins\mcufinder\reactClient1\index.html
2024-11-07 14:06:27,512 [INFO] UserAuth:417 - Internet connection configuration mode: 1
2024-11-07 14:06:28,740 [INFO] WebApp:186 - Connection restablished
